
Turn 5
================================================================
warning: entity 2 was directed to use 3 halite to move east, but only 0 halite was available
At command 1 of 2:
>>> 1   m 2 e
    2   g


Turn 7
================================================================
warning: entity 4 was directed to use 10 halite to move west, but only 0 halite was available
At command 1 of 2:
>>> 1   m 4 w
    2   g


Turn 9
================================================================
warning: entity 6 was directed to use 8 halite to move west, but only 0 halite was available
At command 2 of 3:
    1   m 0 s
>>> 2   m 6 w
    3   g


Turn 11
================================================================
warning: entity 8 was directed to use 7 halite to move south, but only 0 halite was available
At command 2 of 2:
    1   m 0 s
>>> 2   m 8 s


Turn 15
================================================================
warning: entity 8 was directed to use 5 halite to move east, but only 3 halite was available
At command 2 of 4:
    1   m 0 w
>>> 2   m 8 e
    3   m 6 w
    4   m 4 w


Turn 29
================================================================
warning: entity 2 was directed to use 5 halite to move south, but only 0 halite was available
At command 3 of 3:
    1   m 6 n
    2   m 4 s
>>> 3   m 2 s


Turn 32
================================================================
warning: entity 2 was directed to use 2 halite to move east, but only 1 halite was available
At command 3 of 3:
    1   m 0 n
    2   m 8 n
>>> 3   m 2 e


Turn 35
================================================================
warning: entity 2 was directed to use 9 halite to move east, but only 3 halite was available
At command 5 of 5:
    3   m 8 n
    4   m 0 n
>>> 5   m 2 e


Turn 39
================================================================
warning: entity 8 was directed to use 4 halite to move south, but only 0 halite was available
At command 5 of 5:
    3   m 6 s
    4   m 0 n
>>> 5   m 8 s


Turn 41
================================================================
warning: entity 8 was directed to use 9 halite to move south, but only 8 halite was available
At command 1 of 4:
>>> 1   m 8 s
    2   m 0 n
    3   m 6 s


Turn 44
================================================================
warning: entity 0 was directed to use 2 halite to move east, but only 0 halite was available
At command 2 of 3:
    1   m 6 s
>>> 2   m 0 e
    3   m 8 e


Turn 46
================================================================
warning: entity 0 was directed to use 8 halite to move east, but only 5 halite was available
At command 3 of 4:
    1   m 4 n
    2   m 8 e
>>> 3   m 0 e
    4   m 6 s

warning: entity 6 was directed to use 3 halite to move south, but only 0 halite was available
At command 4 of 4:
    2   m 8 e
    3   m 0 e
>>> 4   m 6 s


Turn 48
================================================================
warning: entity 6 was directed to use 7 halite to move south, but only 6 halite was available
At command 2 of 3:
    1   m 2 s
>>> 2   m 6 s
    3   m 4 n


Turn 53
================================================================
warning: entity 4 was directed to use 2 halite to move south, but only 0 halite was available
At command 2 of 2:
    1   m 6 e
>>> 2   m 4 s


Turn 55
================================================================
warning: entity 6 was directed to use 9 halite to move south, but only 5 halite was available
At command 3 of 3:
    1   m 2 n
    2   m 4 s
>>> 3   m 6 s


Turn 56
================================================================
warning: entity 4 was directed to use 2 halite to move south, but only 0 halite was available
At command 5 of 5:
    3   m 6 s
    4   m 2 n
>>> 5   m 4 s


Turn 61
================================================================
warning: entity 4 was directed to use 7 halite to move east, but only 0 halite was available
At command 2 of 3:
    1   m 0 n
>>> 2   m 4 e
    3   m 2 n


Turn 64
================================================================
warning: entity 4 was directed to use 9 halite to move south, but only 7 halite was available
At command 4 of 4:
    2   m 6 e
    3   m 2 w
>>> 4   m 4 s


Turn 66
================================================================
warning: entity 2 was directed to use 2 halite to move west, but only 0 halite was available
At command 4 of 4:
    2   m 8 n
    3   m 4 e
>>> 4   m 2 w


Turn 75
================================================================
warning: entity 8 was directed to use 2 halite to move west, but only 0 halite was available
At command 1 of 4:
>>> 1   m 8 w
    2   m 0 s
    3   m 6 w


Turn 77
================================================================
warning: entity 8 was directed to use 9 halite to move west, but only 4 halite was available
At command 1 of 4:
>>> 1   m 8 w
    2   m 0 n
    3   m 6 n

warning: entity 0 was directed to use 3 halite to move north, but only 0 halite was available
At command 2 of 4:
    1   m 8 w
>>> 2   m 0 n
    3   m 6 n
    4   m 4 n


Turn 80
================================================================
warning: entity 0 was directed to use 9 halite to move west, but only 7 halite was available
At command 1 of 4:
>>> 1   m 0 w
    2   m 8 w
    3   m 4 n


Turn 84
================================================================
warning: entity 4 was directed to use 2 halite to move west, but only 0 halite was available
At command 4 of 4:
    2   m 0 n
    3   m 6 n
>>> 4   m 4 w


Turn 85
================================================================
warning: entity 0 was directed to use 4 halite to move north, but only 1 halite was available
At command 4 of 4:
    2   m 4 w
    3   m 6 n
>>> 4   m 0 n


Turn 86
================================================================
warning: entity 4 was directed to use 7 halite to move north, but only 5 halite was available
At command 3 of 4:
    1   m 0 n
    2   m 2 s
>>> 3   m 4 n
    4   m 6 n


Turn 88
================================================================
warning: entity 0 was directed to use 4 halite to move north, but only 1 halite was available
At command 1 of 4:
>>> 1   m 0 n
    2   m 4 n
    3   m 2 e

warning: entity 6 was directed to use 2 halite to move west, but only 0 halite was available
At command 4 of 4:
    2   m 4 n
    3   m 2 e
>>> 4   m 6 w


Turn 90
================================================================
warning: entity 6 was directed to use 5 halite to move north, but only 4 halite was available
At command 3 of 4:
    1   m 0 n
    2   m 8 w
>>> 3   m 6 n
    4   m 2 e


Turn 93
================================================================
warning: entity 6 was directed to use 9 halite to move west, but only 8 halite was available
At command 1 of 3:
>>> 1   m 6 w
    2   m 4 n
    3   m 2 n


Turn 94
================================================================
warning: entity 2 was directed to use 1 halite to move west, but only 0 halite was available
At command 3 of 3:
    1   m 6 w
    2   m 4 w
>>> 3   m 2 w


Turn 96
================================================================
warning: entity 2 was directed to use 4 halite to move west, but only 3 halite was available
At command 2 of 3:
    1   m 8 n
>>> 2   m 2 w
    3   m 6 n


Turn 98
================================================================
warning: entity 6 was directed to use 8 halite to move north, but only 6 halite was available
At command 3 of 3:
    1   m 8 n
    2   m 2 n
>>> 3   m 6 n


Turn 99
================================================================
warning: entity 2 was directed to use 8 halite to move west, but only 3 halite was available
At command 3 of 3:
    1   m 4 n
    2   m 6 n
>>> 3   m 2 w


Turn 117
================================================================
warning: entity 0 was directed to use 1 halite to move east, but only 0 halite was available
At command 3 of 4:
    1   m 6 s
    2   m 4 s
>>> 3   m 0 e
    4   m 8 s


Turn 120
================================================================
warning: entity 0 was directed to use 9 halite to move north, but only 0 halite was available
At command 3 of 4:
    1   m 6 s
    2   m 8 e
>>> 3   m 0 n
    4   m 4 e


Turn 124
================================================================
warning: entity 8 was directed to use 2 halite to move east, but only 0 halite was available
At command 1 of 4:
>>> 1   m 8 e
    2   m 4 s
    3   m 2 e


Turn 126
================================================================
warning: entity 8 was directed to use 6 halite to move south, but only 4 halite was available
At command 2 of 4:
    1   m 6 e
>>> 2   m 8 s
    3   m 4 w
    4   m 2 s


Turn 127
================================================================
warning: entity 4 was directed to use 3 halite to move west, but only 0 halite was available
At command 3 of 4:
    1   m 8 s
    2   m 6 s
>>> 3   m 4 w
    4   m 2 s


Turn 129
================================================================
warning: entity 8 was directed to use 9 halite to move east, but only 7 halite was available
At command 1 of 5:
>>> 1   m 8 e
    2   m 0 e
    3   m 4 n

warning: entity 4 was directed to use 8 halite to move north, but only 6 halite was available
At command 3 of 5:
    1   m 8 e
    2   m 0 e
>>> 3   m 4 n
    4   m 6 w
    5   m 2 e


Turn 131
================================================================
warning: entity 6 was directed to use 1 halite to move south, but only 0 halite was available
At command 3 of 5:
    1   m 8 e
    2   m 0 n
>>> 3   m 6 s
    4   m 4 n
    5   m 2 s


Turn 133
================================================================
warning: entity 6 was directed to use 5 halite to move south, but only 4 halite was available
At command 3 of 5:
    1   m 8 s
    2   m 0 n
>>> 3   m 6 s
    4   m 4 n
    5   m 2 s


Turn 136
================================================================
warning: entity 4 was directed to use 7 halite to move north, but only 5 halite was available
At command 3 of 3:
    1   m 6 s
    2   m 2 e
>>> 3   m 4 n


Turn 141
================================================================
warning: entity 2 was directed to use 3 halite to move north, but only 0 halite was available
At command 3 of 3:
    1   m 4 n
    2   m 8 s
>>> 3   m 2 n


Turn 163
================================================================
warning: entity 0 was directed to use 2 halite to move east, but only 0 halite was available
At command 2 of 4:
    1   m 8 n
>>> 2   m 0 e
    3   m 4 s
    4   m 6 n


Turn 165
================================================================
warning: entity 0 was directed to use 8 halite to move north, but only 5 halite was available
At command 1 of 4:
>>> 1   m 0 n
    2   m 8 e
    3   m 4 s


Turn 167
================================================================
warning: entity 8 was directed to use 4 halite to move north, but only 2 halite was available
At command 3 of 5:
    1   m 2 n
    2   m 0 n
>>> 3   m 8 n
    4   m 6 n
    5   m 4 s


Turn 171
================================================================
warning: entity 8 was directed to use 1 halite to move north, but only 0 halite was available
At command 3 of 5:
    1   m 2 w
    2   m 0 e
>>> 3   m 8 n
    4   m 4 e
    5   m 6 n


Turn 172
================================================================
warning: entity 0 was directed to use 9 halite to move east, but only 5 halite was available
At command 1 of 5:
>>> 1   m 0 e
    2   m 8 n
    3   m 2 s

warning: entity 4 was directed to use 1 halite to move east, but only 0 halite was available
At command 5 of 5:
    3   m 2 s
    4   m 6 n
>>> 5   m 4 e


Turn 174
================================================================
warning: entity 4 was directed to use 6 halite to move north, but only 3 halite was available
At command 1 of 5:
>>> 1   m 4 n
    2   m 8 n
    3   m 0 n

warning: entity 8 was directed to use 7 halite to move north, but only 1 halite was available
At command 2 of 5:
    1   m 4 n
>>> 2   m 8 n
    3   m 0 n
    4   m 2 s

warning: entity 6 was directed to use 1 halite to move north, but only 0 halite was available
At command 5 of 5:
    3   m 0 n
    4   m 2 s
>>> 5   m 6 n


Turn 176
================================================================
warning: entity 6 was directed to use 5 halite to move north, but only 3 halite was available
At command 5 of 5:
    3   m 4 n
    4   m 2 s
>>> 5   m 6 n


Turn 177
================================================================
warning: entity 0 was directed to use 7 halite to move north, but only 0 halite was available
At command 3 of 5:
    1   m 6 n
    2   m 8 n
>>> 3   m 0 n
    4   m 4 e
    5   m 2 s


Turn 178
================================================================
warning: entity 8 was directed to use 6 halite to move north, but only 0 halite was available
At command 1 of 4:
>>> 1   m 8 n
    2   m 0 n
    3   m 4 n


Turn 181
================================================================
warning: entity 4 was directed to use 7 halite to move east, but only 0 halite was available
At command 5 of 5:
    3   m 6 n
    4   m 2 w
>>> 5   m 4 e


Turn 184
================================================================
warning: entity 4 was directed to use 5 halite to move north, but only 4 halite was available
At command 3 of 3:
    1   m 2 w
    2   m 6 e
>>> 3   m 4 n


Turn 188
================================================================
warning: entity 4 was directed to use 9 halite to move north, but only 2 halite was available
At command 1 of 2:
>>> 1   m 4 n
    2   m 2 e

warning: entity 2 was directed to use 1 halite to move east, but only 0 halite was available
At command 2 of 2:
    1   m 4 n
>>> 2   m 2 e


Turn 191
================================================================
warning: entity 2 was directed to use 8 halite to move north, but only 0 halite was available
At command 2 of 2:
    1   m 0 n
>>> 2   m 2 n


Turn 197
================================================================
warning: entity 2 was directed to use 8 halite to move north, but only 7 halite was available
At command 3 of 3:
    1   m 8 s
    2   m 6 s
>>> 3   m 2 n


Turn 207
================================================================
warning: entity 6 was directed to use 1 halite to move south, but only 0 halite was available
At command 3 of 4:
    1   m 8 s
    2   m 0 s
>>> 3   m 6 s
    4   m 4 s


Turn 210
================================================================
warning: entity 6 was directed to use 1 halite to move south, but only 0 halite was available
At command 3 of 5:
    1   m 2 e
    2   m 4 s
>>> 3   m 6 s
    4   m 0 s
    5   m 8 s


Turn 213
================================================================
warning: entity 8 was directed to use 3 halite to move south, but only 0 halite was available
At command 4 of 5:
    2   m 6 s
    3   m 0 w
>>> 4   m 8 s
    5   m 4 w


Turn 214
================================================================
warning: entity 6 was directed to use 5 halite to move north, but only 3 halite was available
At command 4 of 5:
    2   m 8 s
    3   m 2 w
>>> 4   m 6 n
    5   m 4 w


Turn 216
================================================================
warning: entity 0 was directed to use 2 halite to move south, but only 0 halite was available
At command 4 of 5:
    2   m 2 w
    3   m 6 s
>>> 4   m 0 s
    5   m 8 s


Turn 218
================================================================
warning: entity 6 was directed to use 8 halite to move south, but only 4 halite was available
At command 3 of 5:
    1   m 0 s
    2   m 8 s
>>> 3   m 6 s
    4   m 2 s
    5   m 4 n


Turn 219
================================================================
warning: entity 8 was directed to use 7 halite to move south, but only 3 halite was available
At command 2 of 5:
    1   m 6 s
>>> 2   m 8 s
    3   m 0 s
    4   m 4 n


Turn 222
================================================================
warning: entity 4 was directed to use 7 halite to move north, but only 0 halite was available
At command 1 of 4:
>>> 1   m 4 n
    2   m 2 s
    3   m 0 s

warning: entity 0 was directed to use 5 halite to move south, but only 1 halite was available
At command 3 of 4:
    1   m 4 n
    2   m 2 s
>>> 3   m 0 s
    4   m 8 s


Turn 224
================================================================
warning: entity 8 was directed to use 4 halite to move west, but only 3 halite was available
At command 5 of 5:
    3   m 2 s
    4   m 0 s
>>> 5   m 8 w


Turn 226
================================================================
warning: entity 0 was directed to use 5 halite to move south, but only 2 halite was available
At command 2 of 4:
    1   m 8 s
>>> 2   m 0 s
    3   m 2 s
    4   m 4 w

warning: entity 4 was directed to use 8 halite to move west, but only 0 halite was available
At command 4 of 4:
    2   m 0 s
    3   m 2 s
>>> 4   m 4 w


Turn 227
================================================================
warning: entity 8 was directed to use 9 halite to move west, but only 4 halite was available
At command 1 of 4:
>>> 1   m 8 w
    2   m 0 s
    3   m 4 n


Turn 230
================================================================
warning: entity 0 was directed to use 3 halite to move west, but only 2 halite was available
At command 1 of 4:
>>> 1   m 0 w
    2   m 6 n
    3   m 4 n


Turn 231
================================================================
warning: entity 4 was directed to use 8 halite to move north, but only 7 halite was available
At command 4 of 5:
    2   m 8 s
    3   m 6 e
>>> 4   m 4 n
    5   m 2 w


Turn 232
================================================================
warning: entity 2 was directed to use 5 halite to move north, but only 0 halite was available
At command 3 of 3:
    1   m 4 n
    2   m 0 w
>>> 3   m 2 n


Turn 233
================================================================
warning: entity 0 was directed to use 7 halite to move south, but only 2 halite was available
At command 1 of 3:
>>> 1   m 0 s
    2   m 2 n
    3   m 4 w


Turn 235
================================================================
warning: entity 2 was directed to use 8 halite to move west, but only 4 halite was available
At command 3 of 3:
    1   m 0 w
    2   m 8 s
>>> 3   m 2 w


Turn 236
================================================================
warning: entity 0 was directed to use 9 halite to move south, but only 7 halite was available
At command 3 of 3:
    1   m 6 n
    2   m 2 w
>>> 3   m 0 s


Turn 243
================================================================
warning: entity 2 was directed to use 7 halite to move west, but only 5 halite was available
At command 2 of 3:
    1   m 8 n
>>> 2   m 2 w
    3   m 6 n


Turn 251
================================================================
warning: entity 6 was directed to use 4 halite to move west, but only 0 halite was available
At command 2 of 4:
    1   m 4 s
>>> 2   m 6 w
    3   m 0 n
    4   m 8 n


Turn 255
================================================================
warning: entity 6 was directed to use 2 halite to move north, but only 0 halite was available
At command 5 of 5:
    3   m 0 n
    4   m 8 e
>>> 5   m 6 n


Turn 259
================================================================
warning: entity 6 was directed to use 9 halite to move north, but only 1 halite was available
At command 1 of 4:
>>> 1   m 6 n
    2   m 0 n
    3   m 8 w

warning: entity 8 was directed to use 3 halite to move west, but only 0 halite was available
At command 3 of 4:
    1   m 6 n
    2   m 0 n
>>> 3   m 8 w
    4   m 4 s


Turn 262
================================================================
warning: entity 8 was directed to use 2 halite to move north, but only 0 halite was available
At command 4 of 4:
    2   m 4 e
    3   m 0 n
>>> 4   m 8 n


Turn 263
================================================================
warning: entity 6 was directed to use 9 halite to move north, but only 8 halite was available
At command 4 of 5:
    2   m 0 n
    3   m 8 n
>>> 4   m 6 n
    5   m 4 n


Turn 265
================================================================
warning: entity 8 was directed to use 8 halite to move west, but only 5 halite was available
At command 3 of 5:
    1   m 2 s
    2   m 6 w
>>> 3   m 8 w
    4   m 0 n
    5   m 4 e


Turn 269
================================================================
warning: entity 0 was directed to use 3 halite to move north, but only 0 halite was available
At command 1 of 4:
>>> 1   m 0 n
    2   m 8 w
    3   m 4 n


Turn 271
================================================================
warning: entity 0 was directed to use 9 halite to move north, but only 8 halite was available
At command 2 of 5:
    1   m 6 w
>>> 2   m 0 n
    3   m 8 w
    4   m 2 s

warning: entity 8 was directed to use 5 halite to move west, but only 1 halite was available
At command 3 of 5:
    1   m 6 w
    2   m 0 n
>>> 3   m 8 w
    4   m 2 s
    5   m 4 n


Turn 274
================================================================
warning: entity 4 was directed to use 6 halite to move north, but only 5 halite was available
At command 1 of 3:
>>> 1   m 4 n
    2   m 8 w
    3   m 2 s

warning: entity 8 was directed to use 9 halite to move west, but only 5 halite was available
At command 2 of 3:
    1   m 4 n
>>> 2   m 8 w
    3   m 2 s


Turn 278
================================================================
warning: entity 8 was directed to use 9 halite to move south, but only 5 halite was available
At command 3 of 4:
    1   m 2 s
    2   m 0 w
>>> 3   m 8 s
    4   m 4 n


Turn 287
================================================================
warning: entity 4 was directed to use 9 halite to move south, but only 1 halite was available
At command 1 of 3:
>>> 1   m 4 s
    2   m 6 s
    3   m 2 n


Turn 293
================================================================
warning: entity 4 was directed to use 3 halite to move north, but only 0 halite was available
At command 3 of 4:
    1   m 0 s
    2   m 6 e
>>> 3   m 4 n
    4   m 2 n


Turn 296
================================================================
warning: entity 4 was directed to use 2 halite to move north, but only 1 halite was available
At command 2 of 4:
    1   m 0 e
>>> 2   m 4 n
    3   m 6 n
    4   m 2 s


Turn 300
================================================================
warning: entity 4 was directed to use 6 halite to move south, but only 0 halite was available
At command 2 of 4:
    1   m 0 e
>>> 2   m 4 s
    3   m 2 s
    4   m 6 s


Turn 303
================================================================
warning: entity 4 was directed to use 5 halite to move north, but only 3 halite was available
At command 2 of 4:
    1   m 8 n
>>> 2   m 4 n
    3   m 2 n
    4   m 6 n


Turn 307
================================================================
warning: entity 4 was directed to use 9 halite to move east, but only 1 halite was available
At command 4 of 4:
    2   m 2 s
    3   m 6 n
>>> 4   m 4 e


Turn 331
================================================================
warning: entity 4 was directed to use 8 halite to move north, but only 5 halite was available
At command 2 of 2:
    1   m 2 s
>>> 2   m 4 n


Turn 335
================================================================
warning: entity 4 was directed to use 9 halite to move south, but only 5 halite was available
At command 1 of 2:
>>> 1   m 4 s
    2   m 2 s


Turn 342
================================================================
warning: entity 4 was directed to use 4 halite to move north, but only 0 halite was available
At command 1 of 2:
>>> 1   m 4 n
    2   m 2 e


Turn 346
================================================================
warning: entity 4 was directed to use 6 halite to move south, but only 1 halite was available
At command 2 of 2:
    1   m 2 e
>>> 2   m 4 s


Turn 350
================================================================
warning: entity 4 was directed to use 3 halite to move south, but only 1 halite was available
At command 1 of 2:
>>> 1   m 4 s
    2   m 2 e


Turn 352
================================================================
warning: entity 2 was directed to use 3 halite to move east, but only 1 halite was available
At command 2 of 2:
    1   m 4 n
>>> 2   m 2 e


Turn 355
================================================================
warning: entity 2 was directed to use 2 halite to move east, but only 1 halite was available
At command 1 of 2:
>>> 1   m 2 e
    2   m 4 s


Turn 356
================================================================
warning: entity 4 was directed to use 2 halite to move north, but only 0 halite was available
At command 2 of 2:
    1   m 2 e
>>> 2   m 4 n


Turn 358
================================================================
warning: entity 2 was directed to use 1 halite to move east, but only 0 halite was available
At command 2 of 2:
    1   m 4 s
>>> 2   m 2 e


Turn 360
================================================================
warning: entity 4 was directed to use 2 halite to move south, but only 1 halite was available
At command 1 of 2:
>>> 1   m 4 s
    2   m 2 w

warning: entity 2 was directed to use 6 halite to move west, but only 3 halite was available
At command 2 of 2:
    1   m 4 s
>>> 2   m 2 w


Turn 365
================================================================
warning: entity 2 was directed to use 8 halite to move north, but only 0 halite was available
At command 2 of 2:
    1   m 4 n
>>> 2   m 2 n


Turn 367
================================================================
warning: entity 4 was directed to use 2 halite to move south, but only 0 halite was available
At command 2 of 2:
    1   m 2 e
>>> 2   m 4 s


Turn 369
================================================================
warning: entity 2 was directed to use 7 halite to move east, but only 2 halite was available
At command 2 of 2:
    1   m 4 w
>>> 2   m 2 e


Turn 373
================================================================
warning: entity 4 was directed to use 1 halite to move north, but only 0 halite was available
At command 2 of 2:
    1   m 2 s
>>> 2   m 4 n


Turn 375
================================================================
warning: entity 2 was directed to use 6 halite to move north, but only 2 halite was available
At command 2 of 2:
    1   m 4 s
>>> 2   m 2 n


Turn 376
================================================================
warning: entity 4 was directed to use 1 halite to move north, but only 0 halite was available
At command 2 of 2:
    1   m 2 s
>>> 2   m 4 n


Turn 378
================================================================
warning: entity 4 was directed to use 4 halite to move south, but only 3 halite was available
At command 1 of 2:
>>> 1   m 4 s
    2   m 2 s


Turn 379
================================================================
warning: entity 2 was directed to use 7 halite to move north, but only 3 halite was available
At command 2 of 2:
    1   m 4 s
>>> 2   m 2 n


Turn 383
================================================================
warning: entity 2 was directed to use 8 halite to move east, but only 6 halite was available
At command 2 of 2:
    1   m 4 s
>>> 2   m 2 e


Turn 384
================================================================
warning: entity 4 was directed to use 3 halite to move south, but only 0 halite was available
At command 2 of 2:
    1   m 2 e
>>> 2   m 4 s


Turn 386
================================================================
warning: owned entities 6, 8, 0 collided on cell (8, 16) as the result of moves on this turn
At command 1 of 4:
>>> 1   m 6 n
    2   m 8 s
    3   m 4 w

Other commands that placed an entity on this cell:
    1   m 6 n
>>> 2   m 8 s
    3   m 4 w
    4   m 2 e


Turn 392
================================================================
warning: owned entities 2, 4 collided on cell (8, 16) as the result of moves on this turn
At command 1 of 1:
>>> 1   m 2 e

