
Turn 386
================================================================
warning: owned entities 4, 17, 18, 10, 6 collided on cell (8, 16) as the result of moves on this turn
At command 1 of 5:
>>> 1   m 4 w
    2   m 12 e
    3   m 17 e

Other commands that placed an entity on this cell:
    1   m 4 w
    2   m 12 e
>>> 3   m 17 e
    4   m 18 s
    5   m 10 n

    2   m 12 e
    3   m 17 e
>>> 4   m 18 s
    5   m 10 n

    3   m 17 e
    4   m 18 s
>>> 5   m 10 n


Turn 388
================================================================
warning: owned entities 0, 15, 11, 2 collided on cell (8, 16) as the result of moves on this turn
At command 3 of 6:
    1   m 14 n
    2   m 13 w
>>> 3   m 0 s
    4   m 15 w
    5   m 11 e

Other commands that placed an entity on this cell:
    2   m 13 w
    3   m 0 s
>>> 4   m 15 w
    5   m 11 e
    6   m 2 n

    3   m 0 s
    4   m 15 w
>>> 5   m 11 e
    6   m 2 n

    4   m 15 w
    5   m 11 e
>>> 6   m 2 n


Turn 390
================================================================
warning: owned entities 13, 8, 12, 14 collided on cell (8, 16) as the result of moves on this turn
At command 2 of 5:
    1   m 16 n
>>> 2   m 13 w
    3   m 8 s
    4   m 12 e

Other commands that placed an entity on this cell:
    1   m 16 n
    2   m 13 w
>>> 3   m 8 s
    4   m 12 e
    5   m 14 n

    2   m 13 w
    3   m 8 s
>>> 4   m 12 e
    5   m 14 n

    3   m 8 s
    4   m 12 e
>>> 5   m 14 n

