
Turn 386
================================================================
warning: owned entities 0, 6 collided on cell (8, 16) as the result of moves on this turn
At command 6 of 8:
    4   m 7 n
    5   m 12 n
>>> 6   m 0 s
    7   m 6 n
    8   m 10 e

Other commands that placed an entity on this cell:
    5   m 12 n
    6   m 0 s
>>> 7   m 6 n
    8   m 10 e


Turn 389
================================================================
warning: entity 12 was directed to use 6 halite to move east, but only 5 halite was available
At command 1 of 6:
>>> 1   m 12 e
    2   m 15 s
    3   m 11 e

warning: entity 10 was directed to use 7 halite to move south, but only 5 halite was available
At command 4 of 6:
    2   m 15 s
    3   m 11 e
>>> 4   m 10 s
    5   m 7 n
    6   m 9 s

warning: owned entities 9, 8 collided on cell (8, 16) as the result of moves on this turn
At command 6 of 6:
    4   m 10 s
    5   m 7 n
>>> 6   m 9 s


Turn 390
================================================================
warning: owned entities 15, 7 collided on cell (8, 16) as the result of moves on this turn
At command 3 of 5:
    1   m 12 e
    2   m 10 s
>>> 3   m 15 w
    4   m 11 e
    5   m 7 n

Other commands that placed an entity on this cell:
    3   m 15 w
    4   m 11 e
>>> 5   m 7 n


Turn 393
================================================================
warning: entity 10 was directed to use 9 halite to move south, but only 1 halite was available
At command 3 of 3:
    1   m 11 e
    2   m 12 e
>>> 3   m 10 s


Turn 397
================================================================
warning: owned entities 10, 11, 12 collided on cell (8, 16) as the result of moves on this turn
At command 1 of 2:
>>> 1   m 10 s
    2   m 11 e

Other commands that placed an entity on this cell:
    1   m 10 s
>>> 2   m 11 e

