
Turn 16
================================================================
warning: entity 0 was directed to use 8 halite to move east, but only 0 halite was available
At command 1 of 1:
>>> 1   m 0 e


Turn 35
================================================================
warning: entity 0 was directed to use 6 halite to move west, but only 0 halite was available
At command 1 of 2:
>>> 1   m 0 w
    2   g


Turn 53
================================================================
warning: entity 0 was directed to use 4 halite to move north, but only 0 halite was available
At command 1 of 2:
>>> 1   m 0 n
    2   g


Turn 55
================================================================
warning: entity 8 was directed to use 5 halite to move east, but only 0 halite was available
At command 1 of 2:
>>> 1   m 8 e
    2   g


Turn 57
================================================================
warning: entity 9 was directed to use 3 halite to move east, but only 0 halite was available
At command 1 of 2:
>>> 1   m 9 e
    2   g


Turn 59
================================================================
warning: entity 9 was directed to use 8 halite to move west, but only 7 halite was available
At command 3 of 4:
    1   m 6 s
    2   m 0 n
>>> 3   m 9 w
    4   m 10 e

warning: entity 10 was directed to use 4 halite to move east, but only 0 halite was available
At command 4 of 4:
    2   m 0 n
    3   m 9 w
>>> 4   m 10 e


Turn 63
================================================================
warning: entity 9 was directed to use 2 halite to move south, but only 0 halite was available
At command 1 of 1:
>>> 1   m 9 s


Turn 66
================================================================
warning: entity 9 was directed to use 1 halite to move south, but only 0 halite was available
At command 3 of 3:
    1   m 0 n
    2   m 10 e
>>> 3   m 9 s


Turn 69
================================================================
warning: entity 9 was directed to use 1 halite to move south, but only 0 halite was available
At command 3 of 3:
    1   m 0 s
    2   m 6 n
>>> 3   m 9 s


Turn 71
================================================================
warning: entity 9 was directed to use 6 halite to move east, but only 4 halite was available
At command 4 of 4:
    2   m 0 w
    3   m 6 n
>>> 4   m 9 e


Turn 76
================================================================
warning: entity 6 was directed to use 8 halite to move west, but only 3 halite was available
At command 2 of 5:
    1   m 10 n
>>> 2   m 6 w
    3   m 0 s
    4   m 8 s

warning: entity 8 was directed to use 2 halite to move south, but only 0 halite was available
At command 4 of 5:
    2   m 6 w
    3   m 0 s
>>> 4   m 8 s
    5   g


Turn 78
================================================================
warning: entity 8 was directed to use 8 halite to move east, but only 5 halite was available
At command 2 of 2:
    1   m 9 w
>>> 2   m 8 e


Turn 80
================================================================
warning: entity 9 was directed to use 1 halite to move south, but only 0 halite was available
At command 2 of 2:
    1   m 0 s
>>> 2   m 9 s


Turn 82
================================================================
warning: entity 9 was directed to use 6 halite to move south, but only 4 halite was available
At command 4 of 4:
    2   m 6 w
    3   m 10 w
>>> 4   m 9 s


Turn 83
================================================================
warning: entity 0 was directed to use 9 halite to move east, but only 0 halite was available
At command 1 of 3:
>>> 1   m 0 e
    2   m 9 s
    3   m 10 n


Turn 85
================================================================
warning: entity 10 was directed to use 4 halite to move south, but only 0 halite was available
At command 1 of 2:
>>> 1   m 10 s
    2   m 11 n


Turn 87
================================================================
warning: entity 11 was directed to use 7 halite to move north, but only 0 halite was available
At command 2 of 3:
    1   m 10 e
>>> 2   m 11 n
    3   m 12 n


Turn 89
================================================================
warning: entity 12 was directed to use 6 halite to move north, but only 0 halite was available
At command 3 of 4:
    1   m 0 e
    2   m 11 n
>>> 3   m 12 n
    4   m 13 n


Turn 91
================================================================
warning: entity 13 was directed to use 5 halite to move north, but only 0 halite was available
At command 2 of 2:
    1   m 8 s
>>> 2   m 13 n


Turn 100
================================================================
warning: entity 6 was directed to use 3 halite to move east, but only 0 halite was available
At command 3 of 3:
    1   m 10 e
    2   m 8 n
>>> 3   m 6 e


Turn 102
================================================================
warning: entity 8 was directed to use 3 halite to move east, but only 0 halite was available
At command 1 of 5:
>>> 1   m 8 e
    2   m 10 w
    3   m 11 s

warning: entity 6 was directed to use 9 halite to move north, but only 8 halite was available
At command 5 of 5:
    3   m 11 s
    4   m 9 n
>>> 5   m 6 n


Turn 106
================================================================
warning: entity 9 was directed to use 9 halite to move south, but only 0 halite was available
At command 6 of 6:
    4   m 11 e
    5   m 10 n
>>> 6   m 9 s


Turn 108
================================================================
warning: entity 8 was directed to use 9 halite to move south, but only 3 halite was available
At command 6 of 6:
    4   m 12 e
    5   m 0 w
>>> 6   m 8 s


Turn 112
================================================================
warning: entity 0 was directed to use 4 halite to move south, but only 0 halite was available
At command 2 of 8:
    1   m 9 s
>>> 2   m 0 s
    3   m 14 n
    4   m 6 n

warning: entity 10 was directed to use 4 halite to move north, but only 2 halite was available
At command 5 of 8:
    3   m 14 n
    4   m 6 n
>>> 5   m 10 n
    6   m 11 w
    7   m 12 w


Turn 115
================================================================
warning: entity 0 was directed to use 9 halite to move south, but only 0 halite was available
At command 3 of 5:
    1   m 13 s
    2   m 12 w
>>> 3   m 0 s
    4   m 11 s
    5   m 14 s


Turn 120
================================================================
warning: entity 11 was directed to use 3 halite to move south, but only 0 halite was available
At command 3 of 4:
    1   m 6 n
    2   m 13 w
>>> 3   m 11 s
    4   m 14 n


Turn 122
================================================================
warning: entity 11 was directed to use 9 halite to move south, but only 7 halite was available
At command 3 of 3:
    1   m 0 s
    2   m 12 s
>>> 3   m 11 s


Turn 125
================================================================
warning: entity 14 was directed to use 3 halite to move east, but only 0 halite was available
At command 1 of 4:
>>> 1   m 14 e
    2   m 9 n
    3   m 13 s

warning: entity 12 was directed to use 7 halite to move south, but only 1 halite was available
At command 4 of 4:
    2   m 9 n
    3   m 13 s
>>> 4   m 12 s


Turn 129
================================================================
warning: entity 13 was directed to use 3 halite to move west, but only 0 halite was available
At command 5 of 5:
    3   m 8 e
    4   m 6 w
>>> 5   m 13 w


Turn 131
================================================================
warning: entity 13 was directed to use 9 halite to move north, but only 7 halite was available
At command 2 of 8:
    1   m 0 n
>>> 2   m 13 n
    3   m 14 e
    4   m 9 s

warning: entity 15 was directed to use 3 halite to move west, but only 0 halite was available
At command 5 of 8:
    3   m 14 e
    4   m 9 s
>>> 5   m 15 w
    6   m 6 s
    7   m 8 s


Turn 132
================================================================
warning: entity 9 was directed to use 2 halite to move south, but only 0 halite was available
At command 4 of 7:
    2   m 15 w
    3   m 0 e
>>> 4   m 9 s
    5   m 8 s
    6   m 6 w


Turn 134
================================================================
warning: entity 9 was directed to use 6 halite to move west, but only 5 halite was available
At command 4 of 7:
    2   m 10 e
    3   m 6 s
>>> 4   m 9 w
    5   m 8 e
    6   m 15 n

warning: entity 15 was directed to use 7 halite to move north, but only 0 halite was available
At command 6 of 7:
    4   m 9 w
    5   m 8 e
>>> 6   m 15 n
    7   m 16 n


Turn 140
================================================================
warning: entity 16 was directed to use 6 halite to move south, but only 0 halite was available
At command 7 of 7:
    5   m 15 w
    6   m 0 n
>>> 7   m 16 s


Turn 142
================================================================
warning: owned entities 10, 0 collided on cell (8, 17) as the result of moves on this turn
At command 4 of 7:
    2   m 13 e
    3   m 16 s
>>> 4   m 10 s
    5   m 9 s
    6   m 8 s

Other commands that placed an entity on this cell:
    5   m 9 s
    6   m 8 s
>>> 7   m 0 n


Turn 143
================================================================
warning: entity 16 was directed to use 9 halite to move east, but only 4 halite was available
At command 3 of 5:
    1   m 11 s
    2   m 6 s
>>> 3   m 16 e
    4   m 14 e
    5   m 8 n

warning: entity 8 was directed to use 9 halite to move north, but only 0 halite was available
At command 5 of 5:
    3   m 16 e
    4   m 14 e
>>> 5   m 8 n


Turn 150
================================================================
warning: entity 8 was directed to use 7 halite to move south, but only 5 halite was available
At command 2 of 4:
    1   m 14 e
>>> 2   m 8 s
    3   m 11 n
    4   m 6 n


Turn 152
================================================================
warning: entity 6 was directed to use 2 halite to move south, but only 0 halite was available
At command 4 of 5:
    2   m 9 s
    3   m 11 n
>>> 4   m 6 s
    5   m 19 n


Turn 156
================================================================
warning: entity 19 was directed to use 2 halite to move east, but only 0 halite was available
At command 4 of 5:
    2   m 8 s
    3   m 11 n
>>> 4   m 19 e
    5   m 20 n


Turn 158
================================================================
warning: entity 19 was directed to use 9 halite to move south, but only 4 halite was available
At command 4 of 6:
    2   m 15 e
    3   m 13 w
>>> 4   m 19 s
    5   m 16 s
    6   m 20 n


Turn 160
================================================================
warning: entity 20 was directed to use 1 halite to move south, but only 0 halite was available
At command 5 of 5:
    3   m 11 n
    4   m 15 e
>>> 5   m 20 s


Turn 163
================================================================
warning: entity 20 was directed to use 9 halite to move west, but only 3 halite was available
At command 7 of 7:
    5   m 9 n
    6   m 13 s
>>> 7   m 20 w


Turn 166
================================================================
warning: entity 13 was directed to use 1 halite to move east, but only 0 halite was available
At command 7 of 8:
    5   m 15 e
    6   m 12 n
>>> 7   m 13 e
    8   m 21 n


Turn 168
================================================================
warning: entity 13 was directed to use 6 halite to move north, but only 3 halite was available
At command 5 of 8:
    3   m 9 n
    4   m 16 n
>>> 5   m 13 n
    6   m 12 w
    7   m 21 w

warning: entity 21 was directed to use 1 halite to move west, but only 0 halite was available
At command 7 of 8:
    5   m 13 n
    6   m 12 w
>>> 7   m 21 w
    8   m 22 n


Turn 170
================================================================
warning: entity 21 was directed to use 7 halite to move west, but only 3 halite was available
At command 4 of 6:
    2   m 22 n
    3   m 13 n
>>> 4   m 21 w
    5   m 15 w
    6   m 9 n


Turn 171
================================================================
warning: entity 13 was directed to use 9 halite to move north, but only 7 halite was available
At command 6 of 6:
    4   m 21 w
    5   m 20 s
>>> 6   m 13 n


Turn 173
================================================================
warning: entity 22 was directed to use 1 halite to move west, but only 0 halite was available
At command 5 of 7:
    3   m 11 s
    4   m 16 w
>>> 5   m 22 w
    6   m 6 s
    7   m 21 w


Turn 174
================================================================
warning: entity 21 was directed to use 9 halite to move west, but only 4 halite was available
At command 9 of 9:
    7   m 11 s
    8   m 16 n
>>> 9   m 21 w


Turn 175
================================================================
warning: entity 22 was directed to use 7 halite to move west, but only 3 halite was available
At command 5 of 8:
    3   m 21 e
    4   m 19 e
>>> 5   m 22 w
    6   m 12 e
    7   m 6 e

warning: entity 12 was directed to use 7 halite to move east, but only 4 halite was available
At command 6 of 8:
    4   m 19 e
    5   m 22 w
>>> 6   m 12 e
    7   m 6 e
    8   m 16 n


Turn 179
================================================================
warning: entity 21 was directed to use 7 halite to move west, but only 2 halite was available
At command 2 of 5:
    1   m 8 n
>>> 2   m 21 w
    3   m 16 n
    4   m 15 e

warning: entity 15 was directed to use 1 halite to move east, but only 0 halite was available
At command 4 of 5:
    2   m 21 w
    3   m 16 n
>>> 4   m 15 e
    5   m 6 s


Turn 181
================================================================
warning: entity 9 was directed to use 5 halite to move east, but only 3 halite was available
At command 4 of 10:
    2   m 22 e
    3   m 6 s
>>> 4   m 9 e
    5   m 20 s
    6   m 8 n

warning: entity 15 was directed to use 5 halite to move north, but only 3 halite was available
At command 8 of 10:
    6   m 8 n
    7   m 19 s
>>> 8   m 15 n
    9   m 16 e
    10   g


Turn 183
================================================================
warning: entity 16 was directed to use 7 halite to move north, but only 0 halite was available
At command 2 of 8:
    1   m 9 e
>>> 2   m 16 n
    3   m 8 n
    4   m 15 n


Turn 184
================================================================
warning: entity 9 was directed to use 7 halite to move west, but only 6 halite was available
At command 5 of 11:
    3   m 21 w
    4   m 16 e
>>> 5   m 9 w
    6   m 8 n
    7   m 15 n

warning: entity 15 was directed to use 7 halite to move north, but only 4 halite was available
At command 7 of 11:
    5   m 9 w
    6   m 8 n
>>> 7   m 15 n
    8   m 19 e
    9   m 23 e


Turn 185
================================================================
warning: entity 23 was directed to use 3 halite to move east, but only 0 halite was available
At command 8 of 10:
    6   m 16 e
    7   m 8 n
>>> 8   m 23 e
    9   m 24 e
    10   g


Turn 186
================================================================
warning: entity 16 was directed to use 8 halite to move east, but only 4 halite was available
At command 7 of 9:
    5   m 15 e
    6   m 24 n
>>> 7   m 16 e
    8   m 8 n
    9   m 25 n


Turn 187
================================================================
warning: entity 23 was directed to use 9 halite to move north, but only 8 halite was available
At command 8 of 12:
    6   m 22 w
    7   m 8 n
>>> 8   m 23 n
    9   m 20 s
    10   m 9 e

warning: entity 24 was directed to use 5 halite to move north, but only 0 halite was available
At command 12 of 12:
    10   m 9 e
    11   m 25 w
>>> 12   m 24 n


Turn 189
================================================================
warning: entity 25 was directed to use 5 halite to move north, but only 0 halite was available
At command 11 of 13:
    9   m 9 e
    10   m 16 e
>>> 11   m 25 n
    12   m 20 s
    13   g


Turn 190
================================================================
warning: entity 24 was directed to use 9 halite to move north, but only 2 halite was available
At command 8 of 12:
    6   m 22 w
    7   m 23 s
>>> 8   m 24 n
    9   m 8 w
    10   m 9 e

warning: entity 9 was directed to use 6 halite to move east, but only 0 halite was available
At command 10 of 12:
    8   m 24 n
    9   m 8 w
>>> 10   m 9 e
    11   m 16 e
    12   m 26 n

warning: entity 16 was directed to use 5 halite to move east, but only 4 halite was available
At command 11 of 12:
    9   m 8 w
    10   m 9 e
>>> 11   m 16 e
    12   m 26 n


Turn 191
================================================================
warning: entity 8 was directed to use 5 halite to move west, but only 0 halite was available
At command 12 of 13:
    10   m 23 s
    11   m 22 w
>>> 12   m 8 w
    13   g


Turn 192
================================================================
warning: entity 25 was directed to use 8 halite to move west, but only 5 halite was available
At command 10 of 13:
    8   m 12 e
    9   m 21 w
>>> 10   m 25 w
    11   m 23 e
    12   m 22 w


Turn 193
================================================================
warning: entity 26 was directed to use 4 halite to move west, but only 0 halite was available
At command 8 of 12:
    6   m 27 w
    7   m 16 s
>>> 8   m 26 w
    9   m 22 w
    10   m 21 w


Turn 194
================================================================
warning: entity 8 was directed to use 9 halite to move north, but only 5 halite was available
At command 7 of 13:
    5   m 15 e
    6   m 11 n
>>> 7   m 8 n
    8   m 21 w
    9   m 25 n

warning: entity 16 was directed to use 8 halite to move south, but only 0 halite was available
At command 11 of 13:
    9   m 25 n
    10   m 27 w
>>> 11   m 16 s
    12   m 23 e
    13   m 28 n


Turn 195
================================================================
warning: entity 27 was directed to use 4 halite to move west, but only 0 halite was available
At command 7 of 13:
    5   m 8 w
    6   m 16 e
>>> 7   m 27 w
    8   m 11 n
    9   m 6 n


Turn 196
================================================================
warning: entity 26 was directed to use 6 halite to move west, but only 2 halite was available
At command 4 of 13:
    2   m 21 w
    3   m 15 n
>>> 4   m 26 w
    5   m 9 w
    6   m 19 s


Turn 197
================================================================
warning: entity 23 was directed to use 3 halite to move east, but only 0 halite was available
At command 11 of 14:
    9   m 16 e
    10   m 19 w
>>> 11   m 23 e
    12   m 20 n
    13   m 11 s

warning: entity 28 was directed to use 2 halite to move north, but only 0 halite was available
At command 14 of 14:
    12   m 20 n
    13   m 11 s
>>> 14   m 28 n


Turn 198
================================================================
warning: entity 27 was directed to use 7 halite to move west, but only 3 halite was available
At command 7 of 15:
    5   m 13 w
    6   m 26 w
>>> 7   m 27 w
    8   m 12 n
    9   m 15 e


Turn 199
================================================================
warning: entity 16 was directed to use 9 halite to move east, but only 6 halite was available
At command 5 of 14:
    3   m 19 s
    4   m 26 n
>>> 5   m 16 e
    6   m 23 e
    7   m 28 n


Turn 200
================================================================
warning: entity 26 was directed to use 9 halite to move north, but only 1 halite was available
At command 8 of 15:
    6   m 19 w
    7   m 27 w
>>> 8   m 26 n
    9   m 13 s
    10   m 6 n

warning: entity 23 was directed to use 9 halite to move west, but only 4 halite was available
At command 11 of 15:
    9   m 13 s
    10   m 6 n
>>> 11   m 23 w
    12   m 28 n
    13   m 9 w

warning: entity 28 was directed to use 8 halite to move north, but only 1 halite was available
At command 12 of 15:
    10   m 6 n
    11   m 23 w
>>> 12   m 28 n
    13   m 9 w
    14   m 20 s


Turn 201
================================================================
warning: entity 11 was directed to use 2 halite to move east, but only 0 halite was available
At command 7 of 15:
    5   m 15 s
    6   m 24 e
>>> 7   m 11 e
    8   m 27 n
    9   m 29 e


Turn 203
================================================================
warning: entity 27 was directed to use 4 halite to move west, but only 2 halite was available
At command 5 of 12:
    3   m 24 n
    4   m 29 e
>>> 5   m 27 w
    6   m 11 e
    7   m 13 s


Turn 204
================================================================
warning: entity 11 was directed to use 6 halite to move east, but only 0 halite was available
At command 10 of 15:
    8   m 29 e
    9   m 19 w
>>> 10   m 11 e
    11   m 13 w
    12   m 6 n


Turn 205
================================================================
warning: entity 29 was directed to use 8 halite to move south, but only 0 halite was available
At command 11 of 17:
    9   m 12 s
    10   m 23 s
>>> 11   m 29 s
    12   m 19 w
    13   m 13 s

warning: entity 30 was directed to use 1 halite to move north, but only 0 halite was available
At command 16 of 17:
    14   m 6 w
    15   m 20 n
>>> 16   m 30 n
    17   g


Turn 207
================================================================
warning: entity 11 was directed to use 8 halite to move east, but only 5 halite was available
At command 12 of 19:
    10   m 13 w
    11   m 29 s
>>> 12   m 11 e
    13   m 6 w
    14   m 30 n

warning: entity 6 was directed to use 3 halite to move west, but only 0 halite was available
At command 13 of 19:
    11   m 29 s
    12   m 11 e
>>> 13   m 6 w
    14   m 30 n
    15   m 25 n

warning: entity 30 was directed to use 5 halite to move north, but only 4 halite was available
At command 14 of 19:
    12   m 11 e
    13   m 6 w
>>> 14   m 30 n
    15   m 25 n
    16   m 12 w


Turn 208
================================================================
warning: entity 27 was directed to use 4 halite to move north, but only 3 halite was available
At command 8 of 17:
    6   m 13 s
    7   m 9 n
>>> 8   m 27 n
    9   m 19 s
    10   m 28 w


Turn 209
================================================================
warning: entity 19 was directed to use 1 halite to move east, but only 0 halite was available
At command 4 of 15:
    2   m 25 n
    3   m 11 e
>>> 4   m 19 e
    5   m 6 w
    6   m 30 n

warning: entity 23 was directed to use 8 halite to move south, but only 3 halite was available
At command 14 of 15:
    12   m 26 w
    13   m 12 w
>>> 14   m 23 s
    15   m 31 n

warning: entity 31 was directed to use 3 halite to move north, but only 0 halite was available
At command 15 of 15:
    13   m 12 w
    14   m 23 s
>>> 15   m 31 n


Turn 210
================================================================
warning: entity 6 was directed to use 5 halite to move west, but only 1 halite was available
At command 10 of 16:
    8   m 13 n
    9   m 25 n
>>> 10   m 6 w
    11   m 30 n
    12   m 11 e


Turn 211
================================================================
warning: entity 19 was directed to use 5 halite to move south, but only 3 halite was available
At command 8 of 16:
    6   m 21 e
    7   m 16 e
>>> 8   m 19 s
    9   m 23 n
    10   m 31 n

warning: entity 31 was directed to use 7 halite to move north, but only 6 halite was available
At command 10 of 16:
    8   m 19 s
    9   m 23 n
>>> 10   m 31 n
    11   m 9 w
    12   m 30 n

warning: entity 30 was directed to use 8 halite to move north, but only 2 halite was available
At command 12 of 16:
    10   m 31 n
    11   m 9 w
>>> 12   m 30 n
    13   m 11 e
    14   m 24 n


Turn 213
================================================================
warning: entity 23 was directed to use 7 halite to move north, but only 5 halite was available
At command 13 of 15:
    11   m 26 s
    12   m 21 e
>>> 13   m 23 n
    14   m 24 n
    15   m 20 n


Turn 214
================================================================
warning: entity 6 was directed to use 4 halite to move north, but only 0 halite was available
At command 8 of 16:
    6   m 12 w
    7   m 28 s
>>> 8   m 6 n
    9   m 9 s
    10   m 15 w

warning: entity 19 was directed to use 9 halite to move south, but only 6 halite was available
At command 12 of 16:
    10   m 15 w
    11   m 31 w
>>> 12   m 19 s
    13   m 16 e
    14   m 21 e


Turn 215
================================================================
warning: entity 31 was directed to use 9 halite to move south, but only 3 halite was available
At command 14 of 19:
    12   m 15 e
    13   m 13 n
>>> 14   m 31 s
    15   m 16 n
    16   m 21 s


Turn 216
================================================================
warning: entity 13 was directed to use 2 halite to move west, but only 0 halite was available
At command 14 of 17:
    12   m 23 n
    13   m 15 s
>>> 14   m 13 w
    15   m 21 e
    16   m 24 s


Turn 217
================================================================
warning: entity 9 was directed to use 2 halite to move south, but only 0 halite was available
At command 8 of 15:
    6   m 32 s
    7   m 20 n
>>> 8   m 9 s
    9   m 6 n
    10   m 19 e

warning: entity 6 was directed to use 9 halite to move north, but only 1 halite was available
At command 9 of 15:
    7   m 20 n
    8   m 9 s
>>> 9   m 6 n
    10   m 19 e
    11   m 28 n


Turn 218
================================================================
warning: entity 13 was directed to use 6 halite to move west, but only 5 halite was available
At command 6 of 16:
    4   m 15 e
    5   m 30 n
>>> 6   m 13 w
    7   m 8 w
    8   m 20 s

warning: entity 19 was directed to use 9 halite to move north, but only 6 halite was available
At command 12 of 16:
    10   m 32 n
    11   m 29 s
>>> 12   m 19 n
    13   m 28 w
    14   m 11 e


Turn 221
================================================================
warning: entity 9 was directed to use 7 halite to move south, but only 2 halite was available
At command 9 of 16:
    7   m 6 w
    8   m 16 w
>>> 9   m 9 s
    10   m 19 s
    11   m 21 e


Turn 222
================================================================
warning: entity 32 was directed to use 1 halite to move north, but only 0 halite was available
At command 5 of 16:
    3   m 31 w
    4   m 8 s
>>> 5   m 32 n
    6   m 13 w
    7   m 28 w

warning: entity 13 was directed to use 9 halite to move west, but only 8 halite was available
At command 6 of 16:
    4   m 8 s
    5   m 32 n
>>> 6   m 13 w
    7   m 28 w
    8   m 16 w

warning: entity 6 was directed to use 4 halite to move west, but only 3 halite was available
At command 11 of 16:
    9   m 20 s
    10   m 27 e
>>> 11   m 6 w
    12   m 19 e
    13   m 12 s


Turn 223
================================================================
warning: entity 12 was directed to use 2 halite to move south, but only 0 halite was available
At command 14 of 15:
    12   m 16 w
    13   m 20 n
>>> 14   m 12 s
    15   m 24 n

warning: entity 24 was directed to use 8 halite to move north, but only 5 halite was available
At command 15 of 15:
    13   m 20 n
    14   m 12 s
>>> 15   m 24 n


Turn 224
================================================================
warning: entity 32 was directed to use 5 halite to move north, but only 4 halite was available
At command 11 of 14:
    9   m 21 s
    10   m 27 e
>>> 11   m 32 n
    12   m 9 s
    13   m 6 w


Turn 225
================================================================
warning: entity 9 was directed to use 9 halite to move north, but only 2 halite was available
At command 12 of 15:
    10   m 16 w
    11   m 27 s
>>> 12   m 9 n
    13   m 6 w
    14   m 20 n

warning: entity 6 was directed to use 7 halite to move west, but only 4 halite was available
At command 13 of 15:
    11   m 27 s
    12   m 9 n
>>> 13   m 6 w
    14   m 20 n
    15   g


Turn 227
================================================================
warning: entity 32 was directed to use 8 halite to move north, but only 5 halite was available
At command 5 of 20:
    3   m 26 e
    4   m 34 n
>>> 5   m 32 n
    6   m 15 s
    7   m 31 s

warning: entity 33 was directed to use 1 halite to move north, but only 0 halite was available
At command 8 of 20:
    6   m 15 s
    7   m 31 s
>>> 8   m 33 n
    9   m 6 w
    10   m 19 s

warning: entity 12 was directed to use 5 halite to move south, but only 2 halite was available
At command 12 of 20:
    10   m 19 s
    11   m 9 s
>>> 12   m 12 s
    13   m 24 s
    14   m 13 w

warning: entity 24 was directed to use 9 halite to move south, but only 6 halite was available
At command 13 of 20:
    11   m 9 s
    12   m 12 s
>>> 13   m 24 s
    14   m 13 w
    15   m 28 w

warning: entity 21 was directed to use 1 halite to move south, but only 0 halite was available
At command 16 of 20:
    14   m 13 w
    15   m 28 w
>>> 16   m 21 s
    17   m 16 w
    18   m 27 e


Turn 228
================================================================
warning: entity 13 was directed to use 6 halite to move west, but only 3 halite was available
At command 14 of 18:
    12   m 31 n
    13   m 19 s
>>> 14   m 13 w
    15   m 16 w
    16   m 27 e


Turn 229
================================================================
warning: entity 34 was directed to use 4 halite to move north, but only 0 halite was available
At command 12 of 18:
    10   m 26 e
    11   m 31 w
>>> 12   m 34 n
    13   m 19 n
    14   m 16 w


Turn 230
================================================================
warning: entity 12 was directed to use 9 halite to move east, but only 6 halite was available
At command 3 of 17:
    1   m 25 w
    2   m 34 n
>>> 3   m 12 e
    4   m 13 n
    5   m 32 w

warning: entity 33 was directed to use 6 halite to move west, but only 0 halite was available
At command 11 of 17:
    9   m 21 s
    10   m 27 e
>>> 11   m 33 w
    12   m 15 w
    13   m 31 w


Turn 231
================================================================
warning: entity 21 was directed to use 4 halite to move south, but only 0 halite was available
At command 8 of 19:
    6   m 33 n
    7   m 19 n
>>> 8   m 21 s
    9   m 26 e
    10   m 34 e

warning: entity 34 was directed to use 8 halite to move east, but only 7 halite was available
At command 10 of 19:
    8   m 21 s
    9   m 26 e
>>> 10   m 34 e
    11   m 13 w
    12   m 27 e


Turn 232
================================================================
warning: entity 35 was directed to use 4 halite to move north, but only 0 halite was available
At command 16 of 18:
    14   m 31 w
    15   m 36 n
>>> 16   m 35 n
    17   m 20 s
    18   m 37 n


Turn 233
================================================================
warning: entity 33 was directed to use 9 halite to move east, but only 6 halite was available
At command 5 of 17:
    3   m 25 n
    4   m 35 n
>>> 5   m 33 e
    6   m 37 w
    7   m 16 w

warning: entity 13 was directed to use 7 halite to move west, but only 2 halite was available
At command 9 of 17:
    7   m 16 w
    8   m 21 n
>>> 9   m 13 w
    10   m 34 n
    11   m 8 e


Turn 234
================================================================
warning: entity 21 was directed to use 3 halite to move south, but only 2 halite was available
At command 10 of 20:
    8   m 37 w
    9   m 29 s
>>> 10   m 21 s
    11   m 25 e
    12   m 16 n


Turn 235
================================================================
warning: entity 37 was directed to use 2 halite to move south, but only 0 halite was available
At command 6 of 18:
    4   m 23 w
    5   m 36 n
>>> 6   m 37 s
    7   m 32 s
    8   m 13 w

warning: entity 35 was directed to use 7 halite to move north, but only 4 halite was available
At command 10 of 18:
    8   m 13 w
    9   m 8 e
>>> 10   m 35 n
    11   m 29 n
    12   m 25 e


Turn 236
================================================================
warning: entity 36 was directed to use 4 halite to move east, but only 0 halite was available
At command 14 of 20:
    12   m 23 w
    13   m 16 n
>>> 14   m 36 e
    15   m 29 e
    16   m 25 e

warning: entity 34 was directed to use 9 halite to move east, but only 3 halite was available
At command 17 of 20:
    15   m 29 e
    16   m 25 e
>>> 17   m 34 e
    18   m 19 e
    19   m 15 w


Turn 237
================================================================
warning: entity 21 was directed to use 6 halite to move south, but only 2 halite was available
At command 5 of 21:
    3   m 26 n
    4   m 34 e
>>> 5   m 21 s
    6   m 11 e
    7   m 30 e

warning: entity 37 was directed to use 7 halite to move south, but only 5 halite was available
At command 9 of 21:
    7   m 30 e
    8   m 33 n
>>> 9   m 37 s
    10   m 35 e
    11   m 13 w

warning: entity 13 was directed to use 9 halite to move west, but only 1 halite was available
At command 11 of 21:
    9   m 37 s
    10   m 35 e
>>> 11   m 13 w
    12   m 27 n
    13   m 8 e

warning: entity 16 was directed to use 1 halite to move west, but only 0 halite was available
At command 16 of 21:
    14   m 32 e
    15   m 23 s
>>> 16   m 16 w
    17   m 25 n
    18   m 19 e

warning: entity 19 was directed to use 9 halite to move east, but only 8 halite was available
At command 18 of 21:
    16   m 16 w
    17   m 25 n
>>> 18   m 19 e
    19   m 15 s
    20   m 20 n


Turn 239
================================================================
warning: entity 36 was directed to use 6 halite to move east, but only 1 halite was available
At command 4 of 18:
    2   m 11 s
    3   m 35 e
>>> 4   m 36 e
    5   m 21 n
    6   m 37 s

warning: entity 16 was directed to use 5 halite to move north, but only 3 halite was available
At command 7 of 18:
    5   m 21 n
    6   m 37 s
>>> 7   m 16 n
    8   m 19 e
    9   m 26 s


Turn 240
================================================================
warning: entity 35 was directed to use 4 halite to move east, but only 2 halite was available
At command 9 of 20:
    7   m 6 w
    8   m 11 e
>>> 9   m 35 e
    10   m 21 w
    11   m 37 w

warning: entity 27 was directed to use 3 halite to move west, but only 0 halite was available
At command 14 of 20:
    12   m 26 e
    13   m 8 n
>>> 14   m 27 w
    15   m 15 w
    16   m 33 e


Turn 241
================================================================
warning: entity 37 was directed to use 9 halite to move south, but only 3 halite was available
At command 14 of 21:
    12   m 16 w
    13   m 33 e
>>> 14   m 37 s
    15   m 13 w
    16   m 6 s

warning: entity 21 was directed to use 9 halite to move south, but only 2 halite was available
At command 17 of 21:
    15   m 13 w
    16   m 6 s
>>> 17   m 21 s
    18   m 26 e
    19   m 8 e

warning: entity 32 was directed to use 7 halite to move east, but only 2 halite was available
At command 20 of 21:
    18   m 26 e
    19   m 8 e
>>> 20   m 32 e
    21   m 25 e


Turn 242
================================================================
warning: entity 36 was directed to use 8 halite to move north, but only 6 halite was available
At command 13 of 19:
    11   m 23 w
    12   m 27 n
>>> 13   m 36 n
    14   m 20 w
    15   m 24 n

warning: entity 16 was directed to use 8 halite to move west, but only 5 halite was available
At command 16 of 19:
    14   m 20 w
    15   m 24 n
>>> 16   m 16 w
    17   m 13 s
    18   m 26 n


Turn 243
================================================================
warning: entity 35 was directed to use 7 halite to move east, but only 5 halite was available
At command 15 of 20:
    13   m 11 e
    14   m 29 w
>>> 15   m 35 e
    16   m 23 w
    17   m 27 n

warning: entity 27 was directed to use 5 halite to move north, but only 3 halite was available
At command 17 of 20:
    15   m 35 e
    16   m 23 w
>>> 17   m 27 n
    18   m 20 w
    19   m 24 e


Turn 245
================================================================
warning: entity 37 was directed to use 9 halite to move east, but only 5 halite was available
At command 13 of 21:
    11   m 15 n
    12   m 16 w
>>> 13   m 37 e
    14   m 36 e
    15   m 13 w

warning: entity 13 was directed to use 8 halite to move west, but only 4 halite was available
At command 15 of 21:
    13   m 37 e
    14   m 36 e
>>> 15   m 13 w
    16   m 8 e
    17   m 11 e


Turn 246
================================================================
warning: entity 26 was directed to use 2 halite to move north, but only 0 halite was available
At command 13 of 23:
    11   m 28 e
    12   m 21 w
>>> 13   m 26 n
    14   m 35 e
    15   m 23 w

warning: entity 16 was directed to use 8 halite to move north, but only 5 halite was available
At command 17 of 23:
    15   m 23 w
    16   m 15 n
>>> 17   m 16 n
    18   m 36 e
    19   m 8 e


Turn 247
================================================================
warning: entity 27 was directed to use 6 halite to move north, but only 1 halite was available
At command 15 of 22:
    13   m 6 s
    14   m 12 s
>>> 15   m 27 n
    16   m 28 s
    17   m 21 s


Turn 248
================================================================
warning: entity 35 was directed to use 3 halite to move east, but only 2 halite was available
At command 5 of 21:
    3   m 27 n
    4   m 15 n
>>> 5   m 35 e
    6   m 16 n
    7   m 39 n

warning: entity 36 was directed to use 8 halite to move east, but only 0 halite was available
At command 19 of 21:
    17   m 12 w
    18   m 28 e
>>> 19   m 36 e
    20   m 8 n
    21   m 25 n


Turn 249
================================================================
warning: entity 26 was directed to use 4 halite to move east, but only 2 halite was available
At command 14 of 24:
    12   m 39 w
    13   m 16 s
>>> 14   m 26 e
    15   m 37 s
    16   m 32 w

warning: entity 32 was directed to use 8 halite to move west, but only 4 halite was available
At command 16 of 24:
    14   m 26 e
    15   m 37 s
>>> 16   m 32 w
    17   m 13 s
    18   m 23 w


Turn 250
================================================================
warning: entity 37 was directed to use 8 halite to move north, but only 0 halite was available
At command 11 of 25:
    9   m 36 e
    10   m 34 w
>>> 11   m 37 n
    12   m 11 e
    13   m 27 e

warning: entity 39 was directed to use 3 halite to move west, but only 0 halite was available
At command 17 of 25:
    15   m 29 n
    16   m 8 n
>>> 17   m 39 w
    18   m 15 e
    19   m 16 n

warning: entity 15 was directed to use 3 halite to move east, but only 0 halite was available
At command 18 of 25:
    16   m 8 n
    17   m 39 w
>>> 18   m 15 e
    19   m 16 n
    20   m 25 n

warning: entity 13 was directed to use 6 halite to move east, but only 0 halite was available
At command 21 of 25:
    19   m 16 n
    20   m 25 n
>>> 21   m 13 e
    22   m 23 w
    23   m 12 s


Turn 251
================================================================
warning: entity 35 was directed to use 9 halite to move south, but only 2 halite was available
At command 8 of 24:
    6   m 13 e
    7   m 26 w
>>> 8   m 35 s
    9   m 6 n
    10   m 9 n

warning: entity 27 was directed to use 5 halite to move east, but only 4 halite was available
At command 16 of 24:
    14   m 34 e
    15   m 11 e
>>> 16   m 27 e
    17   m 19 s
    18   m 8 n


Turn 252
================================================================
warning: entity 26 was directed to use 7 halite to move west, but only 3 halite was available
At command 16 of 28:
    14   m 15 n
    15   m 23 w
>>> 16   m 26 w
    17   m 13 n
    18   m 20 e

warning: entity 8 was directed to use 4 halite to move west, but only 0 halite was available
At command 24 of 28:
    22   m 11 e
    23   m 19 n
>>> 24   m 8 w
    25   m 16 s
    26   m 12 s


Turn 253
================================================================
warning: entity 15 was directed to use 6 halite to move east, but only 4 halite was available
At command 10 of 25:
    8   m 27 w
    9   m 24 e
>>> 10   m 15 e
    11   m 39 w
    12   m 33 s

warning: entity 39 was directed to use 5 halite to move west, but only 4 halite was available
At command 11 of 25:
    9   m 24 e
    10   m 15 e
>>> 11   m 39 w
    12   m 33 s
    13   m 37 n

warning: entity 16 was directed to use 3 halite to move west, but only 0 halite was available
At command 22 of 25:
    20   m 25 n
    21   m 11 e
>>> 22   m 16 w
    23   m 12 n
    24   m 28 e


Turn 254
================================================================
warning: entity 37 was directed to use 7 halite to move south, but only 2 halite was available
At command 13 of 24:
    11   m 30 w
    12   m 32 n
>>> 13   m 37 s
    14   m 33 e
    15   m 23 w

warning: entity 13 was directed to use 9 halite to move south, but only 2 halite was available
At command 17 of 24:
    15   m 23 w
    16   m 19 n
>>> 17   m 13 s
    18   m 20 e
    19   m 38 w

warning: entity 40 was directed to use 2 halite to move west, but only 0 halite was available
At command 24 of 24:
    22   m 12 w
    23   m 28 e
>>> 24   m 40 w


Turn 255
================================================================
warning: entity 27 was directed to use 7 halite to move west, but only 4 halite was available
At command 8 of 24:
    6   m 29 n
    7   m 39 w
>>> 8   m 27 w
    9   m 16 w
    10   m 26 n


Turn 256
================================================================
warning: entity 26 was directed to use 9 halite to move south, but only 0 halite was available
At command 13 of 25:
    11   m 11 e
    12   m 40 w
>>> 13   m 26 s
    14   m 20 n
    15   m 23 w

warning: entity 23 was directed to use 1 halite to move west, but only 0 halite was available
At command 15 of 25:
    13   m 26 s
    14   m 20 n
>>> 15   m 23 w
    16   m 6 e
    17   m 9 n


Turn 257
================================================================
warning: entity 16 was directed to use 5 halite to move north, but only 1 halite was available
At command 6 of 26:
    4   m 26 s
    5   m 23 n
>>> 6   m 16 n
    7   m 27 e
    8   m 15 s

warning: entity 40 was directed to use 4 halite to move east, but only 1 halite was available
At command 18 of 26:
    16   m 28 s
    17   m 39 w
>>> 18   m 40 e
    19   m 20 e
    20   m 34 e


Turn 258
================================================================
warning: entity 15 was directed to use 4 halite to move north, but only 1 halite was available
At command 13 of 25:
    11   m 11 w
    12   m 8 w
>>> 13   m 15 n
    14   m 29 n
    15   m 6 e

warning: entity 37 was directed to use 9 halite to move south, but only 1 halite was available
At command 16 of 25:
    14   m 29 n
    15   m 6 e
>>> 16   m 37 s
    17   m 34 s
    18   m 31 n

warning: entity 13 was directed to use 9 halite to move west, but only 4 halite was available
At command 19 of 25:
    17   m 34 s
    18   m 31 n
>>> 19   m 13 w
    20   m 28 s
    21   m 9 n


Turn 259
================================================================
warning: entity 8 was directed to use 9 halite to move west, but only 3 halite was available
At command 5 of 24:
    3   m 37 s
    4   m 13 w
>>> 5   m 8 w
    6   m 25 n
    7   m 26 n

warning: entity 23 was directed to use 4 halite to move west, but only 2 halite was available
At command 12 of 24:
    10   m 24 w
    11   m 40 w
>>> 12   m 23 w
    13   m 27 s
    14   m 39 w

warning: entity 39 was directed to use 5 halite to move west, but only 2 halite was available
At command 14 of 24:
    12   m 23 w
    13   m 27 s
>>> 14   m 39 w
    15   m 11 w
    16   m 32 n

warning: entity 29 was directed to use 3 halite to move north, but only 0 halite was available
At command 17 of 24:
    15   m 11 w
    16   m 32 n
>>> 17   m 29 n
    18   m 6 e
    19   m 31 s

warning: entity 38 was directed to use 6 halite to move north, but only 5 halite was available
At command 24 of 24:
    22   m 30 s
    23   m 19 s
>>> 24   m 38 n


Turn 260
================================================================
warning: entity 26 was directed to use 10 halite to move east, but only 4 halite was available
At command 13 of 23:
    11   m 13 s
    12   m 16 n
>>> 13   m 26 e
    14   m 20 n
    15   m 24 s

warning: entity 11 was directed to use 1 halite to move west, but only 0 halite was available
At command 18 of 23:
    16   m 9 n
    17   m 40 s
>>> 18   m 11 w
    19   m 6 e
    20   m 28 s


Turn 261
================================================================
warning: entity 40 was directed to use 2 halite to move west, but only 0 halite was available
At command 20 of 22:
    18   m 16 n
    19   m 24 w
>>> 20   m 40 w
    21   m 30 s
    22   m 41 n


Turn 262
================================================================
warning: entity 29 was directed to use 3 halite to move east, but only 1 halite was available
At command 8 of 25:
    6   m 21 w
    7   m 41 w
>>> 8   m 29 e
    9   m 16 n
    10   m 12 s

warning: entity 15 was directed to use 4 halite to move north, but only 1 halite was available
At command 18 of 25:
    16   m 39 w
    17   m 31 n
>>> 18   m 15 n
    19   m 6 e
    20   m 28 s


Turn 263
================================================================
warning: entity 16 was directed to use 6 halite to move north, but only 0 halite was available
At command 15 of 26:
    13   m 40 w
    14   m 41 w
>>> 15   m 16 n
    16   m 26 n
    17   m 11 w

warning: entity 11 was directed to use 3 halite to move west, but only 1 halite was available
At command 17 of 26:
    15   m 16 n
    16   m 26 n
>>> 17   m 11 w
    18   m 24 w
    19   m 23 w

warning: entity 23 was directed to use 8 halite to move west, but only 3 halite was available
At command 19 of 26:
    17   m 11 w
    18   m 24 w
>>> 19   m 23 w
    20   m 8 w
    21   m 39 n


Turn 264
================================================================
warning: entity 13 was directed to use 7 halite to move south, but only 1 halite was available
At command 12 of 22:
    10   m 38 w
    11   m 9 s
>>> 12   m 13 s
    13   m 20 n
    14   m 19 n


Turn 265
================================================================
warning: entity 41 was directed to use 5 halite to move west, but only 0 halite was available
At command 6 of 25:
    4   m 28 s
    5   m 11 w
>>> 6   m 41 w
    7   m 37 w
    8   m 16 w

warning: entity 29 was directed to use 8 halite to move north, but only 6 halite was available
At command 15 of 25:
    13   m 30 s
    14   m 23 w
>>> 15   m 29 n
    16   m 38 e
    17   m 26 n

warning: entity 40 was directed to use 2 halite to move west, but only 0 halite was available
At command 19 of 25:
    17   m 26 n
    18   m 9 s
>>> 19   m 40 w
    20   m 20 n
    21   m 19 n

warning: entity 8 was directed to use 4 halite to move west, but only 3 halite was available
At command 24 of 25:
    22   m 12 s
    23   m 24 w
>>> 24   m 8 w
    25   m 39 n

warning: entity 39 was directed to use 3 halite to move north, but only 2 halite was available
At command 25 of 25:
    23   m 24 w
    24   m 8 w
>>> 25   m 39 n


Turn 266
================================================================
warning: entity 11 was directed to use 6 halite to move south, but only 5 halite was available
At command 16 of 22:
    14   m 34 n
    15   m 9 s
>>> 16   m 11 s
    17   m 23 w
    18   m 38 w

warning: entity 26 was directed to use 8 halite to move north, but only 7 halite was available
At command 19 of 22:
    17   m 23 w
    18   m 38 w
>>> 19   m 26 n
    20   m 19 e
    21   m 12 n


Turn 267
================================================================
warning: entity 38 was directed to use 10 halite to move east, but only 5 halite was available
At command 19 of 20:
    17   m 34 s
    18   m 23 n
>>> 19   m 38 e
    20   m 19 e


Turn 268
================================================================
warning: entity 25 was directed to use 6 halite to move west, but only 2 halite was available
At command 16 of 23:
    14   m 8 w
    15   m 29 w
>>> 16   m 25 w
    17   m 40 n
    18   m 12 n


Turn 269
================================================================
warning: entity 13 was directed to use 5 halite to move south, but only 1 halite was available
At command 9 of 21:
    7   m 21 n
    8   m 11 w
>>> 9   m 13 s
    10   m 36 w
    11   m 32 w

warning: entity 40 was directed to use 3 halite to move north, but only 0 halite was available
At command 17 of 21:
    15   m 37 s
    16   m 8 w
>>> 17   m 40 n
    18   m 23 w
    19   m 12 s


Turn 270
================================================================
warning: entity 29 was directed to use 8 halite to move west, but only 2 halite was available
At command 18 of 25:
    16   m 21 s
    17   m 30 s
>>> 18   m 29 w
    19   m 28 s
    20   m 38 n

warning: entity 8 was directed to use 5 halite to move west, but only 1 halite was available
At command 22 of 25:
    20   m 38 n
    21   m 37 s
>>> 22   m 8 w
    23   m 12 n
    24   m 23 w


Turn 271
================================================================
warning: entity 40 was directed to use 8 halite to move west, but only 7 halite was available
At command 9 of 22:
    7   m 20 n
    8   m 13 e
>>> 9   m 40 w
    10   m 25 w
    11   m 34 n

warning: entity 11 was directed to use 9 halite to move west, but only 1 halite was available
At command 15 of 22:
    13   m 32 n
    14   m 41 w
>>> 15   m 11 w
    16   m 37 w
    17   m 21 n


Turn 272
================================================================
warning: entity 25 was directed to use 3 halite to move west, but only 2 halite was available
At command 10 of 24:
    8   m 9 s
    9   m 35 e
>>> 10   m 25 w
    11   m 24 s
    12   m 20 n

warning: entity 23 was directed to use 9 halite to move west, but only 0 halite was available
At command 24 of 24:
    22   m 28 s
    23   m 12 n
>>> 24   m 23 w


Turn 273
================================================================
warning: entity 13 was directed to use 7 halite to move east, but only 5 halite was available
At command 8 of 22:
    6   m 20 w
    7   m 6 s
>>> 8   m 13 e
    9   m 31 e
    10   m 21 n


Turn 274
================================================================
warning: entity 9 was directed to use 3 halite to move south, but only 1 halite was available
At command 14 of 22:
    12   m 21 s
    13   m 31 e
>>> 14   m 9 s
    15   m 29 s
    16   m 36 e

warning: entity 29 was directed to use 7 halite to move south, but only 5 halite was available
At command 15 of 22:
    13   m 31 e
    14   m 9 s
>>> 15   m 29 s
    16   m 36 e
    17   m 33 s


Turn 275
================================================================
warning: entity 25 was directed to use 6 halite to move west, but only 5 halite was available
At command 7 of 17:
    5   m 11 w
    6   m 27 s
>>> 7   m 25 w
    8   m 36 n
    9   m 24 w

warning: entity 40 was directed to use 9 halite to move south, but only 8 halite was available
At command 15 of 17:
    13   m 33 w
    14   m 12 s
>>> 15   m 40 s
    16   m 41 w
    17   m 34 e


Turn 277
================================================================
warning: entity 9 was directed to use 6 halite to move west, but only 5 halite was available
At command 13 of 22:
    11   m 12 s
    12   m 37 w
>>> 13   m 9 w
    14   m 27 s
    15   m 29 s

warning: entity 11 was directed to use 8 halite to move north, but only 7 halite was available
At command 16 of 22:
    14   m 27 s
    15   m 29 s
>>> 16   m 11 n
    17   m 20 s
    18   m 36 s


Turn 279
================================================================
warning: entity 29 was directed to use 5 halite to move south, but only 2 halite was available
At command 18 of 24:
    16   m 28 n
    17   m 12 s
>>> 18   m 29 s
    19   m 27 s
    20   m 20 s


Turn 280
================================================================
warning: entity 20 was directed to use 2 halite to move south, but only 0 halite was available
At command 18 of 20:
    16   m 27 n
    17   m 36 s
>>> 18   m 20 s
    19   m 21 s
    20   m 31 e


Turn 281
================================================================
warning: entity 9 was directed to use 7 halite to move south, but only 1 halite was available
At command 11 of 19:
    9   m 30 s
    10   m 15 w
>>> 11   m 9 s
    12   m 6 s
    13   m 13 e

warning: entity 6 was directed to use 9 halite to move south, but only 2 halite was available
At command 12 of 19:
    10   m 15 w
    11   m 9 s
>>> 12   m 6 s
    13   m 13 e
    14   m 34 n

warning: entity 25 was directed to use 9 halite to move south, but only 7 halite was available
At command 15 of 19:
    13   m 13 e
    14   m 34 n
>>> 15   m 25 s
    16   m 12 s
    17   m 27 s


Turn 282
================================================================
warning: entity 29 was directed to use 4 halite to move north, but only 3 halite was available
At command 13 of 22:
    11   m 35 w
    12   m 39 s
>>> 13   m 29 n
    14   m 21 s
    15   m 37 s


Turn 283
================================================================
warning: entity 20 was directed to use 5 halite to move south, but only 4 halite was available
At command 15 of 22:
    13   m 13 e
    14   m 34 n
>>> 15   m 20 s
    16   m 35 w
    17   m 21 n


Turn 285
================================================================
warning: entity 40 was directed to use 9 halite to move west, but only 6 halite was available
At command 8 of 23:
    6   m 39 e
    7   m 20 s
>>> 8   m 40 w
    9   m 12 w
    10   m 33 e

warning: entity 29 was directed to use 3 halite to move north, but only 2 halite was available
At command 11 of 23:
    9   m 12 w
    10   m 33 e
>>> 11   m 29 n
    12   m 27 s
    13   m 28 n

warning: entity 6 was directed to use 9 halite to move south, but only 4 halite was available
At command 15 of 23:
    13   m 28 n
    14   m 26 s
>>> 15   m 6 s
    16   m 13 e
    17   m 34 n


Turn 286
================================================================
warning: entity 30 was directed to use 1 halite to move south, but only 0 halite was available
At command 11 of 22:
    9   m 20 s
    10   m 16 w
>>> 11   m 30 s
    12   m 33 w
    13   m 39 s


Turn 287
================================================================
warning: entity 29 was directed to use 9 halite to move south, but only 8 halite was available
At command 6 of 22:
    4   m 39 e
    5   m 9 s
>>> 6   m 29 s
    7   m 40 w
    8   m 6 w

warning: entity 20 was directed to use 9 halite to move north, but only 1 halite was available
At command 10 of 22:
    8   m 6 w
    9   m 21 n
>>> 10   m 20 n
    11   m 16 w
    12   m 23 w


Turn 289
================================================================
warning: entity 30 was directed to use 3 halite to move south, but only 2 halite was available
At command 18 of 25:
    16   m 16 e
    17   m 34 n
>>> 18   m 30 s
    19   m 23 w
    20   m 24 w


Turn 290
================================================================
warning: entity 6 was directed to use 8 halite to move east, but only 1 halite was available
At command 10 of 24:
    8   m 21 n
    9   m 37 n
>>> 10   m 6 e
    11   m 35 s
    12   m 36 e


Turn 291
================================================================
warning: entity 20 was directed to use 8 halite to move south, but only 6 halite was available
At command 19 of 25:
    17   m 35 w
    18   m 36 s
>>> 19   m 20 s
    20   m 33 w
    21   m 39 e


Turn 292
================================================================
warning: entity 30 was directed to use 8 halite to move south, but only 5 halite was available
At command 14 of 24:
    12   m 25 w
    13   m 24 s
>>> 14   m 30 s
    15   m 32 e
    16   m 9 n


Turn 293
================================================================
warning: entity 34 was directed to use 9 halite to move west, but only 7 halite was available
At command 6 of 23:
    4   m 41 s
    5   m 37 s
>>> 6   m 34 w
    7   m 40 w
    8   m 21 n


Turn 294
================================================================
warning: entity 6 was directed to use 9 halite to move east, but only 3 halite was available
At command 10 of 23:
    8   m 11 e
    9   m 40 s
>>> 10   m 6 e
    11   m 21 n
    12   m 31 s


Turn 295
================================================================
warning: entity 9 was directed to use 8 halite to move north, but only 5 halite was available
At command 20 of 24:
    18   m 33 e
    19   m 32 e
>>> 20   m 9 n
    21   m 19 w
    22   m 39 e


Turn 296
================================================================
warning: entity 28 was directed to use 1 halite to move south, but only 0 halite was available
At command 15 of 23:
    13   m 11 w
    14   m 29 n
>>> 15   m 28 s
    16   m 24 s
    17   m 36 s


Turn 297
================================================================
warning: entity 29 was directed to use 9 halite to move south, but only 3 halite was available
At command 14 of 20:
    12   m 34 s
    13   m 30 s
>>> 14   m 29 s
    15   m 36 w
    16   m 32 e

warning: entity 36 was directed to use 9 halite to move west, but only 4 halite was available
At command 15 of 20:
    13   m 30 s
    14   m 29 s
>>> 15   m 36 w
    16   m 32 e
    17   m 33 e


Turn 298
================================================================
warning: entity 34 was directed to use 7 halite to move east, but only 1 halite was available
At command 14 of 25:
    12   m 41 w
    13   m 38 e
>>> 14   m 34 e
    15   m 13 s
    16   m 12 w

warning: entity 6 was directed to use 7 halite to move south, but only 6 halite was available
At command 18 of 25:
    16   m 12 w
    17   m 40 w
>>> 18   m 6 s
    19   m 16 e
    20   m 30 n


Turn 299
================================================================
warning: entity 28 was directed to use 8 halite to move west, but only 6 halite was available
At command 11 of 24:
    9   m 37 e
    10   m 31 n
>>> 11   m 28 w
    12   m 11 w
    13   m 29 e


Turn 300
================================================================
warning: entity 30 was directed to use 5 halite to move north, but only 0 halite was available
At command 17 of 20:
    15   m 13 s
    16   m 35 w
>>> 17   m 30 n
    18   m 33 w
    19   m 26 n


Turn 301
================================================================
warning: entity 9 was directed to use 5 halite to move west, but only 0 halite was available
At command 9 of 20:
    7   m 39 s
    8   m 34 s
>>> 9   m 9 w
    10   m 6 s
    11   m 24 s

warning: entity 35 was directed to use 5 halite to move north, but only 0 halite was available
At command 14 of 20:
    12   m 19 w
    13   m 38 e
>>> 14   m 35 n
    15   m 27 w
    16   m 37 w


Turn 302
================================================================
warning: entity 34 was directed to use 8 halite to move south, but only 2 halite was available
At command 15 of 23:
    13   m 30 n
    14   m 24 e
>>> 15   m 34 s
    16   m 19 w
    17   m 38 e

warning: entity 36 was directed to use 8 halite to move south, but only 1 halite was available
At command 20 of 23:
    18   m 27 e
    19   m 37 s
>>> 20   m 36 s
    21   m 40 w
    22   m 26 n

warning: entity 26 was directed to use 3 halite to move north, but only 1 halite was available
At command 22 of 23:
    20   m 36 s
    21   m 40 w
>>> 22   m 26 n
    23   m 15 n


Turn 303
================================================================
warning: entity 6 was directed to use 5 halite to move south, but only 1 halite was available
At command 9 of 21:
    7   m 31 n
    8   m 16 s
>>> 9   m 6 s
    10   m 23 s
    11   m 35 s

warning: entity 24 was directed to use 7 halite to move north, but only 2 halite was available
At command 14 of 21:
    12   m 9 n
    13   m 33 e
>>> 14   m 24 n
    15   m 28 s
    16   m 11 s

warning: entity 40 was directed to use 9 halite to move east, but only 8 halite was available
At command 20 of 21:
    18   m 38 e
    19   m 27 w
>>> 20   m 40 e
    21   m 15 s


Turn 304
================================================================
warning: entity 26 was directed to use 9 halite to move south, but only 8 halite was available
At command 9 of 24:
    7   m 19 e
    8   m 40 e
>>> 9   m 26 s
    10   m 33 w
    11   m 9 s

warning: entity 9 was directed to use 8 halite to move south, but only 2 halite was available
At command 11 of 24:
    9   m 26 s
    10   m 33 w
>>> 11   m 9 s
    12   m 32 n
    13   m 41 w


Turn 306
================================================================
warning: entity 34 was directed to use 9 halite to move west, but only 5 halite was available
At command 7 of 23:
    5   m 26 n
    6   m 9 n
>>> 7   m 34 w
    8   m 16 w
    9   m 21 s

warning: entity 6 was directed to use 8 halite to move north, but only 4 halite was available
At command 12 of 23:
    10   m 32 s
    11   m 33 e
>>> 12   m 6 n
    13   m 41 s
    14   m 40 s

warning: entity 39 was directed to use 4 halite to move east, but only 0 halite was available
At command 17 of 23:
    15   m 24 n
    16   m 11 s
>>> 17   m 39 e
    18   m 36 n
    19   m 31 s

warning: entity 36 was directed to use 9 halite to move north, but only 2 halite was available
At command 18 of 23:
    16   m 11 s
    17   m 39 e
>>> 18   m 36 n
    19   m 31 s
    20   m 35 n


Turn 307
================================================================
warning: entity 24 was directed to use 9 halite to move north, but only 0 halite was available
At command 20 of 23:
    18   m 41 w
    19   m 40 w
>>> 20   m 24 n
    21   m 31 n
    22   m 35 n

warning: entity 35 was directed to use 8 halite to move north, but only 5 halite was available
At command 22 of 23:
    20   m 24 n
    21   m 31 n
>>> 22   m 35 n
    23   m 15 s


Turn 308
================================================================
warning: entity 9 was directed to use 8 halite to move east, but only 3 halite was available
At command 5 of 21:
    3   m 24 s
    4   m 35 w
>>> 5   m 9 e
    6   m 23 s
    7   m 36 w


Turn 309
================================================================
warning: entity 40 was directed to use 5 halite to move south, but only 2 halite was available
At command 15 of 23:
    13   m 35 s
    14   m 25 w
>>> 15   m 40 s
    16   m 6 n
    17   m 19 n


Turn 310
================================================================
warning: entity 36 was directed to use 7 halite to move west, but only 3 halite was available
At command 13 of 25:
    11   m 41 n
    12   m 9 n
>>> 13   m 36 w
    14   m 25 s
    15   m 33 w


Turn 311
================================================================
warning: entity 34 was directed to use 6 halite to move north, but only 3 halite was available
At command 8 of 28:
    6   m 19 n
    7   m 11 e
>>> 8   m 34 n
    9   m 33 s
    10   m 32 w

warning: entity 6 was directed to use 6 halite to move north, but only 0 halite was available
At command 16 of 28:
    14   m 40 w
    15   m 13 w
>>> 16   m 6 n
    17   m 21 s
    18   m 39 s

warning: entity 26 was directed to use 7 halite to move south, but only 5 halite was available
At command 26 of 28:
    24   m 12 e
    25   m 35 e
>>> 26   m 26 s
    27   m 31 n
    28   m 15 s


Turn 312
================================================================
warning: entity 9 was directed to use 8 halite to move east, but only 2 halite was available
At command 20 of 27:
    18   m 40 e
    19   m 13 n
>>> 20   m 9 e
    21   m 41 n
    22   m 23 e


Turn 313
================================================================
warning: entity 35 was directed to use 8 halite to move north, but only 6 halite was available
At command 3 of 26:
    1   m 29 s
    2   m 9 n
>>> 3   m 35 n
    4   m 25 w
    5   m 34 w

warning: entity 40 was directed to use 8 halite to move west, but only 2 halite was available
At command 20 of 26:
    18   m 39 e
    19   m 24 e
>>> 20   m 40 w
    21   m 13 w
    22   m 23 e


Turn 314
================================================================
warning: entity 36 was directed to use 9 halite to move east, but only 2 halite was available
At command 11 of 23:
    9   m 20 e
    10   m 19 n
>>> 11   m 36 e
    12   m 34 s
    13   m 26 s


Turn 315
================================================================
warning: entity 6 was directed to use 7 halite to move south, but only 2 halite was available
At command 6 of 25:
    4   m 9 n
    5   m 36 e
>>> 6   m 6 s
    7   m 30 n
    8   m 12 e

warning: entity 34 was directed to use 8 halite to move south, but only 4 halite was available
At command 14 of 25:
    12   m 38 n
    13   m 25 w
>>> 14   m 34 s
    15   m 20 w
    16   m 19 s

warning: entity 24 was directed to use 9 halite to move north, but only 3 halite was available
At command 21 of 25:
    19   m 21 s
    20   m 37 e
>>> 21   m 24 n
    22   m 39 n
    23   m 13 w

warning: entity 39 was directed to use 6 halite to move north, but only 3 halite was available
At command 22 of 25:
    20   m 37 e
    21   m 24 n
>>> 22   m 39 n
    23   m 13 w
    24   m 23 e


Turn 318
================================================================
warning: entity 26 was directed to use 5 halite to move south, but only 2 halite was available
At command 25 of 27:
    23   m 20 n
    24   m 13 w
>>> 25   m 26 s
    26   m 37 e
    27   m 15 n


Turn 319
================================================================
warning: entity 6 was directed to use 6 halite to move east, but only 5 halite was available
At command 10 of 27:
    8   m 32 e
    9   m 16 w
>>> 10   m 6 e
    11   m 11 e
    12   m 21 s

warning: entity 24 was directed to use 8 halite to move north, but only 6 halite was available
At command 17 of 27:
    15   m 23 e
    16   m 27 w
>>> 17   m 24 n
    18   m 39 s
    19   m 25 w

warning: entity 39 was directed to use 4 halite to move south, but only 2 halite was available
At command 18 of 27:
    16   m 27 w
    17   m 24 n
>>> 18   m 39 s
    19   m 25 w
    20   m 9 s

warning: entity 36 was directed to use 6 halite to move east, but only 4 halite was available
At command 21 of 27:
    19   m 25 w
    20   m 9 s
>>> 21   m 36 e
    22   m 37 n
    23   m 29 w


Turn 320
================================================================
warning: entity 40 was directed to use 3 halite to move west, but only 2 halite was available
At command 18 of 25:
    16   m 12 e
    17   m 27 e
>>> 18   m 40 w
    19   m 23 e
    20   m 25 w


Turn 321
================================================================
warning: entity 26 was directed to use 9 halite to move west, but only 4 halite was available
At command 12 of 27:
    10   m 36 w
    11   m 15 s
>>> 12   m 26 w
    13   m 35 s
    14   m 33 e


Turn 322
================================================================
warning: entity 39 was directed to use 4 halite to move east, but only 3 halite was available
At command 12 of 26:
    10   m 23 e
    11   m 24 s
>>> 12   m 39 e
    13   m 36 e
    14   m 15 n


Turn 323
================================================================
warning: entity 19 was directed to use 6 halite to move east, but only 0 halite was available
At command 8 of 21:
    6   m 24 n
    7   m 36 w
>>> 8   m 19 e
    9   m 34 w
    10   m 16 s


Turn 324
================================================================
warning: entity 36 was directed to use 5 halite to move east, but only 2 halite was available
At command 6 of 20:
    4   m 40 e
    5   m 39 e
>>> 6   m 36 e
    7   m 11 s
    8   m 12 n

warning: entity 24 was directed to use 6 halite to move north, but only 3 halite was available
At command 9 of 20:
    7   m 11 s
    8   m 12 n
>>> 9   m 24 n
    10   m 35 n
    11   m 33 w

warning: entity 35 was directed to use 7 halite to move north, but only 6 halite was available
At command 10 of 20:
    8   m 12 n
    9   m 24 n
>>> 10   m 35 n
    11   m 33 w
    12   m 34 e


Turn 325
================================================================
warning: entity 27 was directed to use 9 halite to move west, but only 2 halite was available
At command 14 of 21:
    12   m 40 n
    13   m 12 n
>>> 14   m 27 w
    15   m 16 s
    16   m 21 s


Turn 326
================================================================
warning: entity 40 was directed to use 9 halite to move south, but only 3 halite was available
At command 14 of 20:
    12   m 9 e
    13   m 33 w
>>> 14   m 40 s
    15   m 21 n
    16   m 15 s

warning: entity 28 was directed to use 5 halite to move north, but only 0 halite was available
At command 18 of 20:
    16   m 15 s
    17   m 41 n
>>> 18   m 28 n
    19   m 37 n
    20   m 29 e


Turn 327
================================================================
warning: entity 34 was directed to use 6 halite to move west, but only 0 halite was available
At command 7 of 21:
    5   m 23 w
    6   m 27 e
>>> 7   m 34 w
    8   m 20 s
    9   m 37 n

warning: entity 36 was directed to use 7 halite to move east, but only 3 halite was available
At command 14 of 21:
    12   m 26 s
    13   m 35 e
>>> 14   m 36 e
    15   m 24 s
    16   m 11 w

warning: entity 24 was directed to use 9 halite to move south, but only 8 halite was available
At command 15 of 21:
    13   m 35 e
    14   m 36 e
>>> 15   m 24 s
    16   m 11 w
    17   m 33 e


Turn 329
================================================================
warning: entity 27 was directed to use 7 halite to move east, but only 6 halite was available
At command 4 of 20:
    2   m 16 s
    3   m 35 s
>>> 4   m 27 e
    5   m 25 n
    6   m 24 e

warning: entity 23 was directed to use 5 halite to move west, but only 0 halite was available
At command 8 of 20:
    6   m 24 e
    7   m 33 e
>>> 8   m 23 w
    9   m 6 n
    10   m 28 n


Turn 330
================================================================
warning: entity 28 was directed to use 6 halite to move north, but only 2 halite was available
At command 12 of 21:
    10   m 35 n
    11   m 33 w
>>> 12   m 28 n
    13   m 19 w
    14   m 36 e


Turn 331
================================================================
warning: entity 31 was directed to use 6 halite to move south, but only 1 halite was available
At command 12 of 23:
    10   m 23 w
    11   m 34 e
>>> 12   m 31 s
    13   m 24 s
    14   m 35 e

warning: entity 36 was directed to use 9 halite to move west, but only 4 halite was available
At command 16 of 23:
    14   m 35 e
    15   m 33 e
>>> 16   m 36 w
    17   m 19 e
    18   m 26 s

warning: entity 40 was directed to use 4 halite to move north, but only 1 halite was available
At command 19 of 23:
    17   m 19 e
    18   m 26 s
>>> 19   m 40 n
    20   m 21 s
    21   m 15 n


Turn 332
================================================================
warning: entity 23 was directed to use 8 halite to move west, but only 3 halite was available
At command 12 of 26:
    10   m 30 s
    11   m 9 e
>>> 12   m 23 w
    13   m 6 n
    14   m 38 w

warning: entity 19 was directed to use 7 halite to move west, but only 3 halite was available
At command 22 of 26:
    20   m 35 s
    21   m 33 w
>>> 22   m 19 w
    23   m 21 n
    24   m 15 s


Turn 333
================================================================
warning: entity 35 was directed to use 9 halite to move east, but only 7 halite was available
At command 11 of 23:
    9   m 28 e
    10   m 40 s
>>> 11   m 35 e
    12   m 36 n
    13   m 9 e

warning: entity 38 was directed to use 4 halite to move west, but only 0 halite was available
At command 14 of 23:
    12   m 36 n
    13   m 9 e
>>> 14   m 38 w
    15   m 32 n
    16   m 33 e


Turn 334
================================================================
warning: entity 27 was directed to use 5 halite to move east, but only 2 halite was available
At command 18 of 22:
    16   m 41 s
    17   m 20 s
>>> 18   m 27 e
    19   m 11 n
    20   m 21 n


Turn 335
================================================================
warning: entity 26 was directed to use 9 halite to move south, but only 8 halite was available
At command 11 of 23:
    9   m 28 n
    10   m 30 n
>>> 11   m 26 s
    12   m 34 e
    13   m 24 s

warning: entity 40 was directed to use 6 halite to move east, but only 3 halite was available
At command 14 of 23:
    12   m 34 e
    13   m 24 s
>>> 14   m 40 e
    15   m 36 n
    16   m 32 n

warning: entity 15 was directed to use 2 halite to move north, but only 1 halite was available
At command 22 of 23:
    20   m 11 s
    21   m 21 s
>>> 22   m 15 n
    23   m 29 w


Turn 336
================================================================
warning: entity 36 was directed to use 9 halite to move south, but only 2 halite was available
At command 18 of 25:
    16   m 30 s
    17   m 34 e
>>> 18   m 36 s
    19   m 32 n
    20   m 33 w


Turn 337
================================================================
warning: entity 15 was directed to use 7 halite to move south, but only 6 halite was available
At command 4 of 25:
    2   m 36 s
    3   m 13 e
>>> 4   m 15 s
    5   m 33 e
    6   m 26 n

warning: entity 39 was directed to use 2 halite to move west, but only 0 halite was available
At command 7 of 25:
    5   m 33 e
    6   m 26 n
>>> 7   m 39 w
    8   m 31 w
    9   m 9 w

warning: entity 23 was directed to use 8 halite to move north, but only 0 halite was available
At command 16 of 25:
    14   m 28 n
    15   m 27 e
>>> 16   m 23 n
    17   m 25 n
    18   m 34 n

warning: entity 25 was directed to use 1 halite to move north, but only 0 halite was available
At command 17 of 25:
    15   m 27 e
    16   m 23 n
>>> 17   m 25 n
    18   m 34 n
    19   m 30 n

warning: entity 34 was directed to use 7 halite to move north, but only 1 halite was available
At command 18 of 25:
    16   m 23 n
    17   m 25 n
>>> 18   m 34 n
    19   m 30 n
    20   m 24 e


Turn 338
================================================================
warning: entity 27 was directed to use 6 halite to move west, but only 3 halite was available
At command 11 of 25:
    9   m 19 s
    10   m 36 w
>>> 11   m 27 w
    12   m 40 n
    13   m 35 n


Turn 339
================================================================
warning: entity 40 was directed to use 3 halite to move east, but only 0 halite was available
At command 17 of 25:
    15   m 36 s
    16   m 21 s
>>> 17   m 40 e
    18   m 35 s
    19   m 28 n

warning: owned entities 37, 32 collided on cell (8, 17) as the result of moves on this turn
At command 6 of 25:
    4   m 13 e
    5   m 15 n
>>> 6   m 37 s
    7   m 38 e
    8   m 11 s

Other commands that placed an entity on this cell:
    11   m 26 n
    12   m 33 e
>>> 13   m 32 n
    14   m 19 w
    15   m 36 s


Turn 340
================================================================
warning: entity 25 was directed to use 6 halite to move west, but only 2 halite was available
At command 14 of 25:
    12   m 36 e
    13   m 15 s
>>> 14   m 25 w
    15   m 26 s
    16   m 33 e

warning: entity 26 was directed to use 7 halite to move south, but only 1 halite was available
At command 15 of 25:
    13   m 15 s
    14   m 25 w
>>> 15   m 26 s
    16   m 33 e
    17   m 19 w

warning: entity 24 was directed to use 9 halite to move north, but only 4 halite was available
At command 21 of 25:
    19   m 35 n
    20   m 9 w
>>> 21   m 24 n
    22   m 30 n
    23   m 41 s

