
Turn 3
================================================================
warning: entity 1 was directed to use 8 halite to move north, but only 0 halite was available
At command 1 of 2:
>>> 1   m 1 n
    2   g


Turn 7
================================================================
warning: entity 3 was directed to use 4 halite to move south, but only 0 halite was available
At command 3 of 4:
    1   m 1 w
    2   m 2 o
>>> 3   m 3 s
    4   g


Turn 9
================================================================
warning: entity 4 was directed to use 7 halite to move west, but only 0 halite was available
At command 3 of 5:
    1   m 2 e
    2   m 3 w
>>> 3   m 4 w
    4   m 1 e
    5   g


Turn 11
================================================================
warning: entity 5 was directed to use 6 halite to move east, but only 0 halite was available
At command 2 of 5:
    1   m 1 n
>>> 2   m 5 e
    3   m 4 n
    4   m 2 n

warning: entity 3 was directed to use 4 halite to move south, but only 1 halite was available
At command 5 of 5:
    3   m 4 n
    4   m 2 n
>>> 5   m 3 s


Turn 12
================================================================
warning: owned entities 5, 4 collided on cell (23, 16) as the result of moves on this turn
At command 1 of 5:
>>> 1   m 5 w
    2   m 3 s
    3   m 4 n

Other commands that placed an entity on this cell:
    1   m 5 w
    2   m 3 s
>>> 3   m 4 n
    4   m 1 s
    5   m 2 n


Turn 14
================================================================
warning: entity 3 was directed to use 3 halite to move west, but only 1 halite was available
At command 3 of 3:
    1   m 1 e
    2   m 2 n
>>> 3   m 3 w


Turn 17
================================================================
warning: entity 2 was directed to use 9 halite to move south, but only 0 halite was available
At command 3 of 3:
    1   m 1 o
    2   m 3 s
>>> 3   m 2 s


Turn 18
================================================================
warning: entity 3 was directed to use 9 halite to move east, but only 2 halite was available
At command 3 of 3:
    1   m 1 s
    2   m 2 n
>>> 3   m 3 e


Turn 126
================================================================
warning: entity 1 was directed to use 8 halite to move south, but only 0 halite was available
At command 3 of 3:
    1   m 2 o
    2   m 3 o
>>> 3   m 1 s


Turn 130
================================================================
warning: entity 1 was directed to use 9 halite to move south, but only 3 halite was available
At command 3 of 3:
    1   m 3 o
    2   m 2 o
>>> 3   m 1 s


Turn 134
================================================================
warning: entity 1 was directed to use 8 halite to move east, but only 3 halite was available
At command 1 of 3:
>>> 1   m 1 e
    2   m 3 o
    3   m 2 e


Turn 140
================================================================
warning: owned entities 2, 1 collided on cell (27, 19) as the result of moves on this turn
At command 3 of 3:
    1   m 3 o
    2   m 1 o
>>> 3   m 2 e

