
Turn 3
================================================================
warning: entity 0 was directed to use 5 halite to move east, but only 0 halite was available
At command 1 of 2:
>>> 1   m 0 e
    2   g


Turn 5
================================================================
warning: entity 1 was directed to use 7 halite to move south, but only 0 halite was available
At command 2 of 3:
    1   m 0 o
>>> 2   m 1 s
    3   g


Turn 7
================================================================
warning: entity 2 was directed to use 5 halite to move south, but only 0 halite was available
At command 3 of 4:
    1   m 0 o
    2   m 1 o
>>> 3   m 2 s
    4   g


Turn 9
================================================================
warning: entity 3 was directed to use 3 halite to move south, but only 0 halite was available
At command 4 of 4:
    2   m 0 o
    3   m 2 e
>>> 4   m 3 s


Turn 11
================================================================
warning: owned entities 0, 5 collided on cell (23, 17) as the result of moves on this turn
At command 3 of 5:
    1   m 2 s
    2   m 1 o
>>> 3   m 0 n
    4   m 3 o
    5   m 5 s

Other commands that placed an entity on this cell:
    3   m 0 n
    4   m 3 o
>>> 5   m 5 s

warning: owned entities 2, 3 collided on cell (24, 17) as the result of moves on this turn
At command 1 of 5:
>>> 1   m 2 s
    2   m 1 o
    3   m 0 n

