
Turn 3
================================================================
warning: entity 1 was directed to use 3 halite to move north, but only 0 halite was available
At command 1 of 2:
>>> 1   m 1 n
    2   g


Turn 5
================================================================
warning: entity 3 was directed to use 5 halite to move south, but only 0 halite was available
At command 2 of 3:
    1   m 1 s
>>> 2   m 3 s
    3   g


Turn 7
================================================================
warning: entity 5 was directed to use 4 halite to move south, but only 0 halite was available
At command 3 of 4:
    1   m 1 o
    2   m 3 o
>>> 3   m 5 s
    4   g


Turn 9
================================================================
warning: spawn on cell (23, 16) collided with owned entity 3 on that cell
At command 5 of 5:
    3   m 7 o
    4   m 5 o
>>> 5   g


Turn 11
================================================================
warning: owned entities 7, 5 collided on cell (24, 17) as the result of moves on this turn
At command 1 of 3:
>>> 1   m 7 e
    2   m 5 o
    3   m 1 s

