
Turn 34
================================================================
warning: owned entities 9, 8 collided on cell (9, 16) as the result of moves on this turn
At command 1 of 2:
>>> 1   m 9 e
    2   m 8 n

Other commands that placed an entity on this cell:
    1   m 9 e
>>> 2   m 8 n


Turn 111
================================================================
warning: owned entities 7, 11 collided on cell (7, 15) as the result of moves on this turn
At command 1 of 3:
>>> 1   m 7 n
    2   m 6 s
    3   m 11 w

Other commands that placed an entity on this cell:
    1   m 7 n
    2   m 6 s
>>> 3   m 11 w


Turn 199
================================================================
warning: entity 4 was directed to use 3 halite to move west, but only 0 halite was available
At command 1 of 4:
>>> 1   m 4 w
    2   m 13 e
    3   m 14 s


Turn 208
================================================================
warning: entity 4 was directed to use 2 halite to move west, but only 0 halite was available
At command 1 of 3:
>>> 1   m 4 w
    2   m 12 n
    3   m 13 n


Turn 291
================================================================
warning: owned entities 16, 17 collided on cell (8, 15) as the result of moves on this turn
At command 1 of 5:
>>> 1   m 16 n
    2   m 13 n
    3   m 12 s

Other commands that placed an entity on this cell:
    3   m 12 s
    4   m 4 e
>>> 5   m 17 s


Turn 296
================================================================
warning: owned entities 18, 12 collided on cell (9, 16) as the result of moves on this turn
At command 1 of 4:
>>> 1   m 18 e
    2   m 13 n
    3   m 4 w

Other commands that placed an entity on this cell:
    2   m 13 n
    3   m 4 w
>>> 4   m 12 w


Turn 368
================================================================
warning: owned entities 14, 13 collided on cell (9, 16) as the result of moves on this turn
At command 1 of 3:
>>> 1   m 14 e
    2   m 13 n
    3   m 4 e

Other commands that placed an entity on this cell:
    1   m 14 e
>>> 2   m 13 n
    3   m 4 e

