
Turn 7
================================================================
warning: entity 5 was directed to use 8 halite to move east, but only 0 halite was available
At command 3 of 4:
    1   m 1 o
    2   m 3 o
>>> 3   m 5 e
    4   g


Turn 9
================================================================
warning: entity 7 was directed to use 9 halite to move south, but only 0 halite was available
At command 4 of 4:
    2   m 3 w
    3   m 5 e
>>> 4   m 7 s


Turn 12
================================================================
warning: entity 9 was directed to use 6 halite to move north, but only 0 halite was available
At command 3 of 5:
    1   m 3 o
    2   m 5 n
>>> 3   m 9 n
    4   m 1 n
    5   m 7 n


Turn 15
================================================================
warning: entity 9 was directed to use 7 halite to move east, but only 4 halite was available
At command 2 of 5:
    1   m 7 o
>>> 2   m 9 e
    3   m 1 w
    4   m 3 o


Turn 19
================================================================
warning: owned entities 9, 1 collided on cell (24, 14) as the result of moves on this turn
At command 3 of 5:
    1   m 7 o
    2   m 5 s
>>> 3   m 9 n
    4   m 1 e
    5   m 3 e

Other commands that placed an entity on this cell:
    2   m 5 s
    3   m 9 n
>>> 4   m 1 e
    5   m 3 e


Turn 23
================================================================
warning: entity 3 was directed to use 8 halite to move south, but only 0 halite was available
At command 3 of 3:
    1   m 7 w
    2   m 5 s
>>> 3   m 3 s


Turn 85
================================================================
warning: owned entities 5, 7 collided on cell (22, 19) as the result of moves on this turn
At command 2 of 3:
    1   m 3 o
>>> 2   m 5 n
    3   m 7 o

