
Turn 386
================================================================
warning: owned entities 0, 20, 16, 21 collided on cell (8, 16) as the result of moves on this turn
At command 2 of 10:
    1   m 13 e
>>> 2   m 0 s
    3   m 20 n
    4   m 16 e

Other commands that placed an entity on this cell:
    1   m 13 e
    2   m 0 s
>>> 3   m 20 n
    4   m 16 e
    5   m 17 w

    2   m 0 s
    3   m 20 n
>>> 4   m 16 e
    5   m 17 w
    6   m 21 w

    4   m 16 e
    5   m 17 w
>>> 6   m 21 w
    7   m 19 n
    8   m 2 w


Turn 388
================================================================
warning: entity 10 was directed to use 29 halite to move north, but only 4 halite was available
At command 1 of 12:
>>> 1   m 10 n
    2   m 13 n
    3   m 2 s

warning: entity 14 was directed to use 19 halite to move west, but only 0 halite was available
At command 4 of 12:
    2   m 13 n
    3   m 2 s
>>> 4   m 14 w
    5   m 6 w
    6   m 12 n

warning: owned entities 6, 12, 18 collided on cell (8, 16) as the result of moves on this turn
At command 5 of 12:
    3   m 2 s
    4   m 14 w
>>> 5   m 6 w
    6   m 12 n
    7   m 17 w

Other commands that placed an entity on this cell:
    4   m 14 w
    5   m 6 w
>>> 6   m 12 n
    7   m 17 w
    8   m 8 n

    7   m 17 w
    8   m 8 n
>>> 9   m 18 e
    10   m 4 e
    11   m 19 n


Turn 389
================================================================
warning: entity 4 was directed to use 9 halite to move east, but only 0 halite was available
At command 8 of 9:
    6   m 8 n
    7   m 19 n
>>> 8   m 4 e
    9   m 11 n


Turn 390
================================================================
warning: owned entities 17, 11, 2 collided on cell (8, 16) as the result of moves on this turn
At command 2 of 7:
    1   m 4 e
>>> 2   m 17 w
    3   m 10 e
    4   m 14 w

Other commands that placed an entity on this cell:
    5   m 8 n
    6   m 13 e
>>> 7   m 11 n


Turn 392
================================================================
warning: entity 4 was directed to use 15 halite to move east, but only 9 halite was available
At command 5 of 6:
    3   m 10 e
    4   m 13 e
>>> 5   m 4 e
    6   m 14 w

warning: owned entities 19, 8 collided on cell (8, 16) as the result of moves on this turn
At command 1 of 6:
>>> 1   m 19 w
    2   m 8 n
    3   m 10 e

Other commands that placed an entity on this cell:
    1   m 19 w
>>> 2   m 8 n
    3   m 10 e
    4   m 13 e


Turn 394
================================================================
warning: owned entities 4, 13 collided on cell (8, 16) as the result of moves on this turn
At command 1 of 3:
>>> 1   m 4 s
    2   m 10 e
    3   m 14 s


Turn 398
================================================================
warning: owned entities 10, 14 collided on cell (8, 16) as the result of moves on this turn
At command 1 of 1:
>>> 1   m 10 e

