
Turn 3
================================================================
warning: entity 1 was directed to use 1 halite to move west, but only 0 halite was available
At command 1 of 2:
>>> 1   m 1 w
    2   g


Turn 5
================================================================
warning: entity 1 was directed to use 4 halite to move north, but only 3 halite was available
At command 1 of 3:
>>> 1   m 1 n
    2   m 3 o
    3   g


Turn 6
================================================================
warning: owned entities 1, 5 collided on cell (23, 17) as the result of moves on this turn
At command 1 of 3:
>>> 1   m 1 e
    2   m 3 w
    3   m 5 s

Other commands that placed an entity on this cell:
    1   m 1 e
    2   m 3 w
>>> 3   m 5 s


Turn 8
================================================================
warning: entity 3 was directed to use 3 halite to move west, but only 0 halite was available
At command 1 of 2:
>>> 1   m 3 w
    2   g


Turn 10
================================================================
warning: entity 7 was directed to use 7 halite to move south, but only 0 halite was available
At command 2 of 3:
    1   m 3 w
>>> 2   m 7 s
    3   g


Turn 12
================================================================
warning: entity 9 was directed to use 2 halite to move north, but only 0 halite was available
At command 3 of 3:
    1   m 3 o
    2   m 7 w
>>> 3   m 9 n


Turn 15
================================================================
warning: entity 9 was directed to use 2 halite to move south, but only 0 halite was available
At command 2 of 3:
    1   m 3 o
>>> 2   m 9 s
    3   m 7 s

warning: entity 7 was directed to use 5 halite to move south, but only 0 halite was available
At command 3 of 3:
    1   m 3 o
    2   m 9 s
>>> 3   m 7 s


Turn 18
================================================================
warning: entity 7 was directed to use 3 halite to move south, but only 0 halite was available
At command 3 of 3:
    1   m 9 o
    2   m 3 s
>>> 3   m 7 s


Turn 21
================================================================
warning: entity 7 was directed to use 2 halite to move north, but only 0 halite was available
At command 3 of 3:
    1   m 9 e
    2   m 3 n
>>> 3   m 7 n


Turn 24
================================================================
warning: entity 9 was directed to use 2 halite to move east, but only 0 halite was available
At command 2 of 3:
    1   m 3 o
>>> 2   m 9 e
    3   m 7 w


Turn 25
================================================================
warning: entity 7 was directed to use 7 halite to move north, but only 0 halite was available
At command 3 of 3:
    1   m 3 o
    2   m 9 n
>>> 3   m 7 n


Turn 26
================================================================
warning: owned entities 7, 9 collided on cell (22, 16) as the result of moves on this turn
At command 2 of 3:
    1   m 3 e
>>> 2   m 7 e
    3   m 9 w

Other commands that placed an entity on this cell:
    1   m 3 e
    2   m 7 e
>>> 3   m 9 w


Turn 269
================================================================
warning: entity 3 was directed to use 2 halite to move west, but only 0 halite was available
At command 1 of 1:
>>> 1   m 3 w


Turn 272
================================================================
warning: entity 3 was directed to use 3 halite to move north, but only 0 halite was available
At command 1 of 1:
>>> 1   m 3 n


Turn 275
================================================================
warning: entity 3 was directed to use 1 halite to move north, but only 0 halite was available
At command 1 of 1:
>>> 1   m 3 n


Turn 278
================================================================
warning: entity 3 was directed to use 1 halite to move east, but only 0 halite was available
At command 1 of 1:
>>> 1   m 3 e


Turn 281
================================================================
warning: entity 3 was directed to use 9 halite to move north, but only 0 halite was available
At command 1 of 1:
>>> 1   m 3 n

