
Turn 3
================================================================
warning: entity 1 was directed to use 5 halite to move east, but only 0 halite was available
At command 1 of 2:
>>> 1   m 1 e
    2   g


Turn 6
================================================================
warning: entity 1 was directed to use 9 halite to move west, but only 7 halite was available
At command 1 of 3:
>>> 1   m 1 w
    2   m 2 n
    3   m 3 n

warning: entity 2 was directed to use 5 halite to move north, but only 0 halite was available
At command 2 of 3:
    1   m 1 w
>>> 2   m 2 n
    3   m 3 n


Turn 8
================================================================
warning: entity 3 was directed to use 4 halite to move east, but only 0 halite was available
At command 1 of 4:
>>> 1   m 3 e
    2   m 1 o
    3   m 2 e


Turn 9
================================================================
warning: entity 4 was directed to use 4 halite to move west, but only 0 halite was available
At command 4 of 5:
    2   m 1 o
    3   m 2 w
>>> 4   m 4 w
    5   g


Turn 10
================================================================
warning: entity 2 was directed to use 4 halite to move north, but only 2 halite was available
At command 4 of 5:
    2   m 4 w
    3   m 3 s
>>> 4   m 2 n
    5   m 5 w


Turn 11
================================================================
warning: entity 5 was directed to use 7 halite to move south, but only 0 halite was available
At command 5 of 5:
    3   m 3 w
    4   m 4 e
>>> 5   m 5 s

warning: owned entities 3, 5 collided on cell (22, 16) as the result of moves on this turn
At command 3 of 5:
    1   m 1 s
    2   m 2 s
>>> 3   m 3 w
    4   m 4 e
    5   m 5 s


Turn 14
================================================================
warning: entity 4 was directed to use 7 halite to move west, but only 0 halite was available
At command 3 of 3:
    1   m 1 s
    2   m 2 o
>>> 3   m 4 w


Turn 18
================================================================
warning: entity 4 was directed to use 3 halite to move west, but only 2 halite was available
At command 3 of 3:
    1   m 2 e
    2   m 1 e
>>> 3   m 4 w


Turn 22
================================================================
warning: entity 4 was directed to use 4 halite to move east, but only 0 halite was available
At command 1 of 3:
>>> 1   m 4 e
    2   m 1 w
    3   m 2 s


Turn 36
================================================================
warning: entity 4 was directed to use 8 halite to move west, but only 3 halite was available
At command 2 of 3:
    1   m 1 s
>>> 2   m 4 w
    3   m 2 e


Turn 41
================================================================
warning: entity 4 was directed to use 9 halite to move east, but only 0 halite was available
At command 3 of 3:
    1   m 2 o
    2   m 1 o
>>> 3   m 4 e


Turn 47
================================================================
warning: entity 4 was directed to use 7 halite to move east, but only 2 halite was available
At command 2 of 3:
    1   m 2 o
>>> 2   m 4 e
    3   m 1 n


Turn 51
================================================================
warning: entity 4 was directed to use 7 halite to move north, but only 4 halite was available
At command 2 of 3:
    1   m 2 o
>>> 2   m 4 n
    3   m 1 e


Turn 56
================================================================
warning: entity 4 was directed to use 8 halite to move north, but only 3 halite was available
At command 3 of 3:
    1   m 2 n
    2   m 1 o
>>> 3   m 4 n


Turn 70
================================================================
warning: entity 4 was directed to use 5 halite to move north, but only 0 halite was available
At command 3 of 3:
    1   m 2 w
    2   m 1 e
>>> 3   m 4 n


Turn 73
================================================================
warning: entity 4 was directed to use 5 halite to move north, but only 1 halite was available
At command 3 of 3:
    1   m 2 o
    2   m 1 n
>>> 3   m 4 n


Turn 76
================================================================
warning: entity 4 was directed to use 5 halite to move north, but only 2 halite was available
At command 2 of 3:
    1   m 2 n
>>> 2   m 4 n
    3   m 1 w


Turn 79
================================================================
warning: entity 4 was directed to use 4 halite to move north, but only 3 halite was available
At command 1 of 3:
>>> 1   m 4 n
    2   m 2 o
    3   m 1 w


Turn 84
================================================================
warning: entity 4 was directed to use 3 halite to move west, but only 2 halite was available
At command 2 of 3:
    1   m 2 s
>>> 2   m 4 w
    3   m 1 s


Turn 86
================================================================
warning: entity 4 was directed to use 9 halite to move east, but only 8 halite was available
At command 2 of 3:
    1   m 2 s
>>> 2   m 4 e
    3   m 1 e


Turn 92
================================================================
warning: entity 4 was directed to use 8 halite to move west, but only 4 halite was available
At command 3 of 3:
    1   m 2 w
    2   m 1 s
>>> 3   m 4 w

