
Turn 3
================================================================
warning: entity 1 was directed to use 8 halite to move south, but only 0 halite was available
At command 1 of 2:
>>> 1   m 1 s
    2   g


Turn 5
================================================================
warning: entity 3 was directed to use 8 halite to move south, but only 0 halite was available
At command 2 of 3:
    1   m 1 s
>>> 2   m 3 s
    3   g


Turn 7
================================================================
warning: entity 5 was directed to use 6 halite to move south, but only 0 halite was available
At command 3 of 3:
    1   m 1 o
    2   m 3 e
>>> 3   m 5 s


Turn 8
================================================================
warning: entity 3 was directed to use 6 halite to move north, but only 0 halite was available
At command 3 of 4:
    1   m 1 o
    2   m 5 n
>>> 3   m 3 n
    4   g


Turn 9
================================================================
warning: owned entities 5, 7 collided on cell (23, 15) as the result of moves on this turn
At command 3 of 4:
    1   m 1 o
    2   m 3 w
>>> 3   m 5 e
    4   m 7 n

Other commands that placed an entity on this cell:
    2   m 3 w
    3   m 5 e
>>> 4   m 7 n


Turn 11
================================================================
warning: entity 3 was directed to use 7 halite to move west, but only 0 halite was available
At command 1 of 3:
>>> 1   m 3 w
    2   m 1 o
    3   g


Turn 13
================================================================
warning: entity 9 was directed to use 5 halite to move west, but only 0 halite was available
At command 1 of 3:
>>> 1   m 9 w
    2   m 1 w
    3   m 3 s


Turn 14
================================================================
warning: entity 3 was directed to use 5 halite to move south, but only 0 halite was available
At command 3 of 3:
    1   m 1 o
    2   m 9 w
>>> 3   m 3 s


Turn 17
================================================================
warning: entity 9 was directed to use 8 halite to move south, but only 1 halite was available
At command 3 of 3:
    1   m 3 w
    2   m 1 e
>>> 3   m 9 s

warning: owned entities 1, 9 collided on cell (22, 17) as the result of moves on this turn
At command 2 of 3:
    1   m 3 w
>>> 2   m 1 e
    3   m 9 s


Turn 30
================================================================
warning: entity 3 was directed to use 3 halite to move north, but only 0 halite was available
At command 1 of 1:
>>> 1   m 3 n


Turn 35
================================================================
warning: entity 3 was directed to use 2 halite to move south, but only 0 halite was available
At command 1 of 1:
>>> 1   m 3 s

