
Turn 6
================================================================
warning: owned entities 2, 1 collided on cell (23, 15) as the result of moves on this turn
At command 3 of 3:
    1   m 0 o
    2   m 1 o
>>> 3   m 2 n


Turn 21
================================================================
warning: entity 3 was directed to use 8 halite to move west, but only 0 halite was available
At command 2 of 3:
    1   m 0 o
>>> 2   m 3 w
    3   m 4 o


Turn 24
================================================================
warning: entity 3 was directed to use 6 halite to move north, but only 0 halite was available
At command 2 of 3:
    1   m 0 n
>>> 2   m 3 n
    3   m 4 o


Turn 34
================================================================
warning: entity 0 was directed to use 4 halite to move west, but only 0 halite was available
At command 1 of 4:
>>> 1   m 0 w
    2   m 3 o
    3   m 4 e


Turn 37
================================================================
warning: entity 0 was directed to use 9 halite to move north, but only 0 halite was available
At command 1 of 4:
>>> 1   m 0 n
    2   m 9 o
    3   m 3 o


Turn 40
================================================================
warning: entity 0 was directed to use 3 halite to move west, but only 0 halite was available
At command 1 of 4:
>>> 1   m 0 w
    2   m 9 o
    3   m 3 o


Turn 42
================================================================
warning: entity 0 was directed to use 9 halite to move north, but only 7 halite was available
At command 1 of 4:
>>> 1   m 0 n
    2   m 9 w
    3   m 3 o


Turn 43
================================================================
warning: entity 9 was directed to use 6 halite to move east, but only 0 halite was available
At command 2 of 4:
    1   m 0 w
>>> 2   m 9 e
    3   m 3 e
    4   m 4 n


Turn 46
================================================================
warning: entity 0 was directed to use 9 halite to move west, but only 7 halite was available
At command 1 of 4:
>>> 1   m 0 w
    2   m 9 w
    3   m 3 o


Turn 47
================================================================
warning: entity 9 was directed to use 8 halite to move west, but only 1 halite was available
At command 2 of 4:
    1   m 0 n
>>> 2   m 9 w
    3   m 3 w
    4   m 4 n


Turn 51
================================================================
warning: entity 9 was directed to use 9 halite to move south, but only 2 halite was available
At command 2 of 4:
    1   m 0 o
>>> 2   m 9 s
    3   m 3 o
    4   m 4 e


Turn 55
================================================================
warning: entity 9 was directed to use 9 halite to move east, but only 4 halite was available
At command 2 of 4:
    1   m 0 o
>>> 2   m 9 e
    3   m 3 e
    4   m 4 n


Turn 60
================================================================
warning: entity 9 was directed to use 6 halite to move east, but only 1 halite was available
At command 2 of 4:
    1   m 0 w
>>> 2   m 9 e
    3   m 3 w
    4   m 4 n


Turn 68
================================================================
warning: entity 9 was directed to use 8 halite to move west, but only 4 halite was available
At command 2 of 4:
    1   m 0 e
>>> 2   m 9 w
    3   m 3 n
    4   m 4 n


Turn 73
================================================================
warning: entity 0 was directed to use 8 halite to move east, but only 0 halite was available
At command 1 of 4:
>>> 1   m 0 e
    2   m 9 w
    3   m 3 n


Turn 76
================================================================
warning: entity 0 was directed to use 9 halite to move east, but only 7 halite was available
At command 1 of 4:
>>> 1   m 0 e
    2   m 9 e
    3   m 3 w


Turn 92
================================================================
warning: entity 0 was directed to use 2 halite to move east, but only 0 halite was available
At command 1 of 5:
>>> 1   m 0 e
    2   m 9 o
    3   m 3 o


Turn 94
================================================================
warning: entity 11 was directed to use 5 halite to move south, but only 0 halite was available
At command 3 of 5:
    1   m 3 w
    2   m 9 o
>>> 3   m 11 s
    4   m 4 o
    5   m 0 n


Turn 95
================================================================
warning: entity 0 was directed to use 9 halite to move west, but only 0 halite was available
At command 5 of 5:
    3   m 3 e
    4   m 4 e
>>> 5   m 0 w


Turn 97
================================================================
warning: entity 11 was directed to use 7 halite to move north, but only 4 halite was available
At command 3 of 5:
    1   m 3 n
    2   m 0 s
>>> 3   m 11 n
    4   m 4 n
    5   m 9 o


Turn 99
================================================================
warning: owned entities 0, 11 collided on cell (21, 15) as the result of moves on this turn
At command 1 of 5:
>>> 1   m 0 n
    2   m 9 o
    3   m 3 w

Other commands that placed an entity on this cell:
    3   m 3 w
    4   m 4 w
>>> 5   m 11 w

