
Turn 386
================================================================
warning: owned entities 15, 18, 6, 4, 19 collided on cell (8, 16) as the result of moves on this turn
At command 4 of 9:
    2   m 9 s
    3   m 14 n
>>> 4   m 15 n
    5   m 18 w
    6   m 6 e

Other commands that placed an entity on this cell:
    3   m 14 n
    4   m 15 n
>>> 5   m 18 w
    6   m 6 e
    7   m 4 s

    4   m 15 n
    5   m 18 w
>>> 6   m 6 e
    7   m 4 s
    8   m 8 w

    5   m 18 w
    6   m 6 e
>>> 7   m 4 s
    8   m 8 w
    9   m 0 e


Turn 388
================================================================
warning: owned entities 11, 9, 17, 16 collided on cell (8, 16) as the result of moves on this turn
At command 2 of 10:
    1   m 2 w
>>> 2   m 11 w
    3   m 9 s
    4   m 17 e

Other commands that placed an entity on this cell:
    1   m 2 w
    2   m 11 w
>>> 3   m 9 s
    4   m 17 e
    5   m 16 n

    2   m 11 w
    3   m 9 s
>>> 4   m 17 e
    5   m 16 n
    6   m 12 e

    3   m 9 s
    4   m 17 e
>>> 5   m 16 n
    6   m 12 e
    7   m 10 w


Turn 391
================================================================
warning: owned entities 12, 13 collided on cell (8, 16) as the result of moves on this turn
At command 2 of 6:
    1   m 2 w
>>> 2   m 12 e
    3   m 0 n
    4   m 8 w


Turn 392
================================================================
warning: owned entities 2, 0 collided on cell (8, 16) as the result of moves on this turn
At command 1 of 5:
>>> 1   m 2 s
    2   m 0 n
    3   m 14 n

Other commands that placed an entity on this cell:
    1   m 2 s
>>> 2   m 0 n
    3   m 14 n
    4   m 8 w


Turn 395
================================================================
warning: owned entities 14, 10 collided on cell (8, 16) as the result of moves on this turn
At command 1 of 2:
>>> 1   m 14 n
    2   m 8 w

