
Turn 8
================================================================
warning: owned entities 4, 3 collided on cell (24, 16) as the result of moves on this turn
At command 4 of 4:
    2   m 2 o
    3   m 3 o
>>> 4   m 4 e


Turn 10
================================================================
warning: owned entities 1, 2 collided on cell (23, 16) as the result of moves on this turn
At command 1 of 3:
>>> 1   m 1 s
    2   m 2 n
    3   m 5 s

Other commands that placed an entity on this cell:
    1   m 1 s
>>> 2   m 2 n
    3   m 5 s


Turn 11
================================================================
warning: entity 5 was directed to use 9 halite to move west, but only 0 halite was available
At command 1 of 1:
>>> 1   m 5 w


Turn 14
================================================================
warning: entity 5 was directed to use 7 halite to move north, but only 0 halite was available
At command 1 of 1:
>>> 1   m 5 n


Turn 36
================================================================
warning: entity 6 was directed to use 8 halite to move east, but only 0 halite was available
At command 2 of 2:
    1   m 5 o
>>> 2   m 6 e


Turn 78
================================================================
warning: entity 6 was directed to use 8 halite to move south, but only 0 halite was available
At command 1 of 3:
>>> 1   m 6 s
    2   m 5 e
    3   g


Turn 89
================================================================
warning: entity 7 was directed to use 5 halite to move south, but only 0 halite was available
At command 1 of 4:
>>> 1   m 7 s
    2   m 5 s
    3   m 6 o


Turn 91
================================================================
warning: entity 8 was directed to use 8 halite to move east, but only 0 halite was available
At command 4 of 4:
    2   m 5 o
    3   m 7 e
>>> 4   m 8 e

warning: owned entities 7, 8 collided on cell (24, 16) as the result of moves on this turn
At command 3 of 4:
    1   m 6 o
    2   m 5 o
>>> 3   m 7 e
    4   m 8 e

