
Turn 3
================================================================
warning: entity 1 was directed to use 5 halite to move west, but only 0 halite was available
At command 1 of 2:
>>> 1   m 1 w
    2   g


Turn 5
================================================================
warning: entity 2 was directed to use 6 halite to move south, but only 0 halite was available
At command 2 of 3:
    1   m 1 s
>>> 2   m 2 s
    3   g


Turn 6
================================================================
warning: entity 1 was directed to use 3 halite to move north, but only 1 halite was available
At command 2 of 3:
    1   m 2 s
>>> 2   m 1 n
    3   m 3 n


Turn 7
================================================================
warning: entity 3 was directed to use 9 halite to move west, but only 0 halite was available
At command 3 of 4:
    1   m 1 w
    2   m 2 e
>>> 3   m 3 w
    4   g


Turn 9
================================================================
warning: entity 4 was directed to use 7 halite to move south, but only 0 halite was available
At command 4 of 5:
    2   m 3 n
    3   m 1 e
>>> 4   m 4 s
    5   g


Turn 10
================================================================
warning: entity 1 was directed to use 9 halite to move north, but only 2 halite was available
At command 4 of 5:
    2   m 2 o
    3   m 3 o
>>> 4   m 1 n
    5   m 5 s

warning: owned entities 4, 1 collided on cell (22, 15) as the result of moves on this turn
At command 1 of 5:
>>> 1   m 4 w
    2   m 2 o
    3   m 3 o


Turn 11
================================================================
warning: entity 5 was directed to use 5 halite to move west, but only 0 halite was available
At command 3 of 3:
    1   m 2 s
    2   m 3 o
>>> 3   m 5 w


Turn 14
================================================================
warning: entity 5 was directed to use 3 halite to move east, but only 0 halite was available
At command 3 of 3:
    1   m 3 o
    2   m 2 o
>>> 3   m 5 e


Turn 17
================================================================
warning: entity 5 was directed to use 2 halite to move south, but only 0 halite was available
At command 3 of 3:
    1   m 3 w
    2   m 2 o
>>> 3   m 5 s


Turn 22
================================================================
warning: entity 5 was directed to use 2 halite to move north, but only 1 halite was available
At command 3 of 3:
    1   m 3 o
    2   m 2 o
>>> 3   m 5 n


Turn 25
================================================================
warning: entity 5 was directed to use 1 halite to move east, but only 0 halite was available
At command 3 of 3:
    1   m 3 o
    2   m 2 o
>>> 3   m 5 e


Turn 28
================================================================
warning: entity 5 was directed to use 5 halite to move west, but only 0 halite was available
At command 3 of 3:
    1   m 2 w
    2   m 3 o
>>> 3   m 5 w


Turn 36
================================================================
warning: entity 5 was directed to use 8 halite to move west, but only 4 halite was available
At command 3 of 3:
    1   m 2 n
    2   m 3 w
>>> 3   m 5 w


Turn 103
================================================================
warning: entity 3 was directed to use 1 halite to move west, but only 0 halite was available
At command 3 of 3:
    1   m 2 n
    2   m 5 o
>>> 3   m 3 w


Turn 105
================================================================
warning: entity 3 was directed to use 8 halite to move north, but only 3 halite was available
At command 3 of 3:
    1   m 2 e
    2   m 5 w
>>> 3   m 3 n


Turn 109
================================================================
warning: entity 3 was directed to use 7 halite to move north, but only 6 halite was available
At command 3 of 3:
    1   m 5 s
    2   m 2 s
>>> 3   m 3 n


Turn 114
================================================================
warning: entity 3 was directed to use 1 halite to move north, but only 0 halite was available
At command 3 of 3:
    1   m 5 o
    2   m 2 o
>>> 3   m 3 n


Turn 116
================================================================
warning: entity 3 was directed to use 6 halite to move south, but only 3 halite was available
At command 3 of 3:
    1   m 2 o
    2   m 5 o
>>> 3   m 3 s


Turn 123
================================================================
warning: entity 3 was directed to use 1 halite to move east, but only 0 halite was available
At command 2 of 3:
    1   m 5 s
>>> 2   m 3 e
    3   m 2 o


Turn 126
================================================================
warning: entity 3 was directed to use 7 halite to move north, but only 1 halite was available
At command 2 of 3:
    1   m 2 n
>>> 2   m 3 n
    3   m 5 o


Turn 145
================================================================
warning: entity 3 was directed to use 8 halite to move west, but only 2 halite was available
At command 3 of 3:
    1   m 5 s
    2   m 2 o
>>> 3   m 3 w


Turn 149
================================================================
warning: entity 3 was directed to use 5 halite to move south, but only 1 halite was available
At command 3 of 3:
    1   m 2 n
    2   m 5 w
>>> 3   m 3 s


Turn 152
================================================================
warning: entity 3 was directed to use 4 halite to move east, but only 3 halite was available
At command 3 of 3:
    1   m 2 o
    2   m 5 o
>>> 3   m 3 e


Turn 155
================================================================
warning: entity 3 was directed to use 3 halite to move north, but only 2 halite was available
At command 2 of 3:
    1   m 2 n
>>> 2   m 3 n
    3   m 5 s


Turn 158
================================================================
warning: entity 3 was directed to use 8 halite to move north, but only 0 halite was available
At command 3 of 3:
    1   m 5 n
    2   m 2 n
>>> 3   m 3 n


Turn 234
================================================================
warning: entity 5 was directed to use 2 halite to move east, but only 0 halite was available
At command 3 of 3:
    1   m 3 e
    2   m 2 w
>>> 3   m 5 e


Turn 237
================================================================
warning: entity 5 was directed to use 8 halite to move south, but only 0 halite was available
At command 1 of 3:
>>> 1   m 5 s
    2   m 3 s
    3   m 2 n

