
Turn 4
================================================================
warning: entity 1 was directed to use 9 halite to move west, but only 0 halite was available
At command 1 of 2:
>>> 1   m 1 w
    2   m 3 n


Turn 7
================================================================
warning: entity 5 was directed to use 9 halite to move west, but only 0 halite was available
At command 3 of 3:
    1   m 3 o
    2   m 1 e
>>> 3   m 5 w

warning: owned entities 1, 5 collided on cell (24, 16) as the result of moves on this turn
At command 2 of 3:
    1   m 3 o
>>> 2   m 1 e
    3   m 5 w


Turn 10
================================================================
warning: entity 7 was directed to use 8 halite to move west, but only 0 halite was available
At command 2 of 3:
    1   m 3 w
>>> 2   m 7 w
    3   g


Turn 12
================================================================
warning: entity 9 was directed to use 9 halite to move west, but only 0 halite was available
At command 3 of 3:
    1   m 3 s
    2   m 7 w
>>> 3   m 9 w

warning: owned entities 3, 7 collided on cell (21, 15) as the result of moves on this turn
At command 1 of 3:
>>> 1   m 3 s
    2   m 7 w
    3   m 9 w

Other commands that placed an entity on this cell:
    1   m 3 s
>>> 2   m 7 w
    3   m 9 w

