
Turn 27
================================================================
warning: entity 0 was directed to use 8 halite to move east, but only 0 halite was available
At command 1 of 1:
>>> 1   m 0 e


Turn 46
================================================================
warning: entity 0 was directed to use 6 halite to move north, but only 0 halite was available
At command 1 of 2:
>>> 1   m 0 n
    2   g


Turn 52
================================================================
warning: entity 7 was directed to use 4 halite to move east, but only 0 halite was available
At command 2 of 2:
    1   m 6 e
>>> 2   m 7 e


Turn 66
================================================================
warning: entity 6 was directed to use 3 halite to move west, but only 0 halite was available
At command 3 of 4:
    1   m 0 s
    2   m 7 n
>>> 3   m 6 w
    4   g


Turn 68
================================================================
warning: entity 8 was directed to use 9 halite to move south, but only 0 halite was available
At command 3 of 3:
    1   m 6 n
    2   m 0 s
>>> 3   m 8 s


Turn 72
================================================================
warning: entity 0 was directed to use 2 halite to move west, but only 0 halite was available
At command 1 of 2:
>>> 1   m 0 w
    2   g


Turn 74
================================================================
warning: entity 0 was directed to use 7 halite to move north, but only 6 halite was available
At command 1 of 2:
>>> 1   m 0 n
    2   m 9 w

warning: entity 9 was directed to use 6 halite to move west, but only 0 halite was available
At command 2 of 2:
    1   m 0 n
>>> 2   m 9 w


Turn 87
================================================================
warning: entity 7 was directed to use 1 halite to move west, but only 0 halite was available
At command 2 of 2:
    1   m 8 n
>>> 2   m 7 w


Turn 89
================================================================
warning: entity 8 was directed to use 3 halite to move south, but only 0 halite was available
At command 1 of 3:
>>> 1   m 8 s
    2   m 7 n
    3   g

warning: entity 7 was directed to use 5 halite to move north, but only 4 halite was available
At command 2 of 3:
    1   m 8 s
>>> 2   m 7 n
    3   g


Turn 91
================================================================
warning: entity 8 was directed to use 9 halite to move east, but only 8 halite was available
At command 1 of 4:
>>> 1   m 8 e
    2   m 6 s
    3   m 7 n

warning: entity 10 was directed to use 1 halite to move west, but only 0 halite was available
At command 4 of 4:
    2   m 6 s
    3   m 7 n
>>> 4   m 10 w


Turn 93
================================================================
warning: entity 10 was directed to use 4 halite to move west, but only 3 halite was available
At command 2 of 2:
    1   m 6 s
>>> 2   m 10 w


Turn 96
================================================================
warning: entity 10 was directed to use 9 halite to move north, but only 4 halite was available
At command 2 of 4:
    1   m 9 n
>>> 2   m 10 n
    3   m 7 n
    4   m 6 s


Turn 99
================================================================
warning: entity 6 was directed to use 1 halite to move west, but only 0 halite was available
At command 3 of 4:
    1   m 9 n
    2   m 10 n
>>> 3   m 6 w
    4   m 7 n


Turn 100
================================================================
warning: entity 10 was directed to use 9 halite to move north, but only 4 halite was available
At command 2 of 5:
    1   m 6 w
>>> 2   m 10 n
    3   m 9 n
    4   m 7 e


Turn 102
================================================================
warning: entity 6 was directed to use 7 halite to move north, but only 0 halite was available
At command 3 of 4:
    1   m 0 e
    2   m 9 n
>>> 3   m 6 n
    4   m 11 w


Turn 103
================================================================
warning: entity 11 was directed to use 3 halite to move west, but only 0 halite was available
At command 2 of 3:
    1   m 6 n
>>> 2   m 11 w
    3   m 9 n


Turn 105
================================================================
warning: entity 11 was directed to use 9 halite to move north, but only 7 halite was available
At command 3 of 6:
    1   m 0 e
    2   m 8 s
>>> 3   m 11 n
    4   m 9 n
    5   m 6 n

warning: entity 9 was directed to use 8 halite to move north, but only 0 halite was available
At command 4 of 6:
    2   m 8 s
    3   m 11 n
>>> 4   m 9 n
    5   m 6 n
    6   m 12 n


Turn 106
================================================================
warning: entity 6 was directed to use 9 halite to move north, but only 1 halite was available
At command 4 of 5:
    2   m 9 n
    3   m 12 w
>>> 4   m 6 n
    5   m 0 s


Turn 107
================================================================
warning: entity 12 was directed to use 2 halite to move north, but only 0 halite was available
At command 4 of 6:
    2   m 6 n
    3   m 0 e
>>> 4   m 12 n
    5   m 11 w
    6   m 9 n


Turn 109
================================================================
warning: entity 9 was directed to use 7 halite to move north, but only 0 halite was available
At command 6 of 6:
    4   m 12 n
    5   m 6 s
>>> 6   m 9 n


Turn 110
================================================================
warning: entity 12 was directed to use 6 halite to move north, but only 0 halite was available
At command 5 of 5:
    3   m 8 n
    4   m 0 s
>>> 5   m 12 n


Turn 111
================================================================
warning: entity 6 was directed to use 5 halite to move north, but only 0 halite was available
At command 6 of 6:
    4   m 0 s
    5   m 8 n
>>> 6   m 6 n


Turn 113
================================================================
warning: entity 12 was directed to use 7 halite to move north, but only 4 halite was available
At command 4 of 4:
    2   m 8 n
    3   m 0 w
>>> 4   m 12 n


Turn 116
================================================================
warning: entity 8 was directed to use 8 halite to move north, but only 2 halite was available
At command 6 of 8:
    4   m 0 s
    5   m 7 e
>>> 6   m 8 n
    7   m 13 w
    8   m 12 n

warning: entity 13 was directed to use 2 halite to move west, but only 0 halite was available
At command 7 of 8:
    5   m 7 e
    6   m 8 n
>>> 7   m 13 w
    8   m 12 n


Turn 118
================================================================
warning: entity 13 was directed to use 9 halite to move south, but only 5 halite was available
At command 2 of 6:
    1   m 8 n
>>> 2   m 13 s
    3   m 10 w
    4   m 12 n

warning: entity 12 was directed to use 8 halite to move north, but only 0 halite was available
At command 4 of 6:
    2   m 13 s
    3   m 10 w
>>> 4   m 12 n
    5   m 0 n
    6   m 7 s


Turn 120
================================================================
warning: entity 0 was directed to use 4 halite to move north, but only 0 halite was available
At command 2 of 5:
    1   m 9 n
>>> 2   m 0 n
    3   m 13 s
    4   m 10 s


Turn 127
================================================================
warning: entity 0 was directed to use 6 halite to move north, but only 3 halite was available
At command 4 of 7:
    2   m 11 n
    3   m 8 n
>>> 4   m 0 n
    5   m 9 w
    6   m 10 w


Turn 131
================================================================
warning: entity 10 was directed to use 2 halite to move east, but only 0 halite was available
At command 3 of 6:
    1   m 8 n
    2   m 7 s
>>> 3   m 10 e
    4   m 11 e
    5   m 6 w


Turn 132
================================================================
warning: owned entities 7, 9 collided on cell (8, 15) as the result of moves on this turn
At command 5 of 7:
    3   m 6 s
    4   m 8 e
>>> 5   m 7 n
    6   m 11 s
    7   m 9 s

Other commands that placed an entity on this cell:
    5   m 7 n
    6   m 11 s
>>> 7   m 9 s


Turn 133
================================================================
warning: entity 10 was directed to use 7 halite to move south, but only 5 halite was available
At command 2 of 4:
    1   m 6 s
>>> 2   m 10 s
    3   m 11 s
    4   g


Turn 142
================================================================
warning: entity 6 was directed to use 1 halite to move east, but only 0 halite was available
At command 5 of 5:
    3   m 8 w
    4   m 12 w
>>> 5   m 6 e


Turn 144
================================================================
warning: entity 6 was directed to use 5 halite to move east, but only 3 halite was available
At command 3 of 4:
    1   m 13 e
    2   m 8 s
>>> 3   m 6 e
    4   m 0 s


Turn 146
================================================================
warning: entity 13 was directed to use 1 halite to move east, but only 0 halite was available
At command 4 of 5:
    2   m 14 w
    3   m 6 s
>>> 4   m 13 e
    5   m 8 s


Turn 148
================================================================
warning: entity 13 was directed to use 4 halite to move south, but only 3 halite was available
At command 4 of 4:
    2   m 11 s
    3   m 12 e
>>> 4   m 13 s


Turn 151
================================================================
warning: entity 11 was directed to use 3 halite to move east, but only 0 halite was available
At command 4 of 5:
    2   m 0 s
    3   m 10 s
>>> 4   m 11 e
    5   m 12 e


Turn 154
================================================================
warning: entity 8 was directed to use 2 halite to move east, but only 0 halite was available
At command 2 of 5:
    1   m 11 e
>>> 2   m 8 e
    3   m 12 n
    4   m 10 n


Turn 157
================================================================
warning: entity 15 was directed to use 1 halite to move south, but only 0 halite was available
At command 1 of 5:
>>> 1   m 15 s
    2   m 0 s
    3   m 8 s

warning: entity 8 was directed to use 9 halite to move south, but only 0 halite was available
At command 3 of 5:
    1   m 15 s
    2   m 0 s
>>> 3   m 8 s
    4   m 12 n
    5   m 16 n


Turn 158
================================================================
warning: entity 16 was directed to use 2 halite to move south, but only 0 halite was available
At command 8 of 8:
    6   m 0 s
    7   m 12 n
>>> 8   m 16 s


Turn 160
================================================================
warning: entity 15 was directed to use 8 halite to move south, but only 0 halite was available
At command 2 of 6:
    1   m 11 s
>>> 2   m 15 s
    3   m 12 n
    4   m 16 n


Turn 161
================================================================
warning: entity 16 was directed to use 1 halite to move south, but only 0 halite was available
At command 6 of 6:
    4   m 13 s
    5   m 11 w
>>> 6   m 16 s


Turn 164
================================================================
warning: entity 16 was directed to use 1 halite to move south, but only 0 halite was available
At command 4 of 5:
    2   m 11 w
    3   m 12 w
>>> 4   m 16 s
    5   m 14 s


Turn 171
================================================================
warning: entity 10 was directed to use 4 halite to move south, but only 0 halite was available
At command 6 of 6:
    4   m 12 n
    5   m 0 w
>>> 6   m 10 s


Turn 174
================================================================
warning: entity 10 was directed to use 6 halite to move south, but only 3 halite was available
At command 4 of 4:
    2   m 13 w
    3   m 6 e
>>> 4   m 10 s


Turn 175
================================================================
warning: entity 6 was directed to use 3 halite to move east, but only 0 halite was available
At command 5 of 5:
    3   m 10 s
    4   m 13 n
>>> 5   m 6 e


Turn 178
================================================================
warning: entity 6 was directed to use 4 halite to move south, but only 1 halite was available
At command 3 of 5:
    1   m 13 n
    2   m 12 e
>>> 3   m 6 s
    4   m 15 n
    5   m 10 s

warning: entity 10 was directed to use 9 halite to move south, but only 1 halite was available
At command 5 of 5:
    3   m 6 s
    4   m 15 n
>>> 5   m 10 s


Turn 179
================================================================
warning: entity 12 was directed to use 2 halite to move south, but only 0 halite was available
At command 6 of 7:
    4   m 0 n
    5   m 10 s
>>> 6   m 12 s
    7   m 15 n


Turn 181
================================================================
warning: entity 6 was directed to use 6 halite to move south, but only 3 halite was available
At command 4 of 4:
    2   m 11 n
    3   m 12 s
>>> 4   m 6 s


Turn 182
================================================================
warning: entity 12 was directed to use 3 halite to move south, but only 0 halite was available
At command 5 of 5:
    3   m 13 e
    4   m 11 e
>>> 5   m 12 s


Turn 183
================================================================
warning: entity 13 was directed to use 1 halite to move south, but only 0 halite was available
At command 4 of 5:
    2   m 12 s
    3   m 6 s
>>> 4   m 13 s
    5   m 11 n


Turn 185
================================================================
warning: entity 15 was directed to use 2 halite to move west, but only 0 halite was available
At command 4 of 7:
    2   m 16 s
    3   m 10 w
>>> 4   m 15 w
    5   m 13 s
    6   m 12 s

warning: entity 13 was directed to use 5 halite to move south, but only 4 halite was available
At command 5 of 7:
    3   m 10 w
    4   m 15 w
>>> 5   m 13 s
    6   m 12 s
    7   m 11 n

warning: entity 12 was directed to use 4 halite to move south, but only 0 halite was available
At command 6 of 7:
    4   m 15 w
    5   m 13 s
>>> 6   m 12 s
    7   m 11 n


Turn 188
================================================================
warning: entity 12 was directed to use 9 halite to move west, but only 3 halite was available
At command 6 of 7:
    4   m 15 w
    5   m 14 n
>>> 6   m 12 w
    7   m 13 s


Turn 190
================================================================
warning: entity 13 was directed to use 6 halite to move south, but only 2 halite was available
At command 5 of 7:
    3   m 14 n
    4   m 16 n
>>> 5   m 13 s
    6   m 12 s
    7   m 8 w


Turn 192
================================================================
warning: entity 0 was directed to use 2 halite to move south, but only 1 halite was available
At command 4 of 6:
    2   m 11 e
    3   m 13 s
>>> 4   m 0 s
    5   m 8 w
    6   m 15 e


Turn 193
================================================================
warning: entity 15 was directed to use 8 halite to move west, but only 7 halite was available
At command 4 of 6:
    2   m 16 s
    3   m 0 s
>>> 4   m 15 w
    5   m 13 n
    6   m 8 w


Turn 194
================================================================
warning: entity 0 was directed to use 7 halite to move south, but only 6 halite was available
At command 6 of 7:
    4   m 16 n
    5   m 8 s
>>> 6   m 0 s
    7   m 13 s

warning: entity 13 was directed to use 7 halite to move south, but only 1 halite was available
At command 7 of 7:
    5   m 8 s
    6   m 0 s
>>> 7   m 13 s


Turn 196
================================================================
warning: entity 11 was directed to use 1 halite to move south, but only 0 halite was available
At command 4 of 5:
    2   m 14 s
    3   m 0 s
>>> 4   m 11 s
    5   m 15 w


Turn 197
================================================================
warning: entity 13 was directed to use 9 halite to move south, but only 7 halite was available
At command 4 of 7:
    2   m 16 s
    3   m 11 s
>>> 4   m 13 s
    5   m 14 s
    6   m 0 s

warning: entity 15 was directed to use 9 halite to move east, but only 6 halite was available
At command 7 of 7:
    5   m 14 s
    6   m 0 s
>>> 7   m 15 e


Turn 198
================================================================
warning: entity 11 was directed to use 5 halite to move south, but only 4 halite was available
At command 5 of 6:
    3   m 15 w
    4   m 16 s
>>> 5   m 11 s
    6   m 14 s


Turn 199
================================================================
warning: entity 14 was directed to use 1 halite to move south, but only 0 halite was available
At command 5 of 7:
    3   m 0 e
    4   m 8 s
>>> 5   m 14 s
    6   m 15 s
    7   m 16 s


Turn 202
================================================================
warning: entity 16 was directed to use 1 halite to move south, but only 0 halite was available
At command 2 of 5:
    1   m 15 w
>>> 2   m 16 s
    3   m 10 e
    4   m 8 n


Turn 204
================================================================
warning: entity 11 was directed to use 9 halite to move south, but only 0 halite was available
At command 4 of 4:
    2   m 10 n
    3   m 8 n
>>> 4   m 11 s


Turn 207
================================================================
warning: entity 8 was directed to use 2 halite to move east, but only 0 halite was available
At command 7 of 8:
    5   m 10 n
    6   m 6 n
>>> 7   m 8 e
    8   g


Turn 209
================================================================
warning: entity 8 was directed to use 8 halite to move east, but only 6 halite was available
At command 3 of 8:
    1   m 13 w
    2   m 14 e
>>> 3   m 8 e
    4   m 17 e
    5   m 18 n

warning: entity 17 was directed to use 9 halite to move east, but only 0 halite was available
At command 4 of 8:
    2   m 14 e
    3   m 8 e
>>> 4   m 17 e
    5   m 18 n
    6   m 6 n


Turn 211
================================================================
warning: entity 18 was directed to use 1 halite to move north, but only 0 halite was available
At command 6 of 6:
    4   m 19 n
    5   m 6 n
>>> 6   m 18 n


Turn 213
================================================================
warning: entity 18 was directed to use 8 halite to move north, but only 4 halite was available
At command 7 of 9:
    5   m 15 s
    6   m 8 e
>>> 7   m 18 n
    8   m 6 n
    9   g


Turn 215
================================================================
warning: entity 19 was directed to use 6 halite to move east, but only 1 halite was available
At command 6 of 9:
    4   m 17 n
    5   m 10 n
>>> 6   m 19 e
    7   m 13 e
    8   m 15 s


Turn 216
================================================================
warning: entity 10 was directed to use 1 halite to move north, but only 0 halite was available
At command 7 of 9:
    5   m 6 n
    6   m 17 n
>>> 7   m 10 n
    8   m 15 s
    9   m 20 e

warning: entity 20 was directed to use 9 halite to move east, but only 0 halite was available
At command 9 of 9:
    7   m 10 n
    8   m 15 s
>>> 9   m 20 e


Turn 218
================================================================
warning: entity 10 was directed to use 6 halite to move north, but only 4 halite was available
At command 3 of 11:
    1   m 11 n
    2   m 16 s
>>> 3   m 10 n
    4   m 0 w
    5   m 20 s

warning: entity 19 was directed to use 9 halite to move north, but only 5 halite was available
At command 6 of 11:
    4   m 0 w
    5   m 20 s
>>> 6   m 19 n
    7   m 6 e
    8   m 18 e

warning: entity 6 was directed to use 6 halite to move east, but only 0 halite was available
At command 7 of 11:
    5   m 20 s
    6   m 19 n
>>> 7   m 6 e
    8   m 18 e
    9   m 13 n

warning: entity 18 was directed to use 9 halite to move east, but only 2 halite was available
At command 8 of 11:
    6   m 19 n
    7   m 6 e
>>> 8   m 18 e
    9   m 13 n
    10   m 15 e


Turn 222
================================================================
warning: entity 10 was directed to use 4 halite to move north, but only 3 halite was available
At command 6 of 11:
    4   m 13 n
    5   m 12 n
>>> 6   m 10 n
    7   m 11 n
    8   m 6 n

warning: entity 6 was directed to use 8 halite to move north, but only 4 halite was available
At command 8 of 11:
    6   m 10 n
    7   m 11 n
>>> 8   m 6 n
    9   m 0 n
    10   m 21 n

warning: entity 21 was directed to use 4 halite to move north, but only 0 halite was available
At command 10 of 11:
    8   m 6 n
    9   m 0 n
>>> 10   m 21 n
    11   m 23 n


Turn 225
================================================================
warning: entity 23 was directed to use 5 halite to move west, but only 0 halite was available
At command 6 of 10:
    4   m 6 n
    5   m 12 s
>>> 6   m 23 w
    7   m 22 n
    8   m 0 n


Turn 226
================================================================
warning: entity 10 was directed to use 7 halite to move north, but only 2 halite was available
At command 6 of 9:
    4   m 21 n
    5   m 13 n
>>> 6   m 10 n
    7   m 12 n
    8   m 11 n


Turn 228
================================================================
warning: entity 23 was directed to use 8 halite to move north, but only 6 halite was available
At command 9 of 11:
    7   m 0 n
    8   m 24 e
>>> 9   m 23 n
    10   m 13 n
    11   m 11 e

warning: entity 13 was directed to use 3 halite to move north, but only 0 halite was available
At command 10 of 11:
    8   m 24 e
    9   m 23 n
>>> 10   m 13 n
    11   m 11 e


Turn 229
================================================================
warning: entity 24 was directed to use 5 halite to move north, but only 0 halite was available
At command 11 of 12:
    9   m 0 n
    10   m 16 n
>>> 11   m 24 n
    12   g


Turn 231
================================================================
warning: entity 13 was directed to use 4 halite to move north, but only 3 halite was available
At command 8 of 13:
    6   m 19 e
    7   m 22 e
>>> 8   m 13 n
    9   m 12 s
    10   m 0 n

warning: entity 0 was directed to use 4 halite to move north, but only 0 halite was available
At command 10 of 13:
    8   m 13 n
    9   m 12 s
>>> 10   m 0 n
    11   m 16 n
    12   m 25 n


Turn 232
================================================================
warning: entity 24 was directed to use 9 halite to move north, but only 1 halite was available
At command 11 of 14:
    9   m 15 e
    10   m 19 n
>>> 11   m 24 n
    12   m 23 n
    13   m 25 n


Turn 233
================================================================
warning: entity 23 was directed to use 7 halite to move east, but only 5 halite was available
At command 14 of 16:
    12   m 8 e
    13   m 16 n
>>> 14   m 23 e
    15   m 26 n
    16   g


Turn 234
================================================================
warning: entity 25 was directed to use 2 halite to move north, but only 0 halite was available
At command 12 of 18:
    10   m 24 n
    11   m 13 e
>>> 12   m 25 n
    13   m 17 s
    14   m 15 e

warning: entity 0 was directed to use 6 halite to move north, but only 3 halite was available
At command 16 of 18:
    14   m 15 e
    15   m 26 e
>>> 16   m 0 n
    17   m 16 n
    18   m 27 n


Turn 235
================================================================
warning: entity 26 was directed to use 4 halite to move east, but only 0 halite was available
At command 14 of 16:
    12   m 17 s
    13   m 15 n
>>> 14   m 26 e
    15   m 16 n
    16   m 27 n


Turn 236
================================================================
warning: entity 24 was directed to use 8 halite to move east, but only 4 halite was available
At command 11 of 14:
    9   m 23 e
    10   m 0 n
>>> 11   m 24 e
    12   m 12 n
    13   m 11 n


Turn 237
================================================================
warning: entity 26 was directed to use 9 halite to move south, but only 7 halite was available
At command 9 of 17:
    7   m 23 s
    8   m 0 s
>>> 9   m 26 s
    10   m 16 n
    11   m 15 n

warning: entity 25 was directed to use 3 halite to move north, but only 2 halite was available
At command 13 of 17:
    11   m 15 n
    12   m 8 s
>>> 13   m 25 n
    14   m 12 s
    15   m 11 n


Turn 238
================================================================
warning: entity 0 was directed to use 5 halite to move west, but only 3 halite was available
At command 9 of 16:
    7   m 24 n
    8   m 18 w
>>> 9   m 0 w
    10   m 23 n
    11   m 16 n

warning: entity 23 was directed to use 8 halite to move north, but only 2 halite was available
At command 10 of 16:
    8   m 18 w
    9   m 0 w
>>> 10   m 23 n
    11   m 16 n
    12   m 8 w

warning: entity 27 was directed to use 1 halite to move east, but only 0 halite was available
At command 15 of 16:
    13   m 12 n
    14   m 11 n
>>> 15   m 27 e
    16   m 28 n


Turn 240
================================================================
warning: entity 24 was directed to use 7 halite to move east, but only 6 halite was available
At command 9 of 17:
    7   m 15 n
    8   m 26 e
>>> 9   m 24 e
    10   m 27 n
    11   m 16 w

warning: entity 27 was directed to use 6 halite to move north, but only 4 halite was available
At command 10 of 17:
    8   m 26 e
    9   m 24 e
>>> 10   m 27 n
    11   m 16 w
    12   m 10 s

warning: entity 16 was directed to use 5 halite to move west, but only 0 halite was available
At command 11 of 17:
    9   m 24 e
    10   m 27 n
>>> 11   m 16 w
    12   m 10 s
    13   m 18 w


Turn 241
================================================================
warning: entity 0 was directed to use 9 halite to move west, but only 5 halite was available
At command 12 of 16:
    10   m 26 n
    11   m 28 n
>>> 12   m 0 w
    13   m 18 s
    14   m 14 n


Turn 242
================================================================
warning: entity 26 was directed to use 8 halite to move north, but only 3 halite was available
At command 7 of 12:
    5   m 16 w
    6   m 8 w
>>> 7   m 26 n
    8   m 17 n
    9   m 6 w


Turn 243
================================================================
warning: entity 16 was directed to use 7 halite to move west, but only 6 halite was available
At command 11 of 15:
    9   m 23 n
    10   m 0 w
>>> 11   m 16 w
    12   m 8 e
    13   m 6 s


Turn 244
================================================================
warning: entity 28 was directed to use 4 halite to move north, but only 3 halite was available
At command 10 of 15:
    8   m 18 s
    9   m 8 w
>>> 10   m 28 n
    11   m 25 n
    12   m 15 w

warning: entity 15 was directed to use 3 halite to move west, but only 2 halite was available
At command 12 of 15:
    10   m 28 n
    11   m 25 n
>>> 12   m 15 w
    13   m 26 e
    14   m 12 n


Turn 245
================================================================
warning: entity 25 was directed to use 7 halite to move north, but only 0 halite was available
At command 12 of 16:
    10   m 14 n
    11   m 8 s
>>> 12   m 25 n
    13   m 11 s
    14   m 26 n


Turn 246
================================================================
warning: entity 17 was directed to use 7 halite to move west, but only 0 halite was available
At command 9 of 15:
    7   m 6 w
    8   m 27 e
>>> 9   m 17 w
    10   m 18 s
    11   m 15 w

warning: entity 15 was directed to use 9 halite to move west, but only 8 halite was available
At command 11 of 15:
    9   m 17 w
    10   m 18 s
>>> 11   m 15 w
    12   m 16 n
    13   m 8 s


Turn 247
================================================================
warning: entity 28 was directed to use 8 halite to move west, but only 7 halite was available
At command 7 of 13:
    5   m 26 n
    6   m 21 s
>>> 7   m 28 w
    8   m 18 s
    9   m 25 n


Turn 248
================================================================
warning: entity 25 was directed to use 7 halite to move north, but only 6 halite was available
At command 12 of 15:
    10   m 6 s
    11   m 14 n
>>> 12   m 25 n
    13   m 21 w
    14   m 8 e


Turn 250
================================================================
warning: entity 11 was directed to use 2 halite to move south, but only 0 halite was available
At command 12 of 16:
    10   m 26 n
    11   m 20 w
>>> 12   m 11 s
    13   m 28 n
    14   m 8 e


Turn 252
================================================================
warning: entity 28 was directed to use 6 halite to move south, but only 0 halite was available
At command 13 of 15:
    11   m 20 n
    12   m 13 w
>>> 13   m 28 s
    14   m 21 s
    15   m 12 n


Turn 255
================================================================
warning: entity 17 was directed to use 8 halite to move south, but only 2 halite was available
At command 7 of 13:
    5   m 26 n
    6   m 27 e
>>> 7   m 17 s
    8   m 15 s
    9   m 13 s

warning: entity 28 was directed to use 10 halite to move east, but only 2 halite was available
At command 10 of 13:
    8   m 15 s
    9   m 13 s
>>> 10   m 28 e
    11   m 11 s
    12   m 29 s

warning: entity 11 was directed to use 8 halite to move south, but only 2 halite was available
At command 11 of 13:
    9   m 13 s
    10   m 28 e
>>> 11   m 11 s
    12   m 29 s
    13   m 12 s

warning: entity 29 was directed to use 2 halite to move south, but only 1 halite was available
At command 12 of 13:
    10   m 28 e
    11   m 11 s
>>> 12   m 29 s
    13   m 12 s


Turn 259
================================================================
warning: entity 28 was directed to use 10 halite to move west, but only 3 halite was available
At command 6 of 10:
    4   m 6 e
    5   m 13 s
>>> 6   m 28 w
    7   m 8 s
    8   m 12 n

warning: entity 8 was directed to use 3 halite to move south, but only 0 halite was available
At command 7 of 10:
    5   m 13 s
    6   m 28 w
>>> 7   m 8 s
    8   m 12 n
    9   m 17 n

warning: entity 17 was directed to use 8 halite to move north, but only 3 halite was available
At command 9 of 10:
    7   m 8 s
    8   m 12 n
>>> 9   m 17 n
    10   m 19 s


Turn 262
================================================================
warning: entity 6 was directed to use 2 halite to move south, but only 0 halite was available
At command 9 of 17:
    7   m 16 w
    8   m 21 w
>>> 9   m 6 s
    10   m 18 w
    11   m 8 s

warning: entity 18 was directed to use 7 halite to move west, but only 5 halite was available
At command 10 of 17:
    8   m 21 w
    9   m 6 s
>>> 10   m 18 w
    11   m 8 s
    12   m 29 s


Turn 264
================================================================
warning: entity 17 was directed to use 6 halite to move north, but only 0 halite was available
At command 5 of 11:
    3   m 13 s
    4   m 21 w
>>> 5   m 17 n
    6   m 6 e
    7   m 18 e

warning: entity 8 was directed to use 8 halite to move south, but only 0 halite was available
At command 8 of 11:
    6   m 6 e
    7   m 18 e
>>> 8   m 8 s
    9   m 29 n
    10   m 10 s


Turn 265
================================================================
warning: entity 6 was directed to use 9 halite to move north, but only 3 halite was available
At command 10 of 15:
    8   m 14 w
    9   m 15 w
>>> 10   m 6 n
    11   m 21 w
    12   m 12 s


Turn 266
================================================================
warning: entity 14 was directed to use 4 halite to move west, but only 0 halite was available
At command 10 of 14:
    8   m 17 w
    9   m 24 w
>>> 10   m 14 w
    11   m 15 n
    12   m 21 n

warning: entity 18 was directed to use 8 halite to move north, but only 4 halite was available
At command 14 of 14:
    12   m 21 n
    13   m 12 n
>>> 14   m 18 n


Turn 267
================================================================
warning: entity 17 was directed to use 8 halite to move west, but only 6 halite was available
At command 6 of 11:
    4   m 18 n
    5   m 0 e
>>> 6   m 17 w
    7   m 6 e
    8   m 21 n

warning: entity 21 was directed to use 9 halite to move north, but only 3 halite was available
At command 8 of 11:
    6   m 17 w
    7   m 6 e
>>> 8   m 21 n
    9   m 24 s
    10   m 23 w


Turn 269
================================================================
warning: entity 13 was directed to use 3 halite to move west, but only 0 halite was available
At command 7 of 13:
    5   m 12 w
    6   m 21 w
>>> 7   m 13 w
    8   m 6 s
    9   m 0 e


Turn 270
================================================================
warning: entity 14 was directed to use 7 halite to move north, but only 1 halite was available
At command 14 of 16:
    12   m 12 e
    13   m 24 s
>>> 14   m 14 n
    15   m 18 e
    16   m 23 s

warning: entity 18 was directed to use 8 halite to move east, but only 5 halite was available
At command 15 of 16:
    13   m 24 s
    14   m 14 n
>>> 15   m 18 e
    16   m 23 s

