
Turn 386
================================================================
warning: owned entities 11, 2, 12, 0, 14 collided on cell (8, 16) as the result of moves on this turn
At command 1 of 5:
>>> 1   m 11 e
    2   m 2 n
    3   m 12 s

Other commands that placed an entity on this cell:
    1   m 11 e
>>> 2   m 2 n
    3   m 12 s
    4   m 0 w

    1   m 11 e
    2   m 2 n
>>> 3   m 12 s
    4   m 0 w
    5   m 15 w

    2   m 2 n
    3   m 12 s
>>> 4   m 0 w
    5   m 15 w


Turn 388
================================================================
warning: entity 15 was directed to use 17 halite to move west, but only 13 halite was available
At command 5 of 5:
    3   m 13 w
    4   m 4 s
>>> 5   m 15 w

warning: owned entities 8, 13, 4 collided on cell (8, 16) as the result of moves on this turn
At command 2 of 5:
    1   m 6 n
>>> 2   m 8 n
    3   m 13 w
    4   m 4 s

Other commands that placed an entity on this cell:
    1   m 6 n
    2   m 8 n
>>> 3   m 13 w
    4   m 4 s
    5   m 15 w

    2   m 8 n
    3   m 13 w
>>> 4   m 4 s
    5   m 15 w


Turn 397
================================================================
warning: owned entities 6, 15 collided on cell (8, 16) as the result of moves on this turn
At command 1 of 1:
>>> 1   m 6 s

