
Turn 386
================================================================
warning: owned entities 0, 4, 8 collided on cell (8, 16) as the result of moves on this turn
At command 1 of 7:
>>> 1   m 0 n
    2   m 11 e
    3   m 10 e

Other commands that placed an entity on this cell:
    2   m 11 e
    3   m 10 e
>>> 4   m 4 e
    5   m 6 w
    6   m 8 w

    4   m 4 e
    5   m 6 w
>>> 6   m 8 w
    7   m 14 w


Turn 387
================================================================
warning: entity 11 was directed to use 11 halite to move east, but only 0 halite was available
At command 4 of 7:
    2   m 2 e
    3   m 13 w
>>> 4   m 11 e
    5   m 10 e
    6   m 6 n


Turn 388
================================================================
warning: owned entities 2, 13 collided on cell (8, 16) as the result of moves on this turn
At command 4 of 7:
    2   m 14 w
    3   m 12 s
>>> 4   m 2 e
    5   m 13 w
    6   m 10 e

Other commands that placed an entity on this cell:
    3   m 12 s
    4   m 2 e
>>> 5   m 13 w
    6   m 10 e
    7   m 6 w


Turn 389
================================================================
warning: entity 12 was directed to use 6 halite to move east, but only 0 halite was available
At command 3 of 5:
    1   m 11 n
    2   m 14 s
>>> 3   m 12 e
    4   m 10 e
    5   m 6 s


Turn 390
================================================================
warning: owned entities 11, 10 collided on cell (8, 16) as the result of moves on this turn
At command 2 of 5:
    1   m 12 n
>>> 2   m 11 e
    3   m 6 w
    4   m 14 w

Other commands that placed an entity on this cell:
    3   m 6 w
    4   m 14 w
>>> 5   m 10 s


Turn 393
================================================================
warning: owned entities 14, 6 collided on cell (8, 16) as the result of moves on this turn
At command 2 of 2:
    1   m 12 e
>>> 2   m 14 s

