
Turn 201
================================================================
warning: owned entities 7, 15 collided on cell (8, 15) as the result of moves on this turn
At command 7 of 11:
    5   m 6 e
    6   m 16 e
>>> 7   m 7 n
    8   m 13 n
    9   m 8 w

Other commands that placed an entity on this cell:
    9   m 8 w
    10   m 20 w
>>> 11   m 15 s


Turn 224
================================================================
warning: owned entities 6, 17 collided on cell (8, 15) as the result of moves on this turn
At command 4 of 10:
    2   m 16 w
    3   m 24 w
>>> 4   m 6 n
    5   m 12 w
    6   m 19 s

Other commands that placed an entity on this cell:
    8   m 21 n
    9   m 20 w
>>> 10   m 17 s


Turn 261
================================================================
warning: owned entities 22, 12 collided on cell (7, 16) as the result of moves on this turn
At command 1 of 7:
>>> 1   m 22 w
    2   m 12 n
    3   m 19 e

Other commands that placed an entity on this cell:
    1   m 22 w
>>> 2   m 12 n
    3   m 19 e
    4   m 9 w


Turn 278
================================================================
warning: owned entities 24, 20 collided on cell (8, 17) as the result of moves on this turn
At command 5 of 13:
    3   m 16 w
    4   m 29 e
>>> 5   m 24 s
    6   m 8 e
    7   m 30 s

Other commands that placed an entity on this cell:
    11   m 18 e
    12   m 19 e
>>> 13   m 20 n


Turn 378
================================================================
warning: owned entities 36, 35 collided on cell (8, 17) as the result of moves on this turn
At command 4 of 15:
    2   m 8 n
    3   m 29 e
>>> 4   m 36 s
    5   m 26 s
    6   m 9 n

Other commands that placed an entity on this cell:
    8   m 13 w
    9   m 28 n
>>> 10   m 35 w
    11   m 30 w
    12   m 25 s


Turn 386
================================================================
warning: owned entities 28, 27, 19 collided on cell (8, 16) as the result of moves on this turn
At command 2 of 19:
    1   m 37 s
>>> 2   m 28 s
    3   m 26 e
    4   m 27 n

Other commands that placed an entity on this cell:
    2   m 28 s
    3   m 26 e
>>> 4   m 27 n
    5   m 23 e
    6   m 34 s


Turn 387
================================================================
warning: entity 9 was directed to use 4 halite to move north, but only 3 halite was available
At command 17 of 18:
    15   m 10 n
    16   m 21 n
>>> 17   m 9 n
    18   m 18 n

warning: owned entities 29, 21 collided on cell (5, 15) as the result of moves on this turn
At command 7 of 18:
    5   m 13 n
    6   m 8 s
>>> 7   m 29 e
    8   m 23 e
    9   m 30 e

Other commands that placed an entity on this cell:
    14   m 25 e
    15   m 10 n
>>> 16   m 21 n
    17   m 9 n
    18   m 18 n

warning: owned entities 26, 31 collided on cell (8, 17) as the result of moves on this turn
At command 3 of 18:
    1   m 38 s
    2   m 37 s
>>> 3   m 26 e
    4   m 31 n
    5   m 13 n

Other commands that placed an entity on this cell:
    2   m 37 s
    3   m 26 e
>>> 4   m 31 n
    5   m 13 n
    6   m 8 s


Turn 388
================================================================
warning: entity 11 was directed to use 5 halite to move east, but only 2 halite was available
At command 9 of 13:
    7   m 30 w
    8   m 16 e
>>> 9   m 11 e
    10   m 33 w
    11   m 25 e

warning: owned entities 38, 37 collided on cell (8, 11) as the result of moves on this turn
At command 2 of 13:
    1   m 9 e
>>> 2   m 38 s
    3   m 37 e
    4   m 13 w

Other commands that placed an entity on this cell:
    1   m 9 e
    2   m 38 s
>>> 3   m 37 e
    4   m 13 w
    5   m 8 w

warning: owned entities 13, 23 collided on cell (8, 16) as the result of moves on this turn
At command 4 of 13:
    2   m 38 s
    3   m 37 e
>>> 4   m 13 w
    5   m 8 w
    6   m 34 s


Turn 391
================================================================
warning: owned entities 11, 34, 30, 18 collided on cell (8, 16) as the result of moves on this turn
At command 1 of 9:
>>> 1   m 11 e
    2   m 33 s
    3   m 34 s

Other commands that placed an entity on this cell:
    1   m 11 e
    2   m 33 s
>>> 3   m 34 s
    4   m 9 e
    5   m 30 n

    3   m 34 s
    4   m 9 e
>>> 5   m 30 n
    6   m 25 e
    7   m 8 s


Turn 392
================================================================
warning: entity 9 was directed to use 6 halite to move east, but only 1 halite was available
At command 1 of 6:
>>> 1   m 9 e
    2   m 16 n
    3   m 33 s


Turn 393
================================================================
warning: entity 25 was directed to use 2 halite to move east, but only 1 halite was available
At command 4 of 5:
    2   m 16 n
    3   m 33 s
>>> 4   m 25 e
    5   m 10 e

warning: entity 10 was directed to use 5 halite to move east, but only 0 halite was available
At command 5 of 5:
    3   m 33 s
    4   m 25 e
>>> 5   m 10 e


Turn 394
================================================================
warning: owned entities 16, 8 collided on cell (8, 16) as the result of moves on this turn
At command 4 of 5:
    2   m 10 e
    3   m 9 e
>>> 4   m 16 n
    5   m 33 s


Turn 395
================================================================
warning: entity 9 was directed to use 34 halite to move east, but only 11 halite was available
At command 3 of 4:
    1   m 10 e
    2   m 25 e
>>> 3   m 9 e
    4   m 33 s


Turn 396
================================================================
warning: owned entities 33, 25 collided on cell (8, 16) as the result of moves on this turn
At command 3 of 3:
    1   m 9 e
    2   m 10 e
>>> 3   m 33 s


Turn 397
================================================================
warning: entity 10 was directed to use 3 halite to move south, but only 2 halite was available
At command 2 of 2:
    1   m 9 s
>>> 2   m 10 s


Turn 400
================================================================
warning: entity 10 was directed to use 25 halite to move east, but only 9 halite was available
At command 1 of 1:
>>> 1   m 10 e

