
Turn 12
================================================================
warning: entity 4 was directed to use 2 halite to move north, but only 0 halite was available
At command 1 of 2:
>>> 1   m 4 n
    2   g


Turn 15
================================================================
warning: entity 4 was directed to use 9 halite to move north, but only 4 halite was available
At command 1 of 2:
>>> 1   m 4 n
    2   m 7 n


Turn 16
================================================================
warning: entity 7 was directed to use 2 halite to move north, but only 0 halite was available
At command 2 of 3:
    1   m 4 n
>>> 2   m 7 n
    3   g


Turn 19
================================================================
warning: entity 8 was directed to use 2 halite to move east, but only 0 halite was available
At command 1 of 1:
>>> 1   m 8 e


Turn 60
================================================================
warning: entity 6 was directed to use 1 halite to move east, but only 0 halite was available
At command 2 of 2:
    1   m 4 s
>>> 2   m 6 e


Turn 76
================================================================
warning: entity 7 was directed to use 1 halite to move east, but only 0 halite was available
At command 2 of 3:
    1   m 8 e
>>> 2   m 7 e
    3   m 9 s


Turn 78
================================================================
warning: entity 9 was directed to use 2 halite to move south, but only 0 halite was available
At command 5 of 5:
    3   m 7 s
    4   m 8 e
>>> 5   m 9 s


Turn 79
================================================================
warning: entity 7 was directed to use 6 halite to move south, but only 2 halite was available
At command 4 of 4:
    2   m 4 s
    3   m 8 w
>>> 4   m 7 s


Turn 94
================================================================
warning: entity 6 was directed to use 1 halite to move east, but only 0 halite was available
At command 1 of 1:
>>> 1   m 6 e


Turn 143
================================================================
warning: entity 9 was directed to use 11 halite to move north, but only 0 halite was available
At command 2 of 2:
    1   m 4 e
>>> 2   m 9 n


Turn 161
================================================================
warning: owned entities 12, 6 collided on cell (8, 15) as the result of moves on this turn
At command 1 of 3:
>>> 1   m 12 n
    2   m 6 s
    3   m 9 s

Other commands that placed an entity on this cell:
    1   m 12 n
>>> 2   m 6 s
    3   m 9 s


Turn 204
================================================================
warning: entity 10 was directed to use 4 halite to move north, but only 0 halite was available
At command 4 of 5:
    2   m 14 w
    3   m 8 s
>>> 4   m 10 n
    5   m 4 n


Turn 211
================================================================
warning: entity 11 was directed to use 1 halite to move north, but only 0 halite was available
At command 2 of 4:
    1   m 14 n
>>> 2   m 11 n
    3   m 7 e
    4   m 4 s


Turn 277
================================================================
warning: entity 7 was directed to use 7 halite to move north, but only 5 halite was available
At command 2 of 6:
    1   m 4 n
>>> 2   m 7 n
    3   m 11 s
    4   m 16 s


Turn 288
================================================================
warning: owned entities 14, 8 collided on cell (7, 16) as the result of moves on this turn
At command 1 of 5:
>>> 1   m 14 w
    2   m 8 s
    3   m 4 s

Other commands that placed an entity on this cell:
    1   m 14 w
>>> 2   m 8 s
    3   m 4 s
    4   m 10 w


Turn 294
================================================================
warning: owned entities 10, 13 collided on cell (8, 17) as the result of moves on this turn
At command 1 of 6:
>>> 1   m 10 s
    2   m 9 w
    3   m 7 n

Other commands that placed an entity on this cell:
    4   m 11 s
    5   m 4 n
>>> 6   m 13 n


Turn 317
================================================================
warning: entity 9 was directed to use 2 halite to move north, but only 0 halite was available
At command 3 of 5:
    1   m 15 n
    2   m 7 s
>>> 3   m 9 n
    4   m 4 s
    5   m 11 n


Turn 336
================================================================
warning: entity 7 was directed to use 5 halite to move north, but only 2 halite was available
At command 3 of 6:
    1   m 4 n
    2   m 15 s
>>> 3   m 7 n
    4   m 16 s
    5   m 11 n


Turn 341
================================================================
warning: owned entities 16, 15 collided on cell (8, 15) as the result of moves on this turn
At command 1 of 5:
>>> 1   m 16 n
    2   m 17 w
    3   m 4 s

Other commands that placed an entity on this cell:
    3   m 4 s
    4   m 11 n
>>> 5   m 15 s

