
Turn 386
================================================================
warning: owned entities 13, 12, 0, 7, 9 collided on cell (8, 16) as the result of moves on this turn
At command 1 of 4:
>>> 1   m 13 s
    2   m 12 w
    3   m 0 e

Other commands that placed an entity on this cell:
    1   m 13 s
>>> 2   m 12 w
    3   m 0 e
    4   m 7 n

    1   m 13 s
    2   m 12 w
>>> 3   m 0 e
    4   m 7 n

    2   m 12 w
    3   m 0 e
>>> 4   m 7 n


Turn 388
================================================================
warning: owned entities 14, 6, 10 collided on cell (8, 16) as the result of moves on this turn
At command 2 of 7:
    1   m 16 n
>>> 2   m 14 w
    3   m 6 s
    4   m 8 e

Other commands that placed an entity on this cell:
    1   m 16 n
    2   m 14 w
>>> 3   m 6 s
    4   m 8 e
    5   m 15 w

    4   m 8 e
    5   m 15 w
>>> 6   m 10 n
    7   m 11 s


Turn 391
================================================================
warning: owned entities 16, 8, 11 collided on cell (8, 16) as the result of moves on this turn
At command 1 of 4:
>>> 1   m 16 e
    2   m 8 s
    3   m 11 w

Other commands that placed an entity on this cell:
    1   m 16 e
>>> 2   m 8 s
    3   m 11 w
    4   m 15 e

    1   m 16 e
    2   m 8 s
>>> 3   m 11 w
    4   m 15 e

