
Turn 3
================================================================
warning: entity 1 was directed to use 3 halite to move west, but only 0 halite was available
At command 1 of 2:
>>> 1   m 1 w
    2   g


Turn 5
================================================================
warning: entity 3 was directed to use 5 halite to move south, but only 0 halite was available
At command 2 of 3:
    1   m 1 o
>>> 2   m 3 s
    3   g


Turn 7
================================================================
warning: entity 5 was directed to use 2 halite to move north, but only 0 halite was available
At command 3 of 4:
    1   m 1 o
    2   m 3 w
>>> 3   m 5 n
    4   g


Turn 9
================================================================
warning: entity 7 was directed to use 3 halite to move west, but only 0 halite was available
At command 4 of 4:
    2   m 3 s
    3   m 5 n
>>> 4   m 7 w


Turn 10
================================================================
warning: entity 3 was directed to use 8 halite to move east, but only 4 halite was available
At command 3 of 5:
    1   m 1 s
    2   m 7 e
>>> 3   m 3 e
    4   m 5 e
    5   g

warning: entity 5 was directed to use 2 halite to move east, but only 0 halite was available
At command 4 of 5:
    2   m 7 e
    3   m 3 e
>>> 4   m 5 e
    5   g

warning: owned entities 1, 5 collided on cell (23, 15) as the result of moves on this turn
At command 1 of 5:
>>> 1   m 1 s
    2   m 7 e
    3   m 3 e


Turn 13
================================================================
warning: owned entities 7, 3 collided on cell (23, 18) as the result of moves on this turn
At command 1 of 3:
>>> 1   m 7 w
    2   m 9 o
    3   m 3 s

Other commands that placed an entity on this cell:
    1   m 7 w
    2   m 9 o
>>> 3   m 3 s


Turn 18
================================================================
warning: entity 9 was directed to use 2 halite to move north, but only 0 halite was available
At command 1 of 1:
>>> 1   m 9 n

