
Turn 3
================================================================
warning: entity 1 was directed to use 1 halite to move east, but only 0 halite was available
At command 1 of 2:
>>> 1   m 1 e
    2   g


Turn 5
================================================================
warning: entity 2 was directed to use 5 halite to move east, but only 0 halite was available
At command 2 of 2:
    1   m 1 e
>>> 2   m 2 e


Turn 6
================================================================
warning: spawn on cell (23, 16) collided with owned entity 1 on that cell
At command 3 of 3:
    1   m 2 w
    2   m 1 w
>>> 3   g


Turn 9
================================================================
warning: entity 2 was directed to use 9 halite to move north, but only 0 halite was available
At command 1 of 3:
>>> 1   m 2 n
    2   m 3 w
    3   g

warning: entity 3 was directed to use 3 halite to move west, but only 0 halite was available
At command 2 of 3:
    1   m 2 n
>>> 2   m 3 w
    3   g


Turn 14
================================================================
warning: entity 3 was directed to use 7 halite to move west, but only 0 halite was available
At command 1 of 3:
>>> 1   m 3 w
    2   m 2 e
    3   m 4 s


Turn 17
================================================================
warning: entity 4 was directed to use 3 halite to move north, but only 0 halite was available
At command 3 of 3:
    1   m 2 o
    2   m 3 s
>>> 3   m 4 n


Turn 19
================================================================
warning: entity 3 was directed to use 5 halite to move east, but only 4 halite was available
At command 3 of 3:
    1   m 2 w
    2   m 4 e
>>> 3   m 3 e


Turn 21
================================================================
warning: entity 4 was directed to use 3 halite to move east, but only 2 halite was available
At command 3 of 3:
    1   m 3 o
    2   m 2 n
>>> 3   m 4 e


Turn 26
================================================================
warning: entity 4 was directed to use 2 halite to move south, but only 1 halite was available
At command 3 of 3:
    1   m 2 s
    2   m 3 n
>>> 3   m 4 s


Turn 28
================================================================
warning: entity 4 was directed to use 8 halite to move south, but only 6 halite was available
At command 1 of 3:
>>> 1   m 4 s
    2   m 3 s
    3   m 2 w


Turn 36
================================================================
warning: entity 3 was directed to use 3 halite to move west, but only 0 halite was available
At command 3 of 3:
    1   m 4 n
    2   m 2 n
>>> 3   m 3 w


Turn 38
================================================================
warning: entity 3 was directed to use 9 halite to move west, but only 6 halite was available
At command 1 of 3:
>>> 1   m 3 w
    2   m 4 w
    3   m 2 n


Turn 53
================================================================
warning: entity 4 was directed to use 7 halite to move east, but only 2 halite was available
At command 3 of 3:
    1   m 2 s
    2   m 3 s
>>> 3   m 4 e


Turn 55
================================================================
warning: owned entities 3, 2 collided on cell (24, 17) as the result of moves on this turn
At command 1 of 3:
>>> 1   m 3 s
    2   m 4 s
    3   m 2 n

Other commands that placed an entity on this cell:
    1   m 3 s
    2   m 4 s
>>> 3   m 2 n


Turn 57
================================================================
warning: entity 4 was directed to use 7 halite to move west, but only 5 halite was available
At command 1 of 1:
>>> 1   m 4 w


Turn 72
================================================================
warning: entity 4 was directed to use 7 halite to move north, but only 6 halite was available
At command 1 of 1:
>>> 1   m 4 n


Turn 79
================================================================
warning: entity 4 was directed to use 8 halite to move east, but only 3 halite was available
At command 1 of 1:
>>> 1   m 4 e


Turn 91
================================================================
warning: entity 4 was directed to use 2 halite to move north, but only 1 halite was available
At command 1 of 1:
>>> 1   m 4 n


Turn 97
================================================================
warning: entity 4 was directed to use 6 halite to move west, but only 0 halite was available
At command 1 of 1:
>>> 1   m 4 w


Turn 103
================================================================
warning: entity 4 was directed to use 3 halite to move south, but only 1 halite was available
At command 1 of 1:
>>> 1   m 4 s


Turn 107
================================================================
warning: entity 4 was directed to use 3 halite to move east, but only 0 halite was available
At command 1 of 1:
>>> 1   m 4 e


Turn 120
================================================================
warning: entity 4 was directed to use 8 halite to move west, but only 7 halite was available
At command 1 of 1:
>>> 1   m 4 w


Turn 128
================================================================
warning: entity 4 was directed to use 4 halite to move south, but only 0 halite was available
At command 1 of 1:
>>> 1   m 4 s


Turn 131
================================================================
warning: entity 4 was directed to use 8 halite to move west, but only 2 halite was available
At command 1 of 1:
>>> 1   m 4 w


Turn 138
================================================================
warning: entity 4 was directed to use 6 halite to move north, but only 2 halite was available
At command 1 of 1:
>>> 1   m 4 n


Turn 144
================================================================
warning: entity 4 was directed to use 3 halite to move north, but only 0 halite was available
At command 1 of 1:
>>> 1   m 4 n


Turn 148
================================================================
warning: entity 4 was directed to use 3 halite to move west, but only 1 halite was available
At command 1 of 1:
>>> 1   m 4 w


Turn 152
================================================================
warning: entity 4 was directed to use 3 halite to move north, but only 2 halite was available
At command 1 of 1:
>>> 1   m 4 n


Turn 155
================================================================
warning: entity 4 was directed to use 2 halite to move east, but only 0 halite was available
At command 1 of 1:
>>> 1   m 4 e


Turn 158
================================================================
warning: entity 4 was directed to use 9 halite to move west, but only 3 halite was available
At command 1 of 1:
>>> 1   m 4 w


Turn 166
================================================================
warning: entity 4 was directed to use 9 halite to move north, but only 1 halite was available
At command 1 of 1:
>>> 1   m 4 n


Turn 173
================================================================
warning: entity 4 was directed to use 6 halite to move north, but only 5 halite was available
At command 1 of 1:
>>> 1   m 4 n


Turn 178
================================================================
warning: entity 4 was directed to use 8 halite to move south, but only 0 halite was available
At command 1 of 1:
>>> 1   m 4 s


Turn 202
================================================================
warning: entity 4 was directed to use 8 halite to move east, but only 2 halite was available
At command 1 of 1:
>>> 1   m 4 e


Turn 210
================================================================
warning: entity 4 was directed to use 2 halite to move west, but only 1 halite was available
At command 1 of 1:
>>> 1   m 4 w


Turn 222
================================================================
warning: entity 4 was directed to use 3 halite to move east, but only 1 halite was available
At command 1 of 1:
>>> 1   m 4 e


Turn 229
================================================================
warning: entity 4 was directed to use 3 halite to move east, but only 0 halite was available
At command 1 of 1:
>>> 1   m 4 e


Turn 236
================================================================
warning: entity 4 was directed to use 6 halite to move south, but only 0 halite was available
At command 1 of 1:
>>> 1   m 4 s


Turn 241
================================================================
warning: entity 4 was directed to use 8 halite to move south, but only 4 halite was available
At command 1 of 1:
>>> 1   m 4 s


Turn 252
================================================================
warning: entity 4 was directed to use 4 halite to move west, but only 2 halite was available
At command 1 of 1:
>>> 1   m 4 w


Turn 256
================================================================
warning: entity 4 was directed to use 6 halite to move west, but only 4 halite was available
At command 1 of 1:
>>> 1   m 4 w

