
Turn 5
================================================================
warning: owned entities 1, 2 collided on cell (22, 16) as the result of moves on this turn
At command 1 of 3:
>>> 1   m 1 n
    2   m 2 o
    3   g


Turn 7
================================================================
warning: entity 3 was directed to use 8 halite to move east, but only 0 halite was available
At command 1 of 2:
>>> 1   m 3 e
    2   g


Turn 9
================================================================
warning: entity 4 was directed to use 6 halite to move south, but only 0 halite was available
At command 2 of 3:
    1   m 3 o
>>> 2   m 4 s
    3   g


Turn 11
================================================================
warning: entity 5 was directed to use 9 halite to move north, but only 0 halite was available
At command 3 of 3:
    1   m 3 s
    2   m 4 o
>>> 3   m 5 n


Turn 15
================================================================
warning: entity 5 was directed to use 8 halite to move west, but only 3 halite was available
At command 3 of 3:
    1   m 4 e
    2   m 3 o
>>> 3   m 5 w


Turn 64
================================================================
warning: entity 5 was directed to use 4 halite to move east, but only 0 halite was available
At command 3 of 3:
    1   m 3 w
    2   m 4 o
>>> 3   m 5 e

