
Turn 4
================================================================
warning: owned entities 2, 1 collided on cell (22, 16) as the result of moves on this turn
At command 2 of 2:
    1   m 1 o
>>> 2   m 2 w


Turn 12
================================================================
warning: entity 4 was directed to use 7 halite to move west, but only 0 halite was available
At command 3 of 3:
    1   m 5 o
    2   m 3 w
>>> 3   m 4 w

warning: owned entities 3, 5 collided on cell (22, 16) as the result of moves on this turn
At command 2 of 3:
    1   m 5 o
>>> 2   m 3 w
    3   m 4 w


Turn 69
================================================================
warning: entity 4 was directed to use 5 halite to move east, but only 0 halite was available
At command 1 of 2:
>>> 1   m 4 e
    2   g


Turn 71
================================================================
warning: entity 6 was directed to use 8 halite to move north, but only 0 halite was available
At command 2 of 2:
    1   m 4 n
>>> 2   m 6 n


Turn 72
================================================================
warning: entity 4 was directed to use 4 halite to move south, but only 0 halite was available
At command 2 of 2:
    1   m 6 s
>>> 2   m 4 s


Turn 75
================================================================
warning: entity 4 was directed to use 3 halite to move north, but only 0 halite was available
At command 1 of 2:
>>> 1   m 4 n
    2   m 6 e

warning: entity 6 was directed to use 6 halite to move east, but only 2 halite was available
At command 2 of 2:
    1   m 4 n
>>> 2   m 6 e


Turn 93
================================================================
warning: entity 4 was directed to use 9 halite to move east, but only 0 halite was available
At command 2 of 2:
    1   m 6 s
>>> 2   m 4 e


Turn 190
================================================================
warning: owned entities 4, 6 collided on cell (27, 9) as the result of moves on this turn
At command 1 of 2:
>>> 1   m 4 w
    2   m 6 o

