
Turn 386
================================================================
warning: owned entities 8, 11 collided on cell (8, 16) as the result of moves on this turn
At command 5 of 7:
    3   m 4 n
    4   m 0 s
>>> 5   m 8 e
    6   m 11 s
    7   m 6 w

Other commands that placed an entity on this cell:
    4   m 0 s
    5   m 8 e
>>> 6   m 11 s
    7   m 6 w


Turn 387
================================================================
warning: entity 4 was directed to use 3 halite to move west, but only 1 halite was available
At command 3 of 5:
    1   m 2 n
    2   m 10 w
>>> 3   m 4 w
    4   m 6 n
    5   m 0 n


Turn 389
================================================================
warning: entity 2 was directed to use 32 halite to move west, but only 19 halite was available
At command 2 of 5:
    1   m 4 w
>>> 2   m 2 w
    3   m 10 w
    4   m 0 e


Turn 393
================================================================
warning: entity 4 was directed to use 3 halite to move west, but only 0 halite was available
At command 4 of 4:
    2   m 0 e
    3   m 6 n
>>> 4   m 4 w

warning: owned entities 6, 10 collided on cell (8, 16) as the result of moves on this turn
At command 3 of 4:
    1   m 2 w
    2   m 0 e
>>> 3   m 6 n
    4   m 4 w


Turn 397
================================================================
warning: owned entities 2, 4 collided on cell (8, 16) as the result of moves on this turn
At command 1 of 2:
>>> 1   m 2 s
    2   m 0 e

