
Turn 386
================================================================
warning: entity 10 was directed to use 4 halite to move east, but only 0 halite was available
At command 13 of 26:
    11   m 15 e
    12   m 6 s
>>> 13   m 10 e
    14   m 32 e
    15   m 33 s

warning: entity 22 was directed to use 2 halite to move east, but only 0 halite was available
At command 16 of 26:
    14   m 32 e
    15   m 33 s
>>> 16   m 22 e
    17   m 14 e
    18   m 23 e

warning: entity 30 was directed to use 6 halite to move west, but only 1 halite was available
At command 24 of 26:
    22   m 16 n
    23   m 9 e
>>> 24   m 30 w
    25   m 35 e
    26   m 25 e

warning: owned entities 28, 29 collided on cell (8, 16) as the result of moves on this turn
At command 1 of 26:
>>> 1   m 28 w
    2   m 36 e
    3   m 31 w


Turn 387
================================================================
warning: entity 14 was directed to use 8 halite to move east, but only 1 halite was available
At command 22 of 26:
    20   m 15 e
    21   m 33 s
>>> 22   m 14 e
    23   m 23 e
    24   m 24 e


Turn 388
================================================================
warning: entity 24 was directed to use 4 halite to move east, but only 2 halite was available
At command 24 of 25:
    22   m 15 e
    23   m 23 e
>>> 24   m 24 e
    25   m 35 s

warning: owned entities 13, 22, 19 collided on cell (8, 16) as the result of moves on this turn
At command 5 of 25:
    3   m 17 s
    4   m 25 n
>>> 5   m 13 w
    6   m 33 s
    7   m 10 e

Other commands that placed an entity on this cell:
    8   m 34 e
    9   m 31 w
>>> 10   m 22 e
    11   m 21 e
    12   m 36 e

    18   m 8 w
    19   m 32 e
>>> 20   m 19 n
    21   m 18 s
    22   m 15 e


Turn 389
================================================================
warning: entity 36 was directed to use 2 halite to move north, but only 1 halite was available
At command 4 of 21:
    2   m 6 e
    3   m 24 s
>>> 4   m 36 n
    5   m 34 n
    6   m 14 n

warning: entity 18 was directed to use 9 halite to move south, but only 1 halite was available
At command 19 of 21:
    17   m 35 e
    18   m 32 e
>>> 19   m 18 s
    20   m 15 e
    21   m 23 e


Turn 390
================================================================
warning: entity 30 was directed to use 6 halite to move west, but only 0 halite was available
At command 8 of 18:
    6   m 6 s
    7   m 27 w
>>> 8   m 30 w
    9   m 24 e
    10   m 9 e

warning: entity 26 was directed to use 9 halite to move west, but only 2 halite was available
At command 15 of 18:
    13   m 16 n
    14   m 21 s
>>> 15   m 26 w
    16   m 35 e
    17   m 15 e

warning: entity 15 was directed to use 49 halite to move east, but only 44 halite was available
At command 17 of 18:
    15   m 26 w
    16   m 35 e
>>> 17   m 15 e
    18   m 23 s

warning: owned entities 27, 16, 10 collided on cell (8, 16) as the result of moves on this turn
At command 7 of 18:
    5   m 25 e
    6   m 6 s
>>> 7   m 27 w
    8   m 30 w
    9   m 24 e

Other commands that placed an entity on this cell:
    11   m 34 e
    12   m 14 e
>>> 13   m 16 n
    14   m 21 s
    15   m 26 w


Turn 391
================================================================
warning: entity 14 was directed to use 6 halite to move east, but only 3 halite was available
At command 18 of 19:
    16   m 9 e
    17   m 34 e
>>> 18   m 14 e
    19   m 35 e


Turn 392
================================================================
warning: entity 24 was directed to use 3 halite to move east, but only 2 halite was available
At command 12 of 14:
    10   m 9 e
    11   m 15 e
>>> 12   m 24 e
    13   m 18 s
    14   m 23 e

warning: owned entities 8, 0, 7, 36 collided on cell (8, 16) as the result of moves on this turn
At command 3 of 14:
    1   m 21 s
    2   m 14 e
>>> 3   m 8 s
    4   m 0 w
    5   m 33 s

Other commands that placed an entity on this cell:
    2   m 14 e
    3   m 8 s
>>> 4   m 0 w
    5   m 33 s
    6   m 17 w

    7   m 30 w
    8   m 26 w
>>> 9   m 7 n
    10   m 9 e
    11   m 15 e


Turn 394
================================================================
warning: owned entities 33, 6, 32, 21 collided on cell (8, 16) as the result of moves on this turn
At command 1 of 15:
>>> 1   m 33 s
    2   m 6 w
    3   m 25 e

Other commands that placed an entity on this cell:
    1   m 33 s
>>> 2   m 6 w
    3   m 25 e
    4   m 31 w

    5   m 23 e
    6   m 35 s
>>> 7   m 32 n
    8   m 24 e
    9   m 34 s


Turn 395
================================================================
warning: entity 30 was directed to use 2 halite to move west, but only 1 halite was available
At command 10 of 13:
    8   m 34 e
    9   m 9 e
>>> 10   m 30 w
    11   m 14 n
    12   m 15 e


Turn 396
================================================================
warning: entity 24 was directed to use 7 halite to move east, but only 3 halite was available
At command 3 of 11:
    1   m 30 w
    2   m 23 e
>>> 3   m 24 e
    4   m 17 w
    5   m 18 s

warning: entity 15 was directed to use 26 halite to move south, but only 2 halite was available
At command 11 of 11:
    9   m 31 s
    10   m 14 n
>>> 11   m 15 s

warning: owned entities 17, 34 collided on cell (8, 16) as the result of moves on this turn
At command 4 of 11:
    2   m 23 e
    3   m 24 e
>>> 4   m 17 w
    5   m 18 s
    6   m 25 s


Turn 398
================================================================
warning: owned entities 26, 35, 31 collided on cell (8, 16) as the result of moves on this turn
At command 3 of 9:
    1   m 15 n
    2   m 24 e
>>> 3   m 26 w
    4   m 30 w
    5   m 35 e

Other commands that placed an entity on this cell:
    3   m 26 w
    4   m 30 w
>>> 5   m 35 e
    6   m 23 e
    7   m 18 s


Turn 399
================================================================
warning: owned entities 18, 30 collided on cell (8, 16) as the result of moves on this turn
At command 3 of 8:
    1   m 14 e
    2   m 9 n
>>> 3   m 18 s
    4   m 24 e
    5   m 15 n

Other commands that placed an entity on this cell:
    4   m 24 e
    5   m 15 n
>>> 6   m 30 n
    7   m 23 e
    8   m 25 s

