
Turn 9
================================================================
warning: entity 3 was directed to use 9 halite to move south, but only 0 halite was available
At command 4 of 4:
    2   m 2 o
    3   m 0 s
>>> 4   m 3 s


Turn 11
================================================================
warning: owned entities 1, 3 collided on cell (22, 15) as the result of moves on this turn
At command 1 of 5:
>>> 1   m 1 n
    2   m 2 o
    3   m 0 o

warning: owned entities 5, 2 collided on cell (24, 16) as the result of moves on this turn
At command 5 of 5:
    3   m 0 o
    4   m 3 o
>>> 5   m 5 e


Turn 44
================================================================
warning: entity 10 was directed to use 7 halite to move south, but only 0 halite was available
At command 2 of 2:
    1   m 0 o
>>> 2   m 10 s

