
Turn 3
================================================================
warning: entity 1 was directed to use 5 halite to move west, but only 0 halite was available
At command 1 of 2:
>>> 1   m 1 w
    2   g


Turn 5
================================================================
warning: entity 2 was directed to use 3 halite to move north, but only 0 halite was available
At command 2 of 2:
    1   m 1 n
>>> 2   m 2 n


Turn 6
================================================================
warning: entity 1 was directed to use 5 halite to move east, but only 0 halite was available
At command 2 of 3:
    1   m 2 s
>>> 2   m 1 e
    3   g


Turn 8
================================================================
warning: entity 3 was directed to use 3 halite to move west, but only 0 halite was available
At command 3 of 3:
    1   m 1 e
    2   m 2 o
>>> 3   m 3 w


Turn 9
================================================================
warning: entity 1 was directed to use 3 halite to move west, but only 0 halite was available
At command 3 of 4:
    1   m 2 s
    2   m 3 e
>>> 3   m 1 w
    4   g


Turn 11
================================================================
warning: entity 4 was directed to use 2 halite to move east, but only 0 halite was available
At command 4 of 5:
    2   m 3 s
    3   m 1 o
>>> 4   m 4 e
    5   g

warning: owned entities 3, 4 collided on cell (24, 16) as the result of moves on this turn
At command 2 of 5:
    1   m 2 o
>>> 2   m 3 s
    3   m 1 o
    4   m 4 e


Turn 13
================================================================
warning: entity 5 was directed to use 5 halite to move north, but only 0 halite was available
At command 3 of 3:
    1   m 2 s
    2   m 1 n
>>> 3   m 5 n

warning: owned entities 1, 5 collided on cell (24, 16) as the result of moves on this turn
At command 2 of 3:
    1   m 2 s
>>> 2   m 1 n
    3   m 5 n

